<?xml version="1.0" encoding="UTF-8"?>
<coverage generated="1665381014464" clover="3.2.0">
  <project timestamp="1665381014465" name="All files">
    <metrics statements="457" coveredstatements="457" conditionals="486" coveredconditionals="481" methods="118" coveredmethods="118" elements="1061" coveredelements="1056" complexity="0" loc="457" ncloc="457" packages="3" files="68" classes="68"/>
    <package name="1_NUMBER">
      <metrics statements="84" coveredstatements="84" conditionals="90" coveredconditionals="90" methods="14" coveredmethods="14"/>
      <file name="NUMBER-01.js" path="C:\Users\Admin\Desktop\OneDrive\CodeItems\2_FullStack\3_JavaScript\javascript-course-pdfs\11_Pratice\Practice_Solution\1_NUMBER\NUMBER-01.js">
        <metrics statements="11" coveredstatements="11" conditionals="12" coveredconditionals="12" methods="2" coveredmethods="2"/>
        <line num="2" count="15" type="cond" truecount="4" falsecount="0"/>
        <line num="3" count="4" type="stmt"/>
        <line num="4" count="4" type="stmt"/>
        <line num="5" count="7" type="cond" truecount="2" falsecount="0"/>
        <line num="7" count="1" type="stmt"/>
        <line num="11" count="15" type="cond" truecount="4" falsecount="0"/>
        <line num="12" count="4" type="stmt"/>
        <line num="13" count="8" type="stmt"/>
        <line num="14" count="8" type="stmt"/>
        <line num="15" count="8" type="cond" truecount="2" falsecount="0"/>
        <line num="17" count="1" type="stmt"/>
      </file>
      <file name="NUMBER-02.js" path="C:\Users\Admin\Desktop\OneDrive\CodeItems\2_FullStack\3_JavaScript\javascript-course-pdfs\11_Pratice\Practice_Solution\1_NUMBER\NUMBER-02.js">
        <metrics statements="11" coveredstatements="11" conditionals="12" coveredconditionals="12" methods="2" coveredmethods="2"/>
        <line num="2" count="15" type="cond" truecount="4" falsecount="0"/>
        <line num="3" count="4" type="stmt"/>
        <line num="4" count="4" type="stmt"/>
        <line num="5" count="10" type="cond" truecount="2" falsecount="0"/>
        <line num="7" count="1" type="stmt"/>
        <line num="11" count="16" type="cond" truecount="4" falsecount="0"/>
        <line num="12" count="5" type="stmt"/>
        <line num="13" count="13" type="stmt"/>
        <line num="14" count="13" type="stmt"/>
        <line num="15" count="13" type="cond" truecount="2" falsecount="0"/>
        <line num="17" count="2" type="stmt"/>
      </file>
      <file name="NUMBER-03.js" path="C:\Users\Admin\Desktop\OneDrive\CodeItems\2_FullStack\3_JavaScript\javascript-course-pdfs\11_Pratice\Practice_Solution\1_NUMBER\NUMBER-03.js">
        <metrics statements="11" coveredstatements="11" conditionals="16" coveredconditionals="16" methods="2" coveredmethods="2"/>
        <line num="2" count="17" type="cond" truecount="6" falsecount="0"/>
        <line num="3" count="4" type="stmt"/>
        <line num="4" count="4" type="stmt"/>
        <line num="5" count="9" type="cond" truecount="2" falsecount="0"/>
        <line num="7" count="1" type="stmt"/>
        <line num="11" count="17" type="cond" truecount="6" falsecount="0"/>
        <line num="12" count="4" type="stmt"/>
        <line num="13" count="7" type="stmt"/>
        <line num="14" count="7" type="stmt"/>
        <line num="15" count="7" type="cond" truecount="2" falsecount="0"/>
        <line num="17" count="1" type="stmt"/>
      </file>
      <file name="NUMBER-04.js" path="C:\Users\Admin\Desktop\OneDrive\CodeItems\2_FullStack\3_JavaScript\javascript-course-pdfs\11_Pratice\Practice_Solution\1_NUMBER\NUMBER-04.js">
        <metrics statements="5" coveredstatements="5" conditionals="8" coveredconditionals="8" methods="1" coveredmethods="1"/>
        <line num="2" count="7" type="cond" truecount="4" falsecount="0"/>
        <line num="3" count="5" type="cond" truecount="2" falsecount="0"/>
        <line num="4" count="4" type="stmt"/>
        <line num="5" count="8" type="cond" truecount="2" falsecount="0"/>
        <line num="7" count="2" type="stmt"/>
      </file>
      <file name="NUMBER-05.js" path="C:\Users\Admin\Desktop\OneDrive\CodeItems\2_FullStack\3_JavaScript\javascript-course-pdfs\11_Pratice\Practice_Solution\1_NUMBER\NUMBER-05.js">
        <metrics statements="2" coveredstatements="2" conditionals="4" coveredconditionals="4" methods="1" coveredmethods="1"/>
        <line num="2" count="12" type="cond" truecount="4" falsecount="0"/>
        <line num="3" count="9" type="stmt"/>
      </file>
      <file name="NUMBER-06.js" path="C:\Users\Admin\Desktop\OneDrive\CodeItems\2_FullStack\3_JavaScript\javascript-course-pdfs\11_Pratice\Practice_Solution\1_NUMBER\NUMBER-06.js">
        <metrics statements="8" coveredstatements="8" conditionals="10" coveredconditionals="10" methods="1" coveredmethods="1"/>
        <line num="2" count="11" type="cond" truecount="4" falsecount="0"/>
        <line num="3" count="9" type="stmt"/>
        <line num="4" count="9" type="stmt"/>
        <line num="5" count="59" type="cond" truecount="2" falsecount="0"/>
        <line num="6" count="25" type="stmt"/>
        <line num="7" count="25" type="cond" truecount="4" falsecount="0"/>
        <line num="8" count="14" type="stmt"/>
        <line num="12" count="9" type="stmt"/>
      </file>
      <file name="NUMBER-07.js" path="C:\Users\Admin\Desktop\OneDrive\CodeItems\2_FullStack\3_JavaScript\javascript-course-pdfs\11_Pratice\Practice_Solution\1_NUMBER\NUMBER-07.js">
        <metrics statements="14" coveredstatements="14" conditionals="12" coveredconditionals="12" methods="2" coveredmethods="2"/>
        <line num="2" count="19" type="cond" truecount="4" falsecount="0"/>
        <line num="3" count="17" type="cond" truecount="2" falsecount="0"/>
        <line num="4" count="9" type="stmt"/>
        <line num="5" count="9" type="stmt"/>
        <line num="6" count="9" type="stmt"/>
        <line num="7" count="9" type="stmt"/>
        <line num="11" count="19" type="cond" truecount="4" falsecount="0"/>
        <line num="12" count="17" type="cond" truecount="2" falsecount="0"/>
        <line num="13" count="9" type="stmt"/>
        <line num="14" count="9" type="stmt"/>
        <line num="15" count="9" type="stmt"/>
        <line num="16" count="30" type="stmt"/>
        <line num="17" count="30" type="stmt"/>
        <line num="19" count="9" type="stmt"/>
      </file>
      <file name="NUMBER-08.js" path="C:\Users\Admin\Desktop\OneDrive\CodeItems\2_FullStack\3_JavaScript\javascript-course-pdfs\11_Pratice\Practice_Solution\1_NUMBER\NUMBER-08.js">
        <metrics statements="13" coveredstatements="13" conditionals="8" coveredconditionals="8" methods="2" coveredmethods="2"/>
        <line num="2" count="7" type="cond" truecount="4" falsecount="0"/>
        <line num="3" count="5" type="stmt"/>
        <line num="4" count="5" type="stmt"/>
        <line num="5" count="17" type="stmt"/>
        <line num="6" count="17" type="stmt"/>
        <line num="8" count="5" type="stmt"/>
        <line num="9" count="5" type="stmt"/>
        <line num="13" count="7" type="cond" truecount="4" falsecount="0"/>
        <line num="14" count="5" type="stmt"/>
        <line num="15" count="5" type="stmt"/>
        <line num="16" count="5" type="stmt"/>
        <line num="17" count="17" type="stmt"/>
        <line num="19" count="5" type="stmt"/>
      </file>
      <file name="NUMBER-09.js" path="C:\Users\Admin\Desktop\OneDrive\CodeItems\2_FullStack\3_JavaScript\javascript-course-pdfs\11_Pratice\Practice_Solution\1_NUMBER\NUMBER-09.js">
        <metrics statements="9" coveredstatements="9" conditionals="8" coveredconditionals="8" methods="1" coveredmethods="1"/>
        <line num="2" count="9" type="cond" truecount="6" falsecount="0"/>
        <line num="3" count="5" type="stmt"/>
        <line num="4" count="5" type="stmt"/>
        <line num="5" count="5" type="stmt"/>
        <line num="6" count="9" type="stmt"/>
        <line num="7" count="9" type="cond" truecount="2" falsecount="0"/>
        <line num="8" count="5" type="stmt"/>
        <line num="9" count="5" type="stmt"/>
        <line num="11" count="1" type="stmt"/>
      </file>
    </package>
    <package name="2_STRING">
      <metrics statements="70" coveredstatements="70" conditionals="73" coveredconditionals="69" methods="20" coveredmethods="20"/>
      <file name="STRING-01.js" path="C:\Users\Admin\Desktop\OneDrive\CodeItems\2_FullStack\3_JavaScript\javascript-course-pdfs\11_Pratice\Practice_Solution\2_STRING\STRING-01.js">
        <metrics statements="8" coveredstatements="8" conditionals="6" coveredconditionals="6" methods="2" coveredmethods="2"/>
        <line num="2" count="6" type="cond" truecount="2" falsecount="0"/>
        <line num="3" count="5" type="stmt"/>
        <line num="4" count="5" type="stmt"/>
        <line num="5" count="5" type="stmt"/>
        <line num="6" count="56" type="cond" truecount="2" falsecount="0"/>
        <line num="8" count="5" type="stmt"/>
        <line num="12" count="6" type="cond" truecount="2" falsecount="0"/>
        <line num="13" count="5" type="stmt"/>
      </file>
      <file name="STRING-02.js" path="C:\Users\Admin\Desktop\OneDrive\CodeItems\2_FullStack\3_JavaScript\javascript-course-pdfs\11_Pratice\Practice_Solution\2_STRING\STRING-02.js">
        <metrics statements="13" coveredstatements="13" conditionals="12" coveredconditionals="12" methods="6" coveredmethods="6"/>
        <line num="2" count="6" type="cond" truecount="2" falsecount="0"/>
        <line num="3" count="5" type="cond" truecount="2" falsecount="0"/>
        <line num="4" count="4" type="stmt"/>
        <line num="5" count="4" type="stmt"/>
        <line num="7" count="44" type="stmt"/>
        <line num="9" count="21" type="cond" truecount="2" falsecount="0"/>
        <line num="11" count="4" type="stmt"/>
        <line num="15" count="6" type="cond" truecount="2" falsecount="0"/>
        <line num="16" count="5" type="cond" truecount="2" falsecount="0"/>
        <line num="17" count="4" type="stmt"/>
        <line num="18" count="52" type="stmt"/>
        <line num="20" count="21" type="cond" truecount="2" falsecount="0"/>
        <line num="21" count="21" type="stmt"/>
      </file>
      <file name="STRING-03.js" path="C:\Users\Admin\Desktop\OneDrive\CodeItems\2_FullStack\3_JavaScript\javascript-course-pdfs\11_Pratice\Practice_Solution\2_STRING\STRING-03.js">
        <metrics statements="13" coveredstatements="13" conditionals="12" coveredconditionals="12" methods="6" coveredmethods="6"/>
        <line num="2" count="4" type="cond" truecount="2" falsecount="0"/>
        <line num="3" count="3" type="stmt"/>
        <line num="4" count="38" type="stmt"/>
        <line num="6" count="38" type="cond" truecount="2" falsecount="0"/>
        <line num="7" count="38" type="stmt"/>
        <line num="9" count="38" type="stmt"/>
        <line num="14" count="4" type="cond" truecount="2" falsecount="0"/>
        <line num="15" count="3" type="stmt"/>
        <line num="16" count="3" type="stmt"/>
        <line num="17" count="38" type="stmt"/>
        <line num="19" count="38" type="cond" truecount="2" falsecount="0"/>
        <line num="20" count="38" type="stmt"/>
        <line num="23" count="3" type="stmt"/>
      </file>
      <file name="STRING-04.js" path="C:\Users\Admin\Desktop\OneDrive\CodeItems\2_FullStack\3_JavaScript\javascript-course-pdfs\11_Pratice\Practice_Solution\2_STRING\STRING-04.js">
        <metrics statements="8" coveredstatements="8" conditionals="8" coveredconditionals="8" methods="2" coveredmethods="2"/>
        <line num="2" count="6" type="cond" truecount="2" falsecount="0"/>
        <line num="3" count="30" type="stmt"/>
        <line num="4" count="5" type="stmt"/>
        <line num="5" count="5" type="stmt"/>
        <line num="6" count="7" type="stmt"/>
        <line num="7" count="7" type="cond" truecount="2" falsecount="0"/>
        <line num="13" count="5" type="stmt"/>
        <line num="15" count="5" type="stmt"/>
      </file>
      <file name="STRING-05.js" path="C:\Users\Admin\Desktop\OneDrive\CodeItems\2_FullStack\3_JavaScript\javascript-course-pdfs\11_Pratice\Practice_Solution\2_STRING\STRING-05.js">
        <metrics statements="11" coveredstatements="11" conditionals="19" coveredconditionals="19" methods="2" coveredmethods="2"/>
        <line num="2" count="6" type="cond" truecount="2" falsecount="0"/>
        <line num="3" count="44" type="stmt"/>
        <line num="4" count="5" type="stmt"/>
        <line num="5" count="5" type="stmt"/>
        <line num="7" count="5" type="cond" truecount="6" falsecount="0"/>
        <line num="13" count="5" type="cond" truecount="2" falsecount="0"/>
        <line num="15" count="4" type="cond" truecount="5" falsecount="0"/>
        <line num="18" count="4" type="cond" truecount="2" falsecount="0"/>
        <line num="19" count="3" type="stmt"/>
        <line num="20" count="3" type="cond" truecount="2" falsecount="0"/>
        <line num="22" count="5" type="stmt"/>
      </file>
      <file name="STRING-06.js" path="C:\Users\Admin\Desktop\OneDrive\CodeItems\2_FullStack\3_JavaScript\javascript-course-pdfs\11_Pratice\Practice_Solution\2_STRING\STRING-06.js">
        <metrics statements="11" coveredstatements="11" conditionals="14" coveredconditionals="11" methods="1" coveredmethods="1"/>
        <line num="2" count="5" type="cond" truecount="2" falsecount="0"/>
        <line num="3" count="11" type="stmt"/>
        <line num="4" count="4" type="cond" truecount="2" falsecount="0"/>
        <line num="5" count="4" type="cond" truecount="1" falsecount="1"/>
        <line num="6" count="4" type="cond" truecount="1" falsecount="1"/>
        <line num="7" count="4" type="cond" truecount="1" falsecount="1"/>
        <line num="9" count="4" type="stmt"/>
        <line num="10" count="4" type="stmt"/>
        <line num="11" count="19" type="stmt"/>
        <line num="13" count="4" type="stmt"/>
        <line num="16" count="1" type="stmt"/>
      </file>
      <file name="STRING-07.js" path="C:\Users\Admin\Desktop\OneDrive\CodeItems\2_FullStack\3_JavaScript\javascript-course-pdfs\11_Pratice\Practice_Solution\2_STRING\STRING-07.js">
        <metrics statements="6" coveredstatements="6" conditionals="2" coveredconditionals="1" methods="1" coveredmethods="1"/>
        <line num="2" count="3" type="stmt"/>
        <line num="3" count="4" type="stmt"/>
        <line num="4" count="4" type="cond" truecount="1" falsecount="1"/>
        <line num="5" count="4" type="stmt"/>
        <line num="8" count="3" type="stmt"/>
        <line num="10" count="1" type="stmt"/>
      </file>
    </package>
    <package name="3_ARRAY">
      <metrics statements="303" coveredstatements="303" conditionals="323" coveredconditionals="322" methods="84" coveredmethods="84"/>
      <file name="ARRAY-01-CD.js" path="C:\Users\Admin\Desktop\OneDrive\CodeItems\2_FullStack\3_JavaScript\javascript-course-pdfs\11_Pratice\Practice_Solution\3_ARRAY\ARRAY-01-CD.js">
        <metrics statements="6" coveredstatements="6" conditionals="9" coveredconditionals="9" methods="1" coveredmethods="1"/>
        <line num="2" count="4" type="cond" truecount="5" falsecount="0"/>
        <line num="3" count="1" type="stmt"/>
        <line num="4" count="3" type="cond" truecount="2" falsecount="0"/>
        <line num="5" count="2" type="cond" truecount="2" falsecount="0"/>
        <line num="6" count="1" type="stmt"/>
        <line num="7" count="3" type="stmt"/>
      </file>
      <file name="ARRAY-01-CHECK.js" path="C:\Users\Admin\Desktop\OneDrive\CodeItems\2_FullStack\3_JavaScript\javascript-course-pdfs\11_Pratice\Practice_Solution\3_ARRAY\ARRAY-01-CHECK.js">
        <metrics statements="2" coveredstatements="2" conditionals="6" coveredconditionals="6" methods="2" coveredmethods="2"/>
        <line num="2" count="5" type="cond" truecount="4" falsecount="0"/>
        <line num="3" count="7" type="cond" truecount="2" falsecount="0"/>
      </file>
      <file name="ARRAY-01-COUNT.js" path="C:\Users\Admin\Desktop\OneDrive\CodeItems\2_FullStack\3_JavaScript\javascript-course-pdfs\11_Pratice\Practice_Solution\3_ARRAY\ARRAY-01-COUNT.js">
        <metrics statements="4" coveredstatements="4" conditionals="6" coveredconditionals="6" methods="2" coveredmethods="2"/>
        <line num="2" count="4" type="cond" truecount="2" falsecount="0"/>
        <line num="3" count="3" type="stmt"/>
        <line num="4" count="15" type="cond" truecount="4" falsecount="0"/>
        <line num="5" count="15" type="stmt"/>
      </file>
      <file name="ARRAY-01-FILTER.js" path="C:\Users\Admin\Desktop\OneDrive\CodeItems\2_FullStack\3_JavaScript\javascript-course-pdfs\11_Pratice\Practice_Solution\3_ARRAY\ARRAY-01-FILTER.js">
        <metrics statements="6" coveredstatements="6" conditionals="6" coveredconditionals="6" methods="1" coveredmethods="1"/>
        <line num="2" count="4" type="cond" truecount="4" falsecount="0"/>
        <line num="3" count="3" type="stmt"/>
        <line num="4" count="3" type="cond" truecount="2" falsecount="0"/>
        <line num="5" count="2" type="stmt"/>
        <line num="6" count="12" type="stmt"/>
        <line num="8" count="2" type="stmt"/>
      </file>
      <file name="ARRAY-01-FIND.js" path="C:\Users\Admin\Desktop\OneDrive\CodeItems\2_FullStack\3_JavaScript\javascript-course-pdfs\11_Pratice\Practice_Solution\3_ARRAY\ARRAY-01-FIND.js">
        <metrics statements="6" coveredstatements="6" conditionals="8" coveredconditionals="8" methods="1" coveredmethods="1"/>
        <line num="2" count="5" type="cond" truecount="2" falsecount="0"/>
        <line num="3" count="4" type="stmt"/>
        <line num="4" count="4" type="stmt"/>
        <line num="5" count="13" type="cond" truecount="4" falsecount="0"/>
        <line num="7" count="4" type="cond" truecount="2" falsecount="0"/>
        <line num="8" count="3" type="stmt"/>
      </file>
      <file name="ARRAY-01-SUM.js" path="C:\Users\Admin\Desktop\OneDrive\CodeItems\2_FullStack\3_JavaScript\javascript-course-pdfs\11_Pratice\Practice_Solution\3_ARRAY\ARRAY-01-SUM.js">
        <metrics statements="5" coveredstatements="5" conditionals="6" coveredconditionals="6" methods="1" coveredmethods="1"/>
        <line num="2" count="3" type="cond" truecount="2" falsecount="0"/>
        <line num="3" count="2" type="stmt"/>
        <line num="4" count="2" type="stmt"/>
        <line num="5" count="7" type="cond" truecount="4" falsecount="0"/>
        <line num="7" count="2" type="stmt"/>
      </file>
      <file name="ARRAY-02-CD.js" path="C:\Users\Admin\Desktop\OneDrive\CodeItems\2_FullStack\3_JavaScript\javascript-course-pdfs\11_Pratice\Practice_Solution\3_ARRAY\ARRAY-02-CD.js">
        <metrics statements="4" coveredstatements="4" conditionals="11" coveredconditionals="11" methods="1" coveredmethods="1"/>
        <line num="2" count="5" type="cond" truecount="5" falsecount="0"/>
        <line num="3" count="4" type="cond" truecount="4" falsecount="0"/>
        <line num="4" count="2" type="cond" truecount="2" falsecount="0"/>
        <line num="5" count="1" type="stmt"/>
      </file>
      <file name="ARRAY-02-CHECK.js" path="C:\Users\Admin\Desktop\OneDrive\CodeItems\2_FullStack\3_JavaScript\javascript-course-pdfs\11_Pratice\Practice_Solution\3_ARRAY\ARRAY-02-CHECK.js">
        <metrics statements="2" coveredstatements="2" conditionals="4" coveredconditionals="4" methods="2" coveredmethods="2"/>
        <line num="2" count="4" type="cond" truecount="2" falsecount="0"/>
        <line num="3" count="13" type="cond" truecount="2" falsecount="0"/>
      </file>
      <file name="ARRAY-02-COUNT.js" path="C:\Users\Admin\Desktop\OneDrive\CodeItems\2_FullStack\3_JavaScript\javascript-course-pdfs\11_Pratice\Practice_Solution\3_ARRAY\ARRAY-02-COUNT.js">
        <metrics statements="5" coveredstatements="5" conditionals="4" coveredconditionals="4" methods="1" coveredmethods="1"/>
        <line num="2" count="4" type="cond" truecount="2" falsecount="0"/>
        <line num="3" count="3" type="stmt"/>
        <line num="4" count="3" type="stmt"/>
        <line num="5" count="12" type="cond" truecount="2" falsecount="0"/>
        <line num="7" count="3" type="stmt"/>
      </file>
      <file name="ARRAY-02-FILTER.js" path="C:\Users\Admin\Desktop\OneDrive\CodeItems\2_FullStack\3_JavaScript\javascript-course-pdfs\11_Pratice\Practice_Solution\3_ARRAY\ARRAY-02-FILTER.js">
        <metrics statements="6" coveredstatements="6" conditionals="6" coveredconditionals="6" methods="1" coveredmethods="1"/>
        <line num="2" count="4" type="cond" truecount="2" falsecount="0"/>
        <line num="3" count="3" type="stmt"/>
        <line num="4" count="3" type="cond" truecount="2" falsecount="0"/>
        <line num="5" count="2" type="stmt"/>
        <line num="6" count="7" type="cond" truecount="2" falsecount="0"/>
        <line num="8" count="2" type="stmt"/>
      </file>
      <file name="ARRAY-02-FIND.js" path="C:\Users\Admin\Desktop\OneDrive\CodeItems\2_FullStack\3_JavaScript\javascript-course-pdfs\11_Pratice\Practice_Solution\3_ARRAY\ARRAY-02-FIND.js">
        <metrics statements="8" coveredstatements="8" conditionals="8" coveredconditionals="8" methods="3" coveredmethods="3"/>
        <line num="2" count="5" type="cond" truecount="2" falsecount="0"/>
        <line num="3" count="6" type="cond" truecount="2" falsecount="0"/>
        <line num="4" count="4" type="cond" truecount="2" falsecount="0"/>
        <line num="5" count="2" type="stmt"/>
        <line num="6" count="2" type="stmt"/>
        <line num="7" count="4" type="cond" truecount="2" falsecount="0"/>
        <line num="8" count="1" type="stmt"/>
        <line num="11" count="3" type="stmt"/>
      </file>
      <file name="ARRAY-02-SUM.js" path="C:\Users\Admin\Desktop\OneDrive\CodeItems\2_FullStack\3_JavaScript\javascript-course-pdfs\11_Pratice\Practice_Solution\3_ARRAY\ARRAY-02-SUM.js">
        <metrics statements="7" coveredstatements="7" conditionals="2" coveredconditionals="2" methods="4" coveredmethods="4"/>
        <line num="2" count="5" type="stmt"/>
        <line num="6" count="11" type="stmt"/>
        <line num="7" count="11" type="stmt"/>
        <line num="12" count="5" type="cond" truecount="2" falsecount="0"/>
        <line num="13" count="4" type="stmt"/>
        <line num="14" count="5" type="stmt"/>
        <line num="15" count="5" type="stmt"/>
      </file>
      <file name="ARRAY-03-CD.js" path="C:\Users\Admin\Desktop\OneDrive\CodeItems\2_FullStack\3_JavaScript\javascript-course-pdfs\11_Pratice\Practice_Solution\3_ARRAY\ARRAY-03-CD.js">
        <metrics statements="2" coveredstatements="2" conditionals="4" coveredconditionals="4" methods="2" coveredmethods="2"/>
        <line num="2" count="4" type="cond" truecount="4" falsecount="0"/>
        <line num="3" count="6" type="stmt"/>
      </file>
      <file name="ARRAY-03-CHECK.js" path="C:\Users\Admin\Desktop\OneDrive\CodeItems\2_FullStack\3_JavaScript\javascript-course-pdfs\11_Pratice\Practice_Solution\3_ARRAY\ARRAY-03-CHECK.js">
        <metrics statements="10" coveredstatements="10" conditionals="8" coveredconditionals="8" methods="1" coveredmethods="1"/>
        <line num="2" count="6" type="cond" truecount="2" falsecount="0"/>
        <line num="3" count="5" type="stmt"/>
        <line num="4" count="11" type="stmt"/>
        <line num="6" count="5" type="stmt"/>
        <line num="7" count="5" type="stmt"/>
        <line num="8" count="5" type="stmt"/>
        <line num="9" count="11" type="stmt"/>
        <line num="10" count="13" type="cond" truecount="2" falsecount="0"/>
        <line num="11" count="13" type="cond" truecount="2" falsecount="0"/>
        <line num="14" count="5" type="cond" truecount="2" falsecount="0"/>
      </file>
      <file name="ARRAY-03-COUNT.js" path="C:\Users\Admin\Desktop\OneDrive\CodeItems\2_FullStack\3_JavaScript\javascript-course-pdfs\11_Pratice\Practice_Solution\3_ARRAY\ARRAY-03-COUNT.js">
        <metrics statements="4" coveredstatements="4" conditionals="6" coveredconditionals="6" methods="2" coveredmethods="2"/>
        <line num="2" count="4" type="cond" truecount="4" falsecount="0"/>
        <line num="3" count="3" type="stmt"/>
        <line num="4" count="6" type="cond" truecount="2" falsecount="0"/>
        <line num="5" count="6" type="stmt"/>
      </file>
      <file name="ARRAY-03-FILTER.js" path="C:\Users\Admin\Desktop\OneDrive\CodeItems\2_FullStack\3_JavaScript\javascript-course-pdfs\11_Pratice\Practice_Solution\3_ARRAY\ARRAY-03-FILTER.js">
        <metrics statements="12" coveredstatements="12" conditionals="6" coveredconditionals="6" methods="1" coveredmethods="1"/>
        <line num="2" count="4" type="cond" truecount="2" falsecount="0"/>
        <line num="3" count="3" type="cond" truecount="2" falsecount="0"/>
        <line num="4" count="2" type="stmt"/>
        <line num="5" count="2" type="stmt"/>
        <line num="6" count="2" type="stmt"/>
        <line num="7" count="2" type="stmt"/>
        <line num="8" count="2" type="stmt"/>
        <line num="9" count="10" type="cond" truecount="2" falsecount="0"/>
        <line num="10" count="8" type="stmt"/>
        <line num="11" count="2" type="stmt"/>
        <line num="12" count="8" type="stmt"/>
        <line num="14" count="2" type="stmt"/>
      </file>
      <file name="ARRAY-03-FIND.js" path="C:\Users\Admin\Desktop\OneDrive\CodeItems\2_FullStack\3_JavaScript\javascript-course-pdfs\11_Pratice\Practice_Solution\3_ARRAY\ARRAY-03-FIND.js">
        <metrics statements="2" coveredstatements="2" conditionals="4" coveredconditionals="4" methods="2" coveredmethods="2"/>
        <line num="2" count="4" type="cond" truecount="2" falsecount="0"/>
        <line num="3" count="5" type="cond" truecount="2" falsecount="0"/>
      </file>
      <file name="ARRAY-03-SUM.js" path="C:\Users\Admin\Desktop\OneDrive\CodeItems\2_FullStack\3_JavaScript\javascript-course-pdfs\11_Pratice\Practice_Solution\3_ARRAY\ARRAY-03-SUM.js">
        <metrics statements="5" coveredstatements="5" conditionals="2" coveredconditionals="2" methods="3" coveredmethods="3"/>
        <line num="2" count="5" type="stmt"/>
        <line num="6" count="5" type="cond" truecount="2" falsecount="0"/>
        <line num="7" count="4" type="stmt"/>
        <line num="8" count="5" type="stmt"/>
        <line num="9" count="5" type="stmt"/>
      </file>
      <file name="ARRAY-04-CD.js" path="C:\Users\Admin\Desktop\OneDrive\CodeItems\2_FullStack\3_JavaScript\javascript-course-pdfs\11_Pratice\Practice_Solution\3_ARRAY\ARRAY-04-CD.js">
        <metrics statements="2" coveredstatements="2" conditionals="4" coveredconditionals="4" methods="1" coveredmethods="1"/>
        <line num="2" count="4" type="cond" truecount="4" falsecount="0"/>
        <line num="3" count="3" type="stmt"/>
      </file>
      <file name="ARRAY-04-CHECK.js" path="C:\Users\Admin\Desktop\OneDrive\CodeItems\2_FullStack\3_JavaScript\javascript-course-pdfs\11_Pratice\Practice_Solution\3_ARRAY\ARRAY-04-CHECK.js">
        <metrics statements="4" coveredstatements="4" conditionals="4" coveredconditionals="4" methods="1" coveredmethods="1"/>
        <line num="2" count="12" type="cond" truecount="2" falsecount="0"/>
        <line num="3" count="11" type="stmt"/>
        <line num="4" count="13" type="cond" truecount="2" falsecount="0"/>
        <line num="6" count="9" type="stmt"/>
      </file>
      <file name="ARRAY-04-COUNT.js" path="C:\Users\Admin\Desktop\OneDrive\CodeItems\2_FullStack\3_JavaScript\javascript-course-pdfs\11_Pratice\Practice_Solution\3_ARRAY\ARRAY-04-COUNT.js">
        <metrics statements="5" coveredstatements="5" conditionals="4" coveredconditionals="4" methods="2" coveredmethods="2"/>
        <line num="2" count="4" type="cond" truecount="2" falsecount="0"/>
        <line num="3" count="3" type="stmt"/>
        <line num="4" count="8" type="stmt"/>
        <line num="5" count="13" type="cond" truecount="2" falsecount="0"/>
        <line num="8" count="8" type="stmt"/>
      </file>
      <file name="ARRAY-04-FILTER.js" path="C:\Users\Admin\Desktop\OneDrive\CodeItems\2_FullStack\3_JavaScript\javascript-course-pdfs\11_Pratice\Practice_Solution\3_ARRAY\ARRAY-04-FILTER.js">
        <metrics statements="11" coveredstatements="11" conditionals="15" coveredconditionals="15" methods="2" coveredmethods="2"/>
        <line num="2" count="37" type="cond" truecount="2" falsecount="0"/>
        <line num="3" count="29" type="cond" truecount="2" falsecount="0"/>
        <line num="4" count="26" type="stmt"/>
        <line num="5" count="32" type="cond" truecount="2" falsecount="0"/>
        <line num="7" count="11" type="stmt"/>
        <line num="11" count="6" type="cond" truecount="5" falsecount="0"/>
        <line num="12" count="5" type="cond" truecount="2" falsecount="0"/>
        <line num="13" count="4" type="stmt"/>
        <line num="14" count="4" type="stmt"/>
        <line num="15" count="37" type="cond" truecount="2" falsecount="0"/>
        <line num="17" count="4" type="stmt"/>
      </file>
      <file name="ARRAY-04-FIND.js" path="C:\Users\Admin\Desktop\OneDrive\CodeItems\2_FullStack\3_JavaScript\javascript-course-pdfs\11_Pratice\Practice_Solution\3_ARRAY\ARRAY-04-FIND.js">
        <metrics statements="4" coveredstatements="4" conditionals="6" coveredconditionals="6" methods="1" coveredmethods="1"/>
        <line num="2" count="4" type="cond" truecount="2" falsecount="0"/>
        <line num="3" count="3" type="stmt"/>
        <line num="4" count="5" type="cond" truecount="4" falsecount="0"/>
        <line num="6" count="2" type="stmt"/>
      </file>
      <file name="ARRAY-04-SUM.js" path="C:\Users\Admin\Desktop\OneDrive\CodeItems\2_FullStack\3_JavaScript\javascript-course-pdfs\11_Pratice\Practice_Solution\3_ARRAY\ARRAY-04-SUM.js">
        <metrics statements="8" coveredstatements="8" conditionals="2" coveredconditionals="2" methods="1" coveredmethods="1"/>
        <line num="1" count="1" type="stmt"/>
        <line num="8" count="1" type="stmt"/>
        <line num="10" count="4" type="cond" truecount="2" falsecount="0"/>
        <line num="11" count="3" type="stmt"/>
        <line num="12" count="3" type="stmt"/>
        <line num="13" count="12" type="stmt"/>
        <line num="15" count="3" type="stmt"/>
        <line num="18" count="1" type="stmt"/>
      </file>
      <file name="ARRAY-05-CD.js" path="C:\Users\Admin\Desktop\OneDrive\CodeItems\2_FullStack\3_JavaScript\javascript-course-pdfs\11_Pratice\Practice_Solution\3_ARRAY\ARRAY-05-CD.js">
        <metrics statements="9" coveredstatements="9" conditionals="6" coveredconditionals="6" methods="2" coveredmethods="2"/>
        <line num="2" count="4" type="cond" truecount="2" falsecount="0"/>
        <line num="3" count="3" type="stmt"/>
        <line num="4" count="8" type="stmt"/>
        <line num="5" count="8" type="stmt"/>
        <line num="6" count="13" type="cond" truecount="2" falsecount="0"/>
        <line num="7" count="2" type="stmt"/>
        <line num="8" count="2" type="stmt"/>
        <line num="11" count="8" type="cond" truecount="2" falsecount="0"/>
        <line num="13" count="8" type="stmt"/>
      </file>
      <file name="ARRAY-05-CHECK.js" path="C:\Users\Admin\Desktop\OneDrive\CodeItems\2_FullStack\3_JavaScript\javascript-course-pdfs\11_Pratice\Practice_Solution\3_ARRAY\ARRAY-05-CHECK.js">
        <metrics statements="4" coveredstatements="4" conditionals="4" coveredconditionals="4" methods="1" coveredmethods="1"/>
        <line num="2" count="13" type="cond" truecount="2" falsecount="0"/>
        <line num="3" count="12" type="stmt"/>
        <line num="4" count="13" type="cond" truecount="2" falsecount="0"/>
        <line num="6" count="1" type="stmt"/>
      </file>
      <file name="ARRAY-05-COUNT.js" path="C:\Users\Admin\Desktop\OneDrive\CodeItems\2_FullStack\3_JavaScript\javascript-course-pdfs\11_Pratice\Practice_Solution\3_ARRAY\ARRAY-05-COUNT.js">
        <metrics statements="4" coveredstatements="4" conditionals="6" coveredconditionals="6" methods="2" coveredmethods="2"/>
        <line num="2" count="4" type="cond" truecount="4" falsecount="0"/>
        <line num="4" count="3" type="stmt"/>
        <line num="5" count="9" type="cond" truecount="2" falsecount="0"/>
        <line num="6" count="9" type="stmt"/>
      </file>
      <file name="ARRAY-05-FILTER.js" path="C:\Users\Admin\Desktop\OneDrive\CodeItems\2_FullStack\3_JavaScript\javascript-course-pdfs\11_Pratice\Practice_Solution\3_ARRAY\ARRAY-05-FILTER.js">
        <metrics statements="7" coveredstatements="7" conditionals="4" coveredconditionals="4" methods="2" coveredmethods="2"/>
        <line num="2" count="4" type="cond" truecount="2" falsecount="0"/>
        <line num="3" count="3" type="stmt"/>
        <line num="4" count="7" type="stmt"/>
        <line num="5" count="3" type="stmt"/>
        <line num="6" count="3" type="stmt"/>
        <line num="7" count="9" type="cond" truecount="2" falsecount="0"/>
        <line num="9" count="3" type="stmt"/>
      </file>
      <file name="ARRAY-05-FIND.js" path="C:\Users\Admin\Desktop\OneDrive\CodeItems\2_FullStack\3_JavaScript\javascript-course-pdfs\11_Pratice\Practice_Solution\3_ARRAY\ARRAY-05-FIND.js">
        <metrics statements="6" coveredstatements="6" conditionals="4" coveredconditionals="4" methods="2" coveredmethods="2"/>
        <line num="2" count="6" type="cond" truecount="2" falsecount="0"/>
        <line num="3" count="5" type="stmt"/>
        <line num="4" count="9" type="stmt"/>
        <line num="6" count="5" type="stmt"/>
        <line num="7" count="7" type="cond" truecount="2" falsecount="0"/>
        <line num="10" count="3" type="stmt"/>
      </file>
      <file name="ARRAY-06-CD.js" path="C:\Users\Admin\Desktop\OneDrive\CodeItems\2_FullStack\3_JavaScript\javascript-course-pdfs\11_Pratice\Practice_Solution\3_ARRAY\ARRAY-06-CD.js">
        <metrics statements="6" coveredstatements="6" conditionals="4" coveredconditionals="4" methods="2" coveredmethods="2"/>
        <line num="2" count="4" type="cond" truecount="2" falsecount="0"/>
        <line num="3" count="3" type="stmt"/>
        <line num="4" count="30" type="stmt"/>
        <line num="5" count="244" type="cond" truecount="2" falsecount="0"/>
        <line num="6" count="233" type="stmt"/>
        <line num="10" count="30" type="stmt"/>
      </file>
      <file name="ARRAY-06-CHECK.js" path="C:\Users\Admin\Desktop\OneDrive\CodeItems\2_FullStack\3_JavaScript\javascript-course-pdfs\11_Pratice\Practice_Solution\3_ARRAY\ARRAY-06-CHECK.js">
        <metrics statements="4" coveredstatements="4" conditionals="6" coveredconditionals="6" methods="1" coveredmethods="1"/>
        <line num="2" count="4" type="cond" truecount="4" falsecount="0"/>
        <line num="3" count="3" type="stmt"/>
        <line num="4" count="5" type="cond" truecount="2" falsecount="0"/>
        <line num="6" count="1" type="stmt"/>
      </file>
      <file name="ARRAY-06-COUNT.js" path="C:\Users\Admin\Desktop\OneDrive\CodeItems\2_FullStack\3_JavaScript\javascript-course-pdfs\11_Pratice\Practice_Solution\3_ARRAY\ARRAY-06-COUNT.js">
        <metrics statements="9" coveredstatements="9" conditionals="6" coveredconditionals="6" methods="1" coveredmethods="1"/>
        <line num="2" count="4" type="cond" truecount="4" falsecount="0"/>
        <line num="3" count="3" type="stmt"/>
        <line num="4" count="3" type="stmt"/>
        <line num="5" count="3" type="stmt"/>
        <line num="6" count="9" type="stmt"/>
        <line num="7" count="9" type="stmt"/>
        <line num="8" count="16" type="stmt"/>
        <line num="10" count="9" type="cond" truecount="2" falsecount="0"/>
        <line num="12" count="3" type="stmt"/>
      </file>
      <file name="ARRAY-06-FILTER.js" path="C:\Users\Admin\Desktop\OneDrive\CodeItems\2_FullStack\3_JavaScript\javascript-course-pdfs\11_Pratice\Practice_Solution\3_ARRAY\ARRAY-06-FILTER.js">
        <metrics statements="8" coveredstatements="8" conditionals="10" coveredconditionals="10" methods="2" coveredmethods="2"/>
        <line num="2" count="9" type="cond" truecount="2" falsecount="0"/>
        <line num="6" count="4" type="stmt"/>
        <line num="7" count="5" type="stmt"/>
        <line num="10" count="4" type="cond" truecount="2" falsecount="0"/>
        <line num="11" count="3" type="stmt"/>
        <line num="12" count="3" type="stmt"/>
        <line num="13" count="9" type="cond" truecount="2" falsecount="0"/>
        <line num="15" count="3" type="stmt"/>
      </file>
      <file name="ARRAY-06-FIND.js" path="C:\Users\Admin\Desktop\OneDrive\CodeItems\2_FullStack\3_JavaScript\javascript-course-pdfs\11_Pratice\Practice_Solution\3_ARRAY\ARRAY-06-FIND.js">
        <metrics statements="5" coveredstatements="5" conditionals="6" coveredconditionals="6" methods="2" coveredmethods="2"/>
        <line num="2" count="6" type="cond" truecount="2" falsecount="0"/>
        <line num="6" count="6" type="cond" truecount="2" falsecount="0"/>
        <line num="7" count="5" type="stmt"/>
        <line num="8" count="6" type="cond" truecount="2" falsecount="0"/>
        <line num="10" count="1" type="stmt"/>
      </file>
      <file name="ARRAY-07-CHECK.js" path="C:\Users\Admin\Desktop\OneDrive\CodeItems\2_FullStack\3_JavaScript\javascript-course-pdfs\11_Pratice\Practice_Solution\3_ARRAY\ARRAY-07-CHECK.js">
        <metrics statements="5" coveredstatements="5" conditionals="6" coveredconditionals="6" methods="1" coveredmethods="1"/>
        <line num="2" count="4" type="cond" truecount="2" falsecount="0"/>
        <line num="3" count="3" type="stmt"/>
        <line num="4" count="6" type="cond" truecount="4" falsecount="0"/>
        <line num="5" count="2" type="stmt"/>
        <line num="7" count="1" type="stmt"/>
      </file>
      <file name="ARRAY-07-FILTER.js" path="C:\Users\Admin\Desktop\OneDrive\CodeItems\2_FullStack\3_JavaScript\javascript-course-pdfs\11_Pratice\Practice_Solution\3_ARRAY\ARRAY-07-FILTER.js">
        <metrics statements="3" coveredstatements="3" conditionals="2" coveredconditionals="2" methods="2" coveredmethods="2"/>
        <line num="2" count="4" type="cond" truecount="2" falsecount="0"/>
        <line num="3" count="3" type="stmt"/>
        <line num="4" count="6" type="stmt"/>
      </file>
      <file name="ARRAY-07-FIND.js" path="C:\Users\Admin\Desktop\OneDrive\CodeItems\2_FullStack\3_JavaScript\javascript-course-pdfs\11_Pratice\Practice_Solution\3_ARRAY\ARRAY-07-FIND.js">
        <metrics statements="15" coveredstatements="15" conditionals="18" coveredconditionals="18" methods="2" coveredmethods="2"/>
        <line num="2" count="7" type="cond" truecount="2" falsecount="0"/>
        <line num="3" count="6" type="stmt"/>
        <line num="5" count="15" type="cond" truecount="4" falsecount="0"/>
        <line num="8" count="6" type="cond" truecount="2" falsecount="0"/>
        <line num="9" count="5" type="stmt"/>
        <line num="10" count="7" type="stmt"/>
        <line num="11" count="7" type="stmt"/>
        <line num="12" count="7" type="cond" truecount="2" falsecount="0"/>
        <line num="13" count="1" type="stmt"/>
        <line num="15" count="7" type="cond" truecount="2" falsecount="0"/>
        <line num="16" count="6" type="stmt"/>
        <line num="18" count="7" type="cond" truecount="2" falsecount="0"/>
        <line num="19" count="1" type="stmt"/>
        <line num="22" count="7" type="cond" truecount="4" falsecount="0"/>
        <line num="24" count="1" type="stmt"/>
      </file>
      <file name="ARRAY-08-CHECK.js" path="C:\Users\Admin\Desktop\OneDrive\CodeItems\2_FullStack\3_JavaScript\javascript-course-pdfs\11_Pratice\Practice_Solution\3_ARRAY\ARRAY-08-CHECK.js">
        <metrics statements="4" coveredstatements="4" conditionals="8" coveredconditionals="8" methods="1" coveredmethods="1"/>
        <line num="2" count="3" type="cond" truecount="4" falsecount="0"/>
        <line num="3" count="2" type="stmt"/>
        <line num="4" count="4" type="cond" truecount="4" falsecount="0"/>
        <line num="6" count="1" type="stmt"/>
      </file>
      <file name="ARRAY-08-FILTER.js" path="C:\Users\Admin\Desktop\OneDrive\CodeItems\2_FullStack\3_JavaScript\javascript-course-pdfs\11_Pratice\Practice_Solution\3_ARRAY\ARRAY-08-FILTER.js">
        <metrics statements="3" coveredstatements="3" conditionals="2" coveredconditionals="2" methods="2" coveredmethods="2"/>
        <line num="2" count="4" type="cond" truecount="2" falsecount="0"/>
        <line num="3" count="3" type="stmt"/>
        <line num="4" count="6" type="stmt"/>
      </file>
      <file name="ARRAY-08-FIND.js" path="C:\Users\Admin\Desktop\OneDrive\CodeItems\2_FullStack\3_JavaScript\javascript-course-pdfs\11_Pratice\Practice_Solution\3_ARRAY\ARRAY-08-FIND.js">
        <metrics statements="12" coveredstatements="12" conditionals="19" coveredconditionals="18" methods="2" coveredmethods="2"/>
        <line num="2" count="5" type="cond" truecount="2" falsecount="0"/>
        <line num="3" count="4" type="stmt"/>
        <line num="5" count="8" type="cond" truecount="7" falsecount="0"/>
        <line num="11" count="4" type="cond" truecount="2" falsecount="0"/>
        <line num="12" count="3" type="stmt"/>
        <line num="13" count="4" type="stmt"/>
        <line num="14" count="4" type="cond" truecount="3" falsecount="1"/>
        <line num="15" count="4" type="stmt"/>
        <line num="17" count="4" type="cond" truecount="2" falsecount="0"/>
        <line num="18" count="1" type="stmt"/>
        <line num="20" count="4" type="cond" truecount="2" falsecount="0"/>
        <line num="22" count="1" type="stmt"/>
      </file>
      <file name="ARRAY-09-CHECK.js" path="C:\Users\Admin\Desktop\OneDrive\CodeItems\2_FullStack\3_JavaScript\javascript-course-pdfs\11_Pratice\Practice_Solution\3_ARRAY\ARRAY-09-CHECK.js">
        <metrics statements="5" coveredstatements="5" conditionals="4" coveredconditionals="4" methods="2" coveredmethods="2"/>
        <line num="2" count="12" type="stmt"/>
        <line num="6" count="5" type="cond" truecount="2" falsecount="0"/>
        <line num="7" count="4" type="stmt"/>
        <line num="8" count="12" type="cond" truecount="2" falsecount="0"/>
        <line num="10" count="2" type="stmt"/>
      </file>
      <file name="ARRAY-09-FILTER.js" path="C:\Users\Admin\Desktop\OneDrive\CodeItems\2_FullStack\3_JavaScript\javascript-course-pdfs\11_Pratice\Practice_Solution\3_ARRAY\ARRAY-09-FILTER.js">
        <metrics statements="3" coveredstatements="3" conditionals="4" coveredconditionals="4" methods="2" coveredmethods="2"/>
        <line num="2" count="4" type="cond" truecount="2" falsecount="0"/>
        <line num="3" count="3" type="stmt"/>
        <line num="4" count="6" type="cond" truecount="2" falsecount="0"/>
      </file>
      <file name="ARRAY-09-FIND.js" path="C:\Users\Admin\Desktop\OneDrive\CodeItems\2_FullStack\3_JavaScript\javascript-course-pdfs\11_Pratice\Practice_Solution\3_ARRAY\ARRAY-09-FIND.js">
        <metrics statements="5" coveredstatements="5" conditionals="6" coveredconditionals="6" methods="1" coveredmethods="1"/>
        <line num="2" count="4" type="cond" truecount="2" falsecount="0"/>
        <line num="3" count="3" type="cond" truecount="2" falsecount="0"/>
        <line num="4" count="2" type="stmt"/>
        <line num="5" count="6" type="cond" truecount="2" falsecount="0"/>
        <line num="7" count="1" type="stmt"/>
      </file>
      <file name="ARRAY-10-CHECK.js" path="C:\Users\Admin\Desktop\OneDrive\CodeItems\2_FullStack\3_JavaScript\javascript-course-pdfs\11_Pratice\Practice_Solution\3_ARRAY\ARRAY-10-CHECK.js">
        <metrics statements="5" coveredstatements="5" conditionals="4" coveredconditionals="4" methods="2" coveredmethods="2"/>
        <line num="2" count="17" type="stmt"/>
        <line num="6" count="5" type="cond" truecount="2" falsecount="0"/>
        <line num="7" count="4" type="stmt"/>
        <line num="8" count="17" type="cond" truecount="2" falsecount="0"/>
        <line num="10" count="2" type="stmt"/>
      </file>
      <file name="ARRAY-10-FIND.js" path="C:\Users\Admin\Desktop\OneDrive\CodeItems\2_FullStack\3_JavaScript\javascript-course-pdfs\11_Pratice\Practice_Solution\3_ARRAY\ARRAY-10-FIND.js">
        <metrics statements="5" coveredstatements="5" conditionals="6" coveredconditionals="6" methods="1" coveredmethods="1"/>
        <line num="2" count="4" type="cond" truecount="2" falsecount="0"/>
        <line num="3" count="3" type="cond" truecount="2" falsecount="0"/>
        <line num="4" count="2" type="stmt"/>
        <line num="5" count="4" type="cond" truecount="2" falsecount="0"/>
        <line num="7" count="1" type="stmt"/>
      </file>
      <file name="ARRAY-11-CHECK.js" path="C:\Users\Admin\Desktop\OneDrive\CodeItems\2_FullStack\3_JavaScript\javascript-course-pdfs\11_Pratice\Practice_Solution\3_ARRAY\ARRAY-11-CHECK.js">
        <metrics statements="4" coveredstatements="4" conditionals="4" coveredconditionals="4" methods="1" coveredmethods="1"/>
        <line num="2" count="7" type="cond" truecount="2" falsecount="0"/>
        <line num="3" count="6" type="stmt"/>
        <line num="4" count="22" type="cond" truecount="2" falsecount="0"/>
        <line num="6" count="4" type="stmt"/>
      </file>
      <file name="ARRAY-11-FIND.js" path="C:\Users\Admin\Desktop\OneDrive\CodeItems\2_FullStack\3_JavaScript\javascript-course-pdfs\11_Pratice\Practice_Solution\3_ARRAY\ARRAY-11-FIND.js">
        <metrics statements="5" coveredstatements="5" conditionals="6" coveredconditionals="6" methods="2" coveredmethods="2"/>
        <line num="2" count="3" type="cond" truecount="2" falsecount="0"/>
        <line num="3" count="2" type="cond" truecount="2" falsecount="0"/>
        <line num="4" count="1" type="stmt"/>
        <line num="5" count="4" type="cond" truecount="2" falsecount="0"/>
        <line num="7" count="1" type="stmt"/>
      </file>
      <file name="ARRAY-12-CHECK.js" path="C:\Users\Admin\Desktop\OneDrive\CodeItems\2_FullStack\3_JavaScript\javascript-course-pdfs\11_Pratice\Practice_Solution\3_ARRAY\ARRAY-12-CHECK.js">
        <metrics statements="14" coveredstatements="14" conditionals="4" coveredconditionals="4" methods="2" coveredmethods="2"/>
        <line num="2" count="3" type="stmt"/>
        <line num="3" count="3" type="stmt"/>
        <line num="4" count="3" type="stmt"/>
        <line num="5" count="3" type="stmt"/>
        <line num="6" count="3" type="stmt"/>
        <line num="7" count="30" type="stmt"/>
        <line num="8" count="30" type="stmt"/>
        <line num="9" count="30" type="stmt"/>
        <line num="11" count="3" type="stmt"/>
        <line num="15" count="4" type="cond" truecount="2" falsecount="0"/>
        <line num="16" count="3" type="stmt"/>
        <line num="17" count="3" type="stmt"/>
        <line num="18" count="5" type="cond" truecount="2" falsecount="0"/>
        <line num="20" count="1" type="stmt"/>
      </file>
      <file name="ARRAY-12-FIND.js" path="C:\Users\Admin\Desktop\OneDrive\CodeItems\2_FullStack\3_JavaScript\javascript-course-pdfs\11_Pratice\Practice_Solution\3_ARRAY\ARRAY-12-FIND.js">
        <metrics statements="7" coveredstatements="7" conditionals="6" coveredconditionals="6" methods="2" coveredmethods="2"/>
        <line num="2" count="3" type="cond" truecount="2" falsecount="0"/>
        <line num="3" count="2" type="cond" truecount="2" falsecount="0"/>
        <line num="4" count="1" type="stmt"/>
        <line num="5" count="14" type="stmt"/>
        <line num="7" count="1" type="stmt"/>
        <line num="8" count="1" type="stmt"/>
        <line num="9" count="7" type="cond" truecount="2" falsecount="0"/>
      </file>
      <file name="ARRAY-13-FIND.js" path="C:\Users\Admin\Desktop\OneDrive\CodeItems\2_FullStack\3_JavaScript\javascript-course-pdfs\11_Pratice\Practice_Solution\3_ARRAY\ARRAY-13-FIND.js">
        <metrics statements="8" coveredstatements="8" conditionals="15" coveredconditionals="15" methods="1" coveredmethods="1"/>
        <line num="1" count="1" type="stmt"/>
        <line num="9" count="4" type="cond" truecount="2" falsecount="0"/>
        <line num="10" count="3" type="cond" truecount="2" falsecount="0"/>
        <line num="11" count="2" type="stmt"/>
        <line num="13" count="6" type="cond" truecount="2" falsecount="0"/>
        <line num="21" count="6" type="cond" truecount="5" falsecount="0"/>
        <line num="26" count="6" type="cond" truecount="4" falsecount="0"/>
        <line num="30" count="1" type="stmt"/>
      </file>
      <file name="ARRAY-14-FIND.js" path="C:\Users\Admin\Desktop\OneDrive\CodeItems\2_FullStack\3_JavaScript\javascript-course-pdfs\11_Pratice\Practice_Solution\3_ARRAY\ARRAY-14-FIND.js">
        <metrics statements="4" coveredstatements="4" conditionals="6" coveredconditionals="6" methods="1" coveredmethods="1"/>
        <line num="2" count="3" type="cond" truecount="2" falsecount="0"/>
        <line num="3" count="2" type="cond" truecount="2" falsecount="0"/>
        <line num="4" count="1" type="stmt"/>
        <line num="5" count="2" type="cond" truecount="2" falsecount="0"/>
      </file>
      <file name="ARRAY-15-FIND.js" path="C:\Users\Admin\Desktop\OneDrive\CodeItems\2_FullStack\3_JavaScript\javascript-course-pdfs\11_Pratice\Practice_Solution\3_ARRAY\ARRAY-15-FIND.js">
        <metrics statements="4" coveredstatements="4" conditionals="6" coveredconditionals="6" methods="1" coveredmethods="1"/>
        <line num="2" count="3" type="cond" truecount="2" falsecount="0"/>
        <line num="3" count="2" type="cond" truecount="2" falsecount="0"/>
        <line num="4" count="1" type="stmt"/>
        <line num="5" count="2" type="cond" truecount="2" falsecount="0"/>
      </file>
    </package>
  </project>
</coverage>
