{"C:\\Users\\Admin\\Desktop\\OneDrive\\CodeItems\\2_FullStack\\3_JavaScript\\javascript-course-pdfs\\11_Pratice\\Practice_Solution\\1_NUMBER\\NUMBER-01.js": {"path":"C:\\Users\\Admin\\Desktop\\OneDrive\\CodeItems\\2_FullStack\\3_JavaScript\\javascript-course-pdfs\\11_Pratice\\Practice_Solution\\1_NUMBER\\NUMBER-01.js","statementMap":{"0":{"start":{"line":2,"column":2},"end":{"line":2,"column":43}},"1":{"start":{"line":2,"column":30},"end":{"line":2,"column":43}},"2":{"start":{"line":3,"column":16},"end":{"line":3,"column":38}},"3":{"start":{"line":4,"column":2},"end":{"line":6,"column":3}},"4":{"start":{"line":4,"column":15},"end":{"line":4,"column":16}},"5":{"start":{"line":5,"column":4},"end":{"line":5,"column":47}},"6":{"start":{"line":5,"column":34},"end":{"line":5,"column":47}},"7":{"start":{"line":7,"column":2},"end":{"line":7,"column":14}},"8":{"start":{"line":11,"column":2},"end":{"line":11,"column":43}},"9":{"start":{"line":11,"column":30},"end":{"line":11,"column":43}},"10":{"start":{"line":12,"column":2},"end":{"line":16,"column":3}},"11":{"start":{"line":13,"column":27},"end":{"line":13,"column":33}},"12":{"start":{"line":14,"column":4},"end":{"line":14,"column":27}},"13":{"start":{"line":15,"column":4},"end":{"line":15,"column":49}},"14":{"start":{"line":15,"column":36},"end":{"line":15,"column":49}},"15":{"start":{"line":17,"column":2},"end":{"line":17,"column":14}}},"fnMap":{"0":{"name":"isIncreasingNumberV1","decl":{"start":{"line":1,"column":16},"end":{"line":1,"column":36}},"loc":{"start":{"line":1,"column":40},"end":{"line":8,"column":1}},"line":1},"1":{"name":"isIncreasingNumberV2","decl":{"start":{"line":10,"column":16},"end":{"line":10,"column":36}},"loc":{"start":{"line":10,"column":40},"end":{"line":18,"column":1}},"line":10}},"branchMap":{"0":{"loc":{"start":{"line":2,"column":2},"end":{"line":2,"column":43}},"type":"if","locations":[{"start":{"line":2,"column":2},"end":{"line":2,"column":43}},{"start":{},"end":{}}],"line":2},"1":{"loc":{"start":{"line":2,"column":6},"end":{"line":2,"column":28}},"type":"binary-expr","locations":[{"start":{"line":2,"column":6},"end":{"line":2,"column":12}},{"start":{"line":2,"column":16},"end":{"line":2,"column":28}}],"line":2},"2":{"loc":{"start":{"line":5,"column":4},"end":{"line":5,"column":47}},"type":"if","locations":[{"start":{"line":5,"column":4},"end":{"line":5,"column":47}},{"start":{},"end":{}}],"line":5},"3":{"loc":{"start":{"line":11,"column":2},"end":{"line":11,"column":43}},"type":"if","locations":[{"start":{"line":11,"column":2},"end":{"line":11,"column":43}},{"start":{},"end":{}}],"line":11},"4":{"loc":{"start":{"line":11,"column":6},"end":{"line":11,"column":28}},"type":"binary-expr","locations":[{"start":{"line":11,"column":6},"end":{"line":11,"column":12}},{"start":{"line":11,"column":16},"end":{"line":11,"column":28}}],"line":11},"5":{"loc":{"start":{"line":15,"column":4},"end":{"line":15,"column":49}},"type":"if","locations":[{"start":{"line":15,"column":4},"end":{"line":15,"column":49}},{"start":{},"end":{}}],"line":15}},"s":{"0":15,"1":11,"2":4,"3":4,"4":4,"5":7,"6":3,"7":1,"8":15,"9":11,"10":4,"11":8,"12":8,"13":8,"14":3,"15":1},"f":{"0":15,"1":15},"b":{"0":[11,4],"1":[15,5],"2":[3,4],"3":[11,4],"4":[15,5],"5":[3,5]},"_coverageSchema":"1a1c01bbd47fc00a2c39e90264f33305004495a9","hash":"9a594074f08b24b744791f4ed082dea8930c94b4"}
,"C:\\Users\\Admin\\Desktop\\OneDrive\\CodeItems\\2_FullStack\\3_JavaScript\\javascript-course-pdfs\\11_Pratice\\Practice_Solution\\1_NUMBER\\NUMBER-02.js": {"path":"C:\\Users\\Admin\\Desktop\\OneDrive\\CodeItems\\2_FullStack\\3_JavaScript\\javascript-course-pdfs\\11_Pratice\\Practice_Solution\\1_NUMBER\\NUMBER-02.js","statementMap":{"0":{"start":{"line":2,"column":2},"end":{"line":2,"column":43}},"1":{"start":{"line":2,"column":30},"end":{"line":2,"column":43}},"2":{"start":{"line":3,"column":16},"end":{"line":3,"column":38}},"3":{"start":{"line":4,"column":2},"end":{"line":6,"column":3}},"4":{"start":{"line":4,"column":15},"end":{"line":4,"column":16}},"5":{"start":{"line":5,"column":4},"end":{"line":5,"column":47}},"6":{"start":{"line":5,"column":34},"end":{"line":5,"column":47}},"7":{"start":{"line":7,"column":2},"end":{"line":7,"column":14}},"8":{"start":{"line":11,"column":2},"end":{"line":11,"column":43}},"9":{"start":{"line":11,"column":30},"end":{"line":11,"column":43}},"10":{"start":{"line":12,"column":2},"end":{"line":16,"column":3}},"11":{"start":{"line":13,"column":27},"end":{"line":13,"column":33}},"12":{"start":{"line":14,"column":4},"end":{"line":14,"column":27}},"13":{"start":{"line":15,"column":4},"end":{"line":15,"column":49}},"14":{"start":{"line":15,"column":36},"end":{"line":15,"column":49}},"15":{"start":{"line":17,"column":2},"end":{"line":17,"column":14}}},"fnMap":{"0":{"name":"isDecreasingNumberV1","decl":{"start":{"line":1,"column":16},"end":{"line":1,"column":36}},"loc":{"start":{"line":1,"column":40},"end":{"line":8,"column":1}},"line":1},"1":{"name":"isDecreasingNumberV2","decl":{"start":{"line":10,"column":16},"end":{"line":10,"column":36}},"loc":{"start":{"line":10,"column":40},"end":{"line":18,"column":1}},"line":10}},"branchMap":{"0":{"loc":{"start":{"line":2,"column":2},"end":{"line":2,"column":43}},"type":"if","locations":[{"start":{"line":2,"column":2},"end":{"line":2,"column":43}},{"start":{},"end":{}}],"line":2},"1":{"loc":{"start":{"line":2,"column":6},"end":{"line":2,"column":28}},"type":"binary-expr","locations":[{"start":{"line":2,"column":6},"end":{"line":2,"column":12}},{"start":{"line":2,"column":16},"end":{"line":2,"column":28}}],"line":2},"2":{"loc":{"start":{"line":5,"column":4},"end":{"line":5,"column":47}},"type":"if","locations":[{"start":{"line":5,"column":4},"end":{"line":5,"column":47}},{"start":{},"end":{}}],"line":5},"3":{"loc":{"start":{"line":11,"column":2},"end":{"line":11,"column":43}},"type":"if","locations":[{"start":{"line":11,"column":2},"end":{"line":11,"column":43}},{"start":{},"end":{}}],"line":11},"4":{"loc":{"start":{"line":11,"column":6},"end":{"line":11,"column":28}},"type":"binary-expr","locations":[{"start":{"line":11,"column":6},"end":{"line":11,"column":12}},{"start":{"line":11,"column":16},"end":{"line":11,"column":28}}],"line":11},"5":{"loc":{"start":{"line":15,"column":4},"end":{"line":15,"column":49}},"type":"if","locations":[{"start":{"line":15,"column":4},"end":{"line":15,"column":49}},{"start":{},"end":{}}],"line":15}},"s":{"0":15,"1":11,"2":4,"3":4,"4":4,"5":10,"6":3,"7":1,"8":16,"9":11,"10":5,"11":13,"12":13,"13":13,"14":3,"15":2},"f":{"0":15,"1":16},"b":{"0":[11,4],"1":[15,5],"2":[3,7],"3":[11,5],"4":[16,6],"5":[3,10]},"_coverageSchema":"1a1c01bbd47fc00a2c39e90264f33305004495a9","hash":"476030876db1d800e8a69d0e3407ac93ad993dd3"}
,"C:\\Users\\Admin\\Desktop\\OneDrive\\CodeItems\\2_FullStack\\3_JavaScript\\javascript-course-pdfs\\11_Pratice\\Practice_Solution\\1_NUMBER\\NUMBER-03.js": {"path":"C:\\Users\\Admin\\Desktop\\OneDrive\\CodeItems\\2_FullStack\\3_JavaScript\\javascript-course-pdfs\\11_Pratice\\Practice_Solution\\1_NUMBER\\NUMBER-03.js","statementMap":{"0":{"start":{"line":2,"column":2},"end":{"line":2,"column":77}},"1":{"start":{"line":2,"column":64},"end":{"line":2,"column":77}},"2":{"start":{"line":3,"column":16},"end":{"line":3,"column":38}},"3":{"start":{"line":4,"column":2},"end":{"line":6,"column":3}},"4":{"start":{"line":4,"column":15},"end":{"line":4,"column":16}},"5":{"start":{"line":5,"column":4},"end":{"line":5,"column":59}},"6":{"start":{"line":5,"column":46},"end":{"line":5,"column":59}},"7":{"start":{"line":7,"column":2},"end":{"line":7,"column":14}},"8":{"start":{"line":11,"column":2},"end":{"line":11,"column":77}},"9":{"start":{"line":11,"column":64},"end":{"line":11,"column":77}},"10":{"start":{"line":12,"column":2},"end":{"line":16,"column":3}},"11":{"start":{"line":13,"column":27},"end":{"line":13,"column":33}},"12":{"start":{"line":14,"column":4},"end":{"line":14,"column":27}},"13":{"start":{"line":15,"column":4},"end":{"line":15,"column":63}},"14":{"start":{"line":15,"column":50},"end":{"line":15,"column":63}},"15":{"start":{"line":17,"column":2},"end":{"line":17,"column":14}}},"fnMap":{"0":{"name":"isIncreasingNumberByDistanceV1","decl":{"start":{"line":1,"column":16},"end":{"line":1,"column":46}},"loc":{"start":{"line":1,"column":60},"end":{"line":8,"column":1}},"line":1},"1":{"name":"isIncreasingNumberByDistanceV2","decl":{"start":{"line":10,"column":16},"end":{"line":10,"column":46}},"loc":{"start":{"line":10,"column":60},"end":{"line":18,"column":1}},"line":10}},"branchMap":{"0":{"loc":{"start":{"line":2,"column":2},"end":{"line":2,"column":77}},"type":"if","locations":[{"start":{"line":2,"column":2},"end":{"line":2,"column":77}},{"start":{},"end":{}}],"line":2},"1":{"loc":{"start":{"line":2,"column":6},"end":{"line":2,"column":62}},"type":"binary-expr","locations":[{"start":{"line":2,"column":6},"end":{"line":2,"column":12}},{"start":{"line":2,"column":16},"end":{"line":2,"column":28}},{"start":{"line":2,"column":32},"end":{"line":2,"column":45}},{"start":{"line":2,"column":49},"end":{"line":2,"column":62}}],"line":2},"2":{"loc":{"start":{"line":5,"column":4},"end":{"line":5,"column":59}},"type":"if","locations":[{"start":{"line":5,"column":4},"end":{"line":5,"column":59}},{"start":{},"end":{}}],"line":5},"3":{"loc":{"start":{"line":11,"column":2},"end":{"line":11,"column":77}},"type":"if","locations":[{"start":{"line":11,"column":2},"end":{"line":11,"column":77}},{"start":{},"end":{}}],"line":11},"4":{"loc":{"start":{"line":11,"column":6},"end":{"line":11,"column":62}},"type":"binary-expr","locations":[{"start":{"line":11,"column":6},"end":{"line":11,"column":12}},{"start":{"line":11,"column":16},"end":{"line":11,"column":28}},{"start":{"line":11,"column":32},"end":{"line":11,"column":45}},{"start":{"line":11,"column":49},"end":{"line":11,"column":62}}],"line":11},"5":{"loc":{"start":{"line":15,"column":4},"end":{"line":15,"column":63}},"type":"if","locations":[{"start":{"line":15,"column":4},"end":{"line":15,"column":63}},{"start":{},"end":{}}],"line":15}},"s":{"0":17,"1":13,"2":4,"3":4,"4":4,"5":9,"6":3,"7":1,"8":17,"9":13,"10":4,"11":7,"12":7,"13":7,"14":3,"15":1},"f":{"0":17,"1":17},"b":{"0":[13,4],"1":[17,7,6,5],"2":[3,6],"3":[13,4],"4":[17,7,6,5],"5":[3,4]},"_coverageSchema":"1a1c01bbd47fc00a2c39e90264f33305004495a9","hash":"e8b767aa0b7f0237674f7938025016ce3775a4f4"}
,"C:\\Users\\Admin\\Desktop\\OneDrive\\CodeItems\\2_FullStack\\3_JavaScript\\javascript-course-pdfs\\11_Pratice\\Practice_Solution\\1_NUMBER\\NUMBER-04.js": {"path":"C:\\Users\\Admin\\Desktop\\OneDrive\\CodeItems\\2_FullStack\\3_JavaScript\\javascript-course-pdfs\\11_Pratice\\Practice_Solution\\1_NUMBER\\NUMBER-04.js","statementMap":{"0":{"start":{"line":2,"column":2},"end":{"line":2,"column":43}},"1":{"start":{"line":2,"column":30},"end":{"line":2,"column":43}},"2":{"start":{"line":3,"column":2},"end":{"line":3,"column":26}},"3":{"start":{"line":3,"column":13},"end":{"line":3,"column":26}},"4":{"start":{"line":4,"column":2},"end":{"line":6,"column":3}},"5":{"start":{"line":4,"column":15},"end":{"line":4,"column":16}},"6":{"start":{"line":5,"column":4},"end":{"line":5,"column":34}},"7":{"start":{"line":5,"column":21},"end":{"line":5,"column":34}},"8":{"start":{"line":7,"column":2},"end":{"line":7,"column":14}}},"fnMap":{"0":{"name":"isPrimeV1","decl":{"start":{"line":1,"column":16},"end":{"line":1,"column":25}},"loc":{"start":{"line":1,"column":29},"end":{"line":8,"column":1}},"line":1}},"branchMap":{"0":{"loc":{"start":{"line":2,"column":2},"end":{"line":2,"column":43}},"type":"if","locations":[{"start":{"line":2,"column":2},"end":{"line":2,"column":43}},{"start":{},"end":{}}],"line":2},"1":{"loc":{"start":{"line":2,"column":6},"end":{"line":2,"column":28}},"type":"binary-expr","locations":[{"start":{"line":2,"column":6},"end":{"line":2,"column":12}},{"start":{"line":2,"column":16},"end":{"line":2,"column":28}}],"line":2},"2":{"loc":{"start":{"line":3,"column":2},"end":{"line":3,"column":26}},"type":"if","locations":[{"start":{"line":3,"column":2},"end":{"line":3,"column":26}},{"start":{},"end":{}}],"line":3},"3":{"loc":{"start":{"line":5,"column":4},"end":{"line":5,"column":34}},"type":"if","locations":[{"start":{"line":5,"column":4},"end":{"line":5,"column":34}},{"start":{},"end":{}}],"line":5}},"s":{"0":7,"1":2,"2":5,"3":1,"4":4,"5":4,"6":8,"7":2,"8":2},"f":{"0":7},"b":{"0":[2,5],"1":[7,6],"2":[1,4],"3":[2,6]},"_coverageSchema":"1a1c01bbd47fc00a2c39e90264f33305004495a9","hash":"849bbddfb10d8058d2e5ee64b72d3b83ea1359a9"}
,"C:\\Users\\Admin\\Desktop\\OneDrive\\CodeItems\\2_FullStack\\3_JavaScript\\javascript-course-pdfs\\11_Pratice\\Practice_Solution\\1_NUMBER\\NUMBER-05.js": {"path":"C:\\Users\\Admin\\Desktop\\OneDrive\\CodeItems\\2_FullStack\\3_JavaScript\\javascript-course-pdfs\\11_Pratice\\Practice_Solution\\1_NUMBER\\NUMBER-05.js","statementMap":{"0":{"start":{"line":2,"column":2},"end":{"line":2,"column":43}},"1":{"start":{"line":2,"column":30},"end":{"line":2,"column":43}},"2":{"start":{"line":3,"column":2},"end":{"line":3,"column":67}}},"fnMap":{"0":{"name":"isPerfectSquareV1","decl":{"start":{"line":1,"column":16},"end":{"line":1,"column":33}},"loc":{"start":{"line":1,"column":37},"end":{"line":4,"column":1}},"line":1}},"branchMap":{"0":{"loc":{"start":{"line":2,"column":2},"end":{"line":2,"column":43}},"type":"if","locations":[{"start":{"line":2,"column":2},"end":{"line":2,"column":43}},{"start":{},"end":{}}],"line":2},"1":{"loc":{"start":{"line":2,"column":6},"end":{"line":2,"column":28}},"type":"binary-expr","locations":[{"start":{"line":2,"column":6},"end":{"line":2,"column":12}},{"start":{"line":2,"column":16},"end":{"line":2,"column":28}}],"line":2}},"s":{"0":12,"1":3,"2":9},"f":{"0":12},"b":{"0":[3,9],"1":[12,10]},"_coverageSchema":"1a1c01bbd47fc00a2c39e90264f33305004495a9","hash":"d43578dc410816f65cb2bb797e38a0c5cb2b685f"}
,"C:\\Users\\Admin\\Desktop\\OneDrive\\CodeItems\\2_FullStack\\3_JavaScript\\javascript-course-pdfs\\11_Pratice\\Practice_Solution\\1_NUMBER\\NUMBER-06.js": {"path":"C:\\Users\\Admin\\Desktop\\OneDrive\\CodeItems\\2_FullStack\\3_JavaScript\\javascript-course-pdfs\\11_Pratice\\Practice_Solution\\1_NUMBER\\NUMBER-06.js","statementMap":{"0":{"start":{"line":2,"column":2},"end":{"line":2,"column":40}},"1":{"start":{"line":2,"column":27},"end":{"line":2,"column":40}},"2":{"start":{"line":3,"column":21},"end":{"line":3,"column":22}},"3":{"start":{"line":4,"column":2},"end":{"line":11,"column":3}},"4":{"start":{"line":4,"column":15},"end":{"line":4,"column":16}},"5":{"start":{"line":5,"column":4},"end":{"line":10,"column":5}},"6":{"start":{"line":6,"column":6},"end":{"line":6,"column":24}},"7":{"start":{"line":7,"column":6},"end":{"line":9,"column":7}},"8":{"start":{"line":8,"column":8},"end":{"line":8,"column":30}},"9":{"start":{"line":12,"column":2},"end":{"line":12,"column":28}}},"fnMap":{"0":{"name":"isPerfectNumberV1","decl":{"start":{"line":1,"column":16},"end":{"line":1,"column":33}},"loc":{"start":{"line":1,"column":37},"end":{"line":13,"column":1}},"line":1}},"branchMap":{"0":{"loc":{"start":{"line":2,"column":2},"end":{"line":2,"column":40}},"type":"if","locations":[{"start":{"line":2,"column":2},"end":{"line":2,"column":40}},{"start":{},"end":{}}],"line":2},"1":{"loc":{"start":{"line":2,"column":6},"end":{"line":2,"column":25}},"type":"binary-expr","locations":[{"start":{"line":2,"column":6},"end":{"line":2,"column":12}},{"start":{"line":2,"column":16},"end":{"line":2,"column":25}}],"line":2},"2":{"loc":{"start":{"line":5,"column":4},"end":{"line":10,"column":5}},"type":"if","locations":[{"start":{"line":5,"column":4},"end":{"line":10,"column":5}},{"start":{},"end":{}}],"line":5},"3":{"loc":{"start":{"line":7,"column":6},"end":{"line":9,"column":7}},"type":"if","locations":[{"start":{"line":7,"column":6},"end":{"line":9,"column":7}},{"start":{},"end":{}}],"line":7},"4":{"loc":{"start":{"line":7,"column":10},"end":{"line":7,"column":32}},"type":"binary-expr","locations":[{"start":{"line":7,"column":10},"end":{"line":7,"column":21}},{"start":{"line":7,"column":25},"end":{"line":7,"column":32}}],"line":7}},"s":{"0":11,"1":2,"2":9,"3":9,"4":9,"5":59,"6":25,"7":25,"8":14,"9":9},"f":{"0":11},"b":{"0":[2,9],"1":[11,10],"2":[25,34],"3":[14,11],"4":[25,23]},"_coverageSchema":"1a1c01bbd47fc00a2c39e90264f33305004495a9","hash":"83d27edb74713a7a7df756ce84f68b513b9aabf8"}
,"C:\\Users\\Admin\\Desktop\\OneDrive\\CodeItems\\2_FullStack\\3_JavaScript\\javascript-course-pdfs\\11_Pratice\\Practice_Solution\\1_NUMBER\\NUMBER-07.js": {"path":"C:\\Users\\Admin\\Desktop\\OneDrive\\CodeItems\\2_FullStack\\3_JavaScript\\javascript-course-pdfs\\11_Pratice\\Practice_Solution\\1_NUMBER\\NUMBER-07.js","statementMap":{"0":{"start":{"line":2,"column":2},"end":{"line":2,"column":43}},"1":{"start":{"line":2,"column":30},"end":{"line":2,"column":43}},"2":{"start":{"line":3,"column":2},"end":{"line":3,"column":26}},"3":{"start":{"line":3,"column":14},"end":{"line":3,"column":26}},"4":{"start":{"line":4,"column":16},"end":{"line":4,"column":38}},"5":{"start":{"line":5,"column":19},"end":{"line":5,"column":43}},"6":{"start":{"line":6,"column":18},"end":{"line":6,"column":52}},"7":{"start":{"line":7,"column":2},"end":{"line":7,"column":30}},"8":{"start":{"line":11,"column":2},"end":{"line":11,"column":43}},"9":{"start":{"line":11,"column":30},"end":{"line":11,"column":43}},"10":{"start":{"line":12,"column":2},"end":{"line":12,"column":26}},"11":{"start":{"line":12,"column":14},"end":{"line":12,"column":26}},"12":{"start":{"line":13,"column":16},"end":{"line":13,"column":17}},"13":{"start":{"line":14,"column":13},"end":{"line":14,"column":14}},"14":{"start":{"line":15,"column":2},"end":{"line":18,"column":3}},"15":{"start":{"line":16,"column":4},"end":{"line":16,"column":41}},"16":{"start":{"line":17,"column":4},"end":{"line":17,"column":33}},"17":{"start":{"line":19,"column":2},"end":{"line":19,"column":23}}},"fnMap":{"0":{"name":"isSymmetricNumberV1","decl":{"start":{"line":1,"column":16},"end":{"line":1,"column":35}},"loc":{"start":{"line":1,"column":39},"end":{"line":8,"column":1}},"line":1},"1":{"name":"isSymmetricNumberV2","decl":{"start":{"line":10,"column":16},"end":{"line":10,"column":35}},"loc":{"start":{"line":10,"column":39},"end":{"line":20,"column":1}},"line":10}},"branchMap":{"0":{"loc":{"start":{"line":2,"column":2},"end":{"line":2,"column":43}},"type":"if","locations":[{"start":{"line":2,"column":2},"end":{"line":2,"column":43}},{"start":{},"end":{}}],"line":2},"1":{"loc":{"start":{"line":2,"column":6},"end":{"line":2,"column":28}},"type":"binary-expr","locations":[{"start":{"line":2,"column":6},"end":{"line":2,"column":12}},{"start":{"line":2,"column":16},"end":{"line":2,"column":28}}],"line":2},"2":{"loc":{"start":{"line":3,"column":2},"end":{"line":3,"column":26}},"type":"if","locations":[{"start":{"line":3,"column":2},"end":{"line":3,"column":26}},{"start":{},"end":{}}],"line":3},"3":{"loc":{"start":{"line":11,"column":2},"end":{"line":11,"column":43}},"type":"if","locations":[{"start":{"line":11,"column":2},"end":{"line":11,"column":43}},{"start":{},"end":{}}],"line":11},"4":{"loc":{"start":{"line":11,"column":6},"end":{"line":11,"column":28}},"type":"binary-expr","locations":[{"start":{"line":11,"column":6},"end":{"line":11,"column":12}},{"start":{"line":11,"column":16},"end":{"line":11,"column":28}}],"line":11},"5":{"loc":{"start":{"line":12,"column":2},"end":{"line":12,"column":26}},"type":"if","locations":[{"start":{"line":12,"column":2},"end":{"line":12,"column":26}},{"start":{},"end":{}}],"line":12}},"s":{"0":19,"1":2,"2":17,"3":8,"4":9,"5":9,"6":9,"7":9,"8":19,"9":2,"10":17,"11":8,"12":9,"13":9,"14":9,"15":30,"16":30,"17":9},"f":{"0":19,"1":19},"b":{"0":[2,17],"1":[19,18],"2":[8,9],"3":[2,17],"4":[19,18],"5":[8,9]},"_coverageSchema":"1a1c01bbd47fc00a2c39e90264f33305004495a9","hash":"715799b0c29da1a7eb14f9c73dc15d0623051571"}
,"C:\\Users\\Admin\\Desktop\\OneDrive\\CodeItems\\2_FullStack\\3_JavaScript\\javascript-course-pdfs\\11_Pratice\\Practice_Solution\\1_NUMBER\\NUMBER-08.js": {"path":"C:\\Users\\Admin\\Desktop\\OneDrive\\CodeItems\\2_FullStack\\3_JavaScript\\javascript-course-pdfs\\11_Pratice\\Practice_Solution\\1_NUMBER\\NUMBER-08.js","statementMap":{"0":{"start":{"line":2,"column":2},"end":{"line":2,"column":43}},"1":{"start":{"line":2,"column":30},"end":{"line":2,"column":43}},"2":{"start":{"line":3,"column":20},"end":{"line":3,"column":21}},"3":{"start":{"line":4,"column":2},"end":{"line":7,"column":3}},"4":{"start":{"line":5,"column":4},"end":{"line":5,"column":26}},"5":{"start":{"line":6,"column":4},"end":{"line":6,"column":27}},"6":{"start":{"line":8,"column":2},"end":{"line":8,"column":27}},"7":{"start":{"line":9,"column":2},"end":{"line":9,"column":32}},"8":{"start":{"line":13,"column":2},"end":{"line":13,"column":43}},"9":{"start":{"line":13,"column":30},"end":{"line":13,"column":43}},"10":{"start":{"line":14,"column":20},"end":{"line":14,"column":21}},"11":{"start":{"line":15,"column":16},"end":{"line":15,"column":38}},"12":{"start":{"line":16,"column":2},"end":{"line":18,"column":3}},"13":{"start":{"line":16,"column":15},"end":{"line":16,"column":16}},"14":{"start":{"line":17,"column":4},"end":{"line":17,"column":38}},"15":{"start":{"line":19,"column":2},"end":{"line":19,"column":32}}},"fnMap":{"0":{"name":"isDivisibleBy10V1","decl":{"start":{"line":1,"column":16},"end":{"line":1,"column":33}},"loc":{"start":{"line":1,"column":37},"end":{"line":10,"column":1}},"line":1},"1":{"name":"isDivisibleBy10V2","decl":{"start":{"line":12,"column":16},"end":{"line":12,"column":33}},"loc":{"start":{"line":12,"column":37},"end":{"line":20,"column":1}},"line":12}},"branchMap":{"0":{"loc":{"start":{"line":2,"column":2},"end":{"line":2,"column":43}},"type":"if","locations":[{"start":{"line":2,"column":2},"end":{"line":2,"column":43}},{"start":{},"end":{}}],"line":2},"1":{"loc":{"start":{"line":2,"column":6},"end":{"line":2,"column":28}},"type":"binary-expr","locations":[{"start":{"line":2,"column":6},"end":{"line":2,"column":12}},{"start":{"line":2,"column":16},"end":{"line":2,"column":28}}],"line":2},"2":{"loc":{"start":{"line":13,"column":2},"end":{"line":13,"column":43}},"type":"if","locations":[{"start":{"line":13,"column":2},"end":{"line":13,"column":43}},{"start":{},"end":{}}],"line":13},"3":{"loc":{"start":{"line":13,"column":6},"end":{"line":13,"column":28}},"type":"binary-expr","locations":[{"start":{"line":13,"column":6},"end":{"line":13,"column":12}},{"start":{"line":13,"column":16},"end":{"line":13,"column":28}}],"line":13}},"s":{"0":7,"1":2,"2":5,"3":5,"4":17,"5":17,"6":5,"7":5,"8":7,"9":2,"10":5,"11":5,"12":5,"13":5,"14":17,"15":5},"f":{"0":7,"1":7},"b":{"0":[2,5],"1":[7,6],"2":[2,5],"3":[7,6]},"_coverageSchema":"1a1c01bbd47fc00a2c39e90264f33305004495a9","hash":"22528dc3f2c734331851607ef6411ac87b3fa233"}
,"C:\\Users\\Admin\\Desktop\\OneDrive\\CodeItems\\2_FullStack\\3_JavaScript\\javascript-course-pdfs\\11_Pratice\\Practice_Solution\\1_NUMBER\\NUMBER-09.js": {"path":"C:\\Users\\Admin\\Desktop\\OneDrive\\CodeItems\\2_FullStack\\3_JavaScript\\javascript-course-pdfs\\11_Pratice\\Practice_Solution\\1_NUMBER\\NUMBER-09.js","statementMap":{"0":{"start":{"line":2,"column":2},"end":{"line":2,"column":68}},"1":{"start":{"line":2,"column":55},"end":{"line":2,"column":68}},"2":{"start":{"line":3,"column":16},"end":{"line":3,"column":38}},"3":{"start":{"line":4,"column":10},"end":{"line":4,"column":11}},"4":{"start":{"line":5,"column":2},"end":{"line":10,"column":3}},"5":{"start":{"line":6,"column":17},"end":{"line":6,"column":41}},"6":{"start":{"line":7,"column":4},"end":{"line":7,"column":55}},"7":{"start":{"line":7,"column":43},"end":{"line":7,"column":55}},"8":{"start":{"line":8,"column":4},"end":{"line":8,"column":24}},"9":{"start":{"line":9,"column":4},"end":{"line":9,"column":8}},"10":{"start":{"line":11,"column":2},"end":{"line":11,"column":15}}},"fnMap":{"0":{"name":"hasTwoDigitsWithSumV1","decl":{"start":{"line":1,"column":16},"end":{"line":1,"column":37}},"loc":{"start":{"line":1,"column":46},"end":{"line":12,"column":1}},"line":1}},"branchMap":{"0":{"loc":{"start":{"line":2,"column":2},"end":{"line":2,"column":68}},"type":"if","locations":[{"start":{"line":2,"column":2},"end":{"line":2,"column":68}},{"start":{},"end":{}}],"line":2},"1":{"loc":{"start":{"line":2,"column":6},"end":{"line":2,"column":53}},"type":"binary-expr","locations":[{"start":{"line":2,"column":6},"end":{"line":2,"column":12}},{"start":{"line":2,"column":16},"end":{"line":2,"column":28}},{"start":{"line":2,"column":32},"end":{"line":2,"column":40}},{"start":{"line":2,"column":44},"end":{"line":2,"column":53}}],"line":2},"2":{"loc":{"start":{"line":7,"column":4},"end":{"line":7,"column":55}},"type":"if","locations":[{"start":{"line":7,"column":4},"end":{"line":7,"column":55}},{"start":{},"end":{}}],"line":7}},"s":{"0":9,"1":4,"2":5,"3":5,"4":5,"5":9,"6":9,"7":4,"8":5,"9":5,"10":1},"f":{"0":9},"b":{"0":[4,5],"1":[9,8,7,6],"2":[4,5]},"_coverageSchema":"1a1c01bbd47fc00a2c39e90264f33305004495a9","hash":"2acd500e12c11cb1a54eb7907945546553319d82"}
,"C:\\Users\\Admin\\Desktop\\OneDrive\\CodeItems\\2_FullStack\\3_JavaScript\\javascript-course-pdfs\\11_Pratice\\Practice_Solution\\2_STRING\\STRING-01.js": {"path":"C:\\Users\\Admin\\Desktop\\OneDrive\\CodeItems\\2_FullStack\\3_JavaScript\\javascript-course-pdfs\\11_Pratice\\Practice_Solution\\2_STRING\\STRING-01.js","statementMap":{"0":{"start":{"line":2,"column":2},"end":{"line":2,"column":47}},"1":{"start":{"line":2,"column":34},"end":{"line":2,"column":47}},"2":{"start":{"line":3,"column":2},"end":{"line":3,"column":25}},"3":{"start":{"line":4,"column":20},"end":{"line":4,"column":21}},"4":{"start":{"line":5,"column":2},"end":{"line":7,"column":3}},"5":{"start":{"line":5,"column":15},"end":{"line":5,"column":16}},"6":{"start":{"line":6,"column":4},"end":{"line":6,"column":41}},"7":{"start":{"line":6,"column":27},"end":{"line":6,"column":41}},"8":{"start":{"line":8,"column":2},"end":{"line":8,"column":25}},"9":{"start":{"line":12,"column":2},"end":{"line":12,"column":47}},"10":{"start":{"line":12,"column":34},"end":{"line":12,"column":47}},"11":{"start":{"line":13,"column":2},"end":{"line":13,"column":34}}},"fnMap":{"0":{"name":"countWordsV1","decl":{"start":{"line":1,"column":16},"end":{"line":1,"column":28}},"loc":{"start":{"line":1,"column":37},"end":{"line":9,"column":1}},"line":1},"1":{"name":"countWordsV2","decl":{"start":{"line":11,"column":16},"end":{"line":11,"column":28}},"loc":{"start":{"line":11,"column":37},"end":{"line":14,"column":1}},"line":11}},"branchMap":{"0":{"loc":{"start":{"line":2,"column":2},"end":{"line":2,"column":47}},"type":"if","locations":[{"start":{"line":2,"column":2},"end":{"line":2,"column":47}},{"start":{},"end":{}}],"line":2},"1":{"loc":{"start":{"line":6,"column":4},"end":{"line":6,"column":41}},"type":"if","locations":[{"start":{"line":6,"column":4},"end":{"line":6,"column":41}},{"start":{},"end":{}}],"line":6},"2":{"loc":{"start":{"line":12,"column":2},"end":{"line":12,"column":47}},"type":"if","locations":[{"start":{"line":12,"column":2},"end":{"line":12,"column":47}},{"start":{},"end":{}}],"line":12}},"s":{"0":6,"1":1,"2":5,"3":5,"4":5,"5":5,"6":56,"7":9,"8":5,"9":6,"10":1,"11":5},"f":{"0":6,"1":6},"b":{"0":[1,5],"1":[9,47],"2":[1,5]},"_coverageSchema":"1a1c01bbd47fc00a2c39e90264f33305004495a9","hash":"ea748b49388ba17c78de2be8a874a815129cc13a"}
,"C:\\Users\\Admin\\Desktop\\OneDrive\\CodeItems\\2_FullStack\\3_JavaScript\\javascript-course-pdfs\\11_Pratice\\Practice_Solution\\2_STRING\\STRING-02.js": {"path":"C:\\Users\\Admin\\Desktop\\OneDrive\\CodeItems\\2_FullStack\\3_JavaScript\\javascript-course-pdfs\\11_Pratice\\Practice_Solution\\2_STRING\\STRING-02.js","statementMap":{"0":{"start":{"line":2,"column":2},"end":{"line":2,"column":31}},"1":{"start":{"line":2,"column":21},"end":{"line":2,"column":31}},"2":{"start":{"line":3,"column":2},"end":{"line":3,"column":47}},"3":{"start":{"line":3,"column":34},"end":{"line":3,"column":47}},"4":{"start":{"line":4,"column":23},"end":{"line":4,"column":25}},"5":{"start":{"line":5,"column":16},"end":{"line":10,"column":6}},"6":{"start":{"line":7,"column":19},"end":{"line":7,"column":27}},"7":{"start":{"line":9,"column":6},"end":{"line":9,"column":89}},"8":{"start":{"line":11,"column":2},"end":{"line":11,"column":22}},"9":{"start":{"line":15,"column":2},"end":{"line":15,"column":31}},"10":{"start":{"line":15,"column":21},"end":{"line":15,"column":31}},"11":{"start":{"line":16,"column":2},"end":{"line":16,"column":47}},"12":{"start":{"line":16,"column":34},"end":{"line":16,"column":47}},"13":{"start":{"line":17,"column":2},"end":{"line":22,"column":11}},"14":{"start":{"line":18,"column":19},"end":{"line":18,"column":27}},"15":{"start":{"line":20,"column":6},"end":{"line":20,"column":89}},"16":{"start":{"line":21,"column":6},"end":{"line":21,"column":26}}},"fnMap":{"0":{"name":"statisticsWordsV1","decl":{"start":{"line":1,"column":16},"end":{"line":1,"column":33}},"loc":{"start":{"line":1,"column":42},"end":{"line":12,"column":1}},"line":1},"1":{"name":"(anonymous_1)","decl":{"start":{"line":7,"column":12},"end":{"line":7,"column":13}},"loc":{"start":{"line":7,"column":19},"end":{"line":7,"column":27}},"line":7},"2":{"name":"(anonymous_2)","decl":{"start":{"line":8,"column":13},"end":{"line":8,"column":14}},"loc":{"start":{"line":8,"column":23},"end":{"line":10,"column":5}},"line":8},"3":{"name":"statisticsWordsV2","decl":{"start":{"line":14,"column":16},"end":{"line":14,"column":33}},"loc":{"start":{"line":14,"column":42},"end":{"line":23,"column":1}},"line":14},"4":{"name":"(anonymous_4)","decl":{"start":{"line":18,"column":12},"end":{"line":18,"column":13}},"loc":{"start":{"line":18,"column":19},"end":{"line":18,"column":27}},"line":18},"5":{"name":"(anonymous_5)","decl":{"start":{"line":19,"column":12},"end":{"line":19,"column":13}},"loc":{"start":{"line":19,"column":36},"end":{"line":22,"column":5}},"line":19}},"branchMap":{"0":{"loc":{"start":{"line":2,"column":2},"end":{"line":2,"column":31}},"type":"if","locations":[{"start":{"line":2,"column":2},"end":{"line":2,"column":31}},{"start":{},"end":{}}],"line":2},"1":{"loc":{"start":{"line":3,"column":2},"end":{"line":3,"column":47}},"type":"if","locations":[{"start":{"line":3,"column":2},"end":{"line":3,"column":47}},{"start":{},"end":{}}],"line":3},"2":{"loc":{"start":{"line":9,"column":27},"end":{"line":9,"column":88}},"type":"cond-expr","locations":[{"start":{"line":9,"column":62},"end":{"line":9,"column":84}},{"start":{"line":9,"column":87},"end":{"line":9,"column":88}}],"line":9},"3":{"loc":{"start":{"line":15,"column":2},"end":{"line":15,"column":31}},"type":"if","locations":[{"start":{"line":15,"column":2},"end":{"line":15,"column":31}},{"start":{},"end":{}}],"line":15},"4":{"loc":{"start":{"line":16,"column":2},"end":{"line":16,"column":47}},"type":"if","locations":[{"start":{"line":16,"column":2},"end":{"line":16,"column":47}},{"start":{},"end":{}}],"line":16},"5":{"loc":{"start":{"line":20,"column":27},"end":{"line":20,"column":88}},"type":"cond-expr","locations":[{"start":{"line":20,"column":62},"end":{"line":20,"column":84}},{"start":{"line":20,"column":87},"end":{"line":20,"column":88}}],"line":20}},"s":{"0":6,"1":1,"2":5,"3":1,"4":4,"5":4,"6":44,"7":21,"8":4,"9":6,"10":1,"11":5,"12":1,"13":4,"14":52,"15":21,"16":21},"f":{"0":6,"1":44,"2":21,"3":6,"4":52,"5":21},"b":{"0":[1,5],"1":[1,4],"2":[5,16],"3":[1,5],"4":[1,4],"5":[5,16]},"_coverageSchema":"1a1c01bbd47fc00a2c39e90264f33305004495a9","hash":"cff79c09543802dccf341379f3e462a6f6338e09"}
,"C:\\Users\\Admin\\Desktop\\OneDrive\\CodeItems\\2_FullStack\\3_JavaScript\\javascript-course-pdfs\\11_Pratice\\Practice_Solution\\2_STRING\\STRING-03.js": {"path":"C:\\Users\\Admin\\Desktop\\OneDrive\\CodeItems\\2_FullStack\\3_JavaScript\\javascript-course-pdfs\\11_Pratice\\Practice_Solution\\2_STRING\\STRING-03.js","statementMap":{"0":{"start":{"line":2,"column":2},"end":{"line":2,"column":31}},"1":{"start":{"line":2,"column":21},"end":{"line":2,"column":31}},"2":{"start":{"line":3,"column":2},"end":{"line":10,"column":11}},"3":{"start":{"line":4,"column":19},"end":{"line":4,"column":27}},"4":{"start":{"line":6,"column":6},"end":{"line":6,"column":49}},"5":{"start":{"line":6,"column":29},"end":{"line":6,"column":49}},"6":{"start":{"line":7,"column":6},"end":{"line":8,"column":80}},"7":{"start":{"line":9,"column":6},"end":{"line":9,"column":26}},"8":{"start":{"line":14,"column":2},"end":{"line":14,"column":31}},"9":{"start":{"line":14,"column":21},"end":{"line":14,"column":31}},"10":{"start":{"line":15,"column":23},"end":{"line":15,"column":25}},"11":{"start":{"line":16,"column":16},"end":{"line":22,"column":6}},"12":{"start":{"line":17,"column":19},"end":{"line":17,"column":27}},"13":{"start":{"line":19,"column":6},"end":{"line":19,"column":49}},"14":{"start":{"line":19,"column":29},"end":{"line":19,"column":49}},"15":{"start":{"line":20,"column":6},"end":{"line":21,"column":80}},"16":{"start":{"line":23,"column":2},"end":{"line":23,"column":22}}},"fnMap":{"0":{"name":"statisticsCharactersV1","decl":{"start":{"line":1,"column":16},"end":{"line":1,"column":38}},"loc":{"start":{"line":1,"column":47},"end":{"line":11,"column":1}},"line":1},"1":{"name":"(anonymous_1)","decl":{"start":{"line":4,"column":12},"end":{"line":4,"column":13}},"loc":{"start":{"line":4,"column":19},"end":{"line":4,"column":27}},"line":4},"2":{"name":"(anonymous_2)","decl":{"start":{"line":5,"column":12},"end":{"line":5,"column":13}},"loc":{"start":{"line":5,"column":41},"end":{"line":10,"column":5}},"line":5},"3":{"name":"statisticsCharactersV2","decl":{"start":{"line":13,"column":16},"end":{"line":13,"column":38}},"loc":{"start":{"line":13,"column":47},"end":{"line":24,"column":1}},"line":13},"4":{"name":"(anonymous_4)","decl":{"start":{"line":17,"column":12},"end":{"line":17,"column":13}},"loc":{"start":{"line":17,"column":19},"end":{"line":17,"column":27}},"line":17},"5":{"name":"(anonymous_5)","decl":{"start":{"line":18,"column":13},"end":{"line":18,"column":14}},"loc":{"start":{"line":18,"column":28},"end":{"line":22,"column":5}},"line":18}},"branchMap":{"0":{"loc":{"start":{"line":2,"column":2},"end":{"line":2,"column":31}},"type":"if","locations":[{"start":{"line":2,"column":2},"end":{"line":2,"column":31}},{"start":{},"end":{}}],"line":2},"1":{"loc":{"start":{"line":6,"column":6},"end":{"line":6,"column":49}},"type":"if","locations":[{"start":{"line":6,"column":6},"end":{"line":6,"column":49}},{"start":{},"end":{}}],"line":6},"2":{"loc":{"start":{"line":8,"column":8},"end":{"line":8,"column":79}},"type":"cond-expr","locations":[{"start":{"line":8,"column":48},"end":{"line":8,"column":75}},{"start":{"line":8,"column":78},"end":{"line":8,"column":79}}],"line":8},"3":{"loc":{"start":{"line":14,"column":2},"end":{"line":14,"column":31}},"type":"if","locations":[{"start":{"line":14,"column":2},"end":{"line":14,"column":31}},{"start":{},"end":{}}],"line":14},"4":{"loc":{"start":{"line":19,"column":6},"end":{"line":19,"column":49}},"type":"if","locations":[{"start":{"line":19,"column":6},"end":{"line":19,"column":49}},{"start":{},"end":{}}],"line":19},"5":{"loc":{"start":{"line":21,"column":8},"end":{"line":21,"column":79}},"type":"cond-expr","locations":[{"start":{"line":21,"column":48},"end":{"line":21,"column":75}},{"start":{"line":21,"column":78},"end":{"line":21,"column":79}}],"line":21}},"s":{"0":4,"1":1,"2":3,"3":38,"4":38,"5":14,"6":38,"7":38,"8":4,"9":1,"10":3,"11":3,"12":38,"13":38,"14":14,"15":38,"16":3},"f":{"0":4,"1":38,"2":38,"3":4,"4":38,"5":38},"b":{"0":[1,3],"1":[14,24],"2":[24,14],"3":[1,3],"4":[14,24],"5":[24,14]},"_coverageSchema":"1a1c01bbd47fc00a2c39e90264f33305004495a9","hash":"f06742c6d9e9262c6ec8a6f037d2d8127f666fc8"}
,"C:\\Users\\Admin\\Desktop\\OneDrive\\CodeItems\\2_FullStack\\3_JavaScript\\javascript-course-pdfs\\11_Pratice\\Practice_Solution\\2_STRING\\STRING-04.js": {"path":"C:\\Users\\Admin\\Desktop\\OneDrive\\CodeItems\\2_FullStack\\3_JavaScript\\javascript-course-pdfs\\11_Pratice\\Practice_Solution\\2_STRING\\STRING-04.js","statementMap":{"0":{"start":{"line":2,"column":2},"end":{"line":2,"column":47}},"1":{"start":{"line":2,"column":34},"end":{"line":2,"column":47}},"2":{"start":{"line":3,"column":14},"end":{"line":3,"column":80}},"3":{"start":{"line":3,"column":55},"end":{"line":3,"column":79}},"4":{"start":{"line":4,"column":14},"end":{"line":4,"column":15}},"5":{"start":{"line":5,"column":2},"end":{"line":14,"column":3}},"6":{"start":{"line":5,"column":15},"end":{"line":5,"column":16}},"7":{"start":{"line":6,"column":4},"end":{"line":6,"column":35}},"8":{"start":{"line":7,"column":4},"end":{"line":13,"column":14}},"9":{"start":{"line":13,"column":6},"end":{"line":13,"column":14}},"10":{"start":{"line":15,"column":2},"end":{"line":15,"column":15}}},"fnMap":{"0":{"name":"countEmailsV1","decl":{"start":{"line":1,"column":16},"end":{"line":1,"column":29}},"loc":{"start":{"line":1,"column":38},"end":{"line":16,"column":1}},"line":1},"1":{"name":"(anonymous_1)","decl":{"start":{"line":3,"column":39},"end":{"line":3,"column":40}},"loc":{"start":{"line":3,"column":55},"end":{"line":3,"column":79}},"line":3}},"branchMap":{"0":{"loc":{"start":{"line":2,"column":2},"end":{"line":2,"column":47}},"type":"if","locations":[{"start":{"line":2,"column":2},"end":{"line":2,"column":47}},{"start":{},"end":{}}],"line":2},"1":{"loc":{"start":{"line":7,"column":4},"end":{"line":13,"column":14}},"type":"if","locations":[{"start":{"line":7,"column":4},"end":{"line":13,"column":14}},{"start":{},"end":{}}],"line":7},"2":{"loc":{"start":{"line":8,"column":6},"end":{"line":11,"column":36}},"type":"binary-expr","locations":[{"start":{"line":8,"column":6},"end":{"line":8,"column":29}},{"start":{"line":9,"column":7},"end":{"line":9,"column":35}},{"start":{"line":10,"column":8},"end":{"line":10,"column":39}},{"start":{"line":11,"column":8},"end":{"line":11,"column":35}}],"line":8}},"s":{"0":6,"1":1,"2":5,"3":30,"4":5,"5":5,"6":5,"7":7,"8":7,"9":5,"10":5},"f":{"0":6,"1":30},"b":{"0":[1,5],"1":[5,2],"2":[7,5,3,1]},"_coverageSchema":"1a1c01bbd47fc00a2c39e90264f33305004495a9","hash":"424e82e6f0f5d0d7a147b54b5e4bb0e7b4e1d6e8"}
,"C:\\Users\\Admin\\Desktop\\OneDrive\\CodeItems\\2_FullStack\\3_JavaScript\\javascript-course-pdfs\\11_Pratice\\Practice_Solution\\2_STRING\\STRING-05.js": {"path":"C:\\Users\\Admin\\Desktop\\OneDrive\\CodeItems\\2_FullStack\\3_JavaScript\\javascript-course-pdfs\\11_Pratice\\Practice_Solution\\2_STRING\\STRING-05.js","statementMap":{"0":{"start":{"line":2,"column":2},"end":{"line":2,"column":47}},"1":{"start":{"line":2,"column":34},"end":{"line":2,"column":47}},"2":{"start":{"line":3,"column":14},"end":{"line":3,"column":64}},"3":{"start":{"line":3,"column":46},"end":{"line":3,"column":63}},"4":{"start":{"line":4,"column":14},"end":{"line":4,"column":15}},"5":{"start":{"line":5,"column":2},"end":{"line":21,"column":3}},"6":{"start":{"line":5,"column":15},"end":{"line":5,"column":16}},"7":{"start":{"line":7,"column":6},"end":{"line":12,"column":15}},"8":{"start":{"line":13,"column":4},"end":{"line":13,"column":50}},"9":{"start":{"line":13,"column":41},"end":{"line":13,"column":50}},"10":{"start":{"line":15,"column":6},"end":{"line":17,"column":15}},"11":{"start":{"line":18,"column":4},"end":{"line":18,"column":48}},"12":{"start":{"line":18,"column":39},"end":{"line":18,"column":48}},"13":{"start":{"line":19,"column":29},"end":{"line":19,"column":82}},"14":{"start":{"line":20,"column":4},"end":{"line":20,"column":41}},"15":{"start":{"line":20,"column":33},"end":{"line":20,"column":41}},"16":{"start":{"line":22,"column":2},"end":{"line":22,"column":15}}},"fnMap":{"0":{"name":"countURLs","decl":{"start":{"line":1,"column":16},"end":{"line":1,"column":25}},"loc":{"start":{"line":1,"column":34},"end":{"line":23,"column":1}},"line":1},"1":{"name":"(anonymous_1)","decl":{"start":{"line":3,"column":39},"end":{"line":3,"column":40}},"loc":{"start":{"line":3,"column":46},"end":{"line":3,"column":63}},"line":3}},"branchMap":{"0":{"loc":{"start":{"line":2,"column":2},"end":{"line":2,"column":47}},"type":"if","locations":[{"start":{"line":2,"column":2},"end":{"line":2,"column":47}},{"start":{},"end":{}}],"line":2},"1":{"loc":{"start":{"line":7,"column":6},"end":{"line":12,"column":15}},"type":"cond-expr","locations":[{"start":{"line":11,"column":10},"end":{"line":11,"column":14}},{"start":{"line":12,"column":10},"end":{"line":12,"column":15}}],"line":7},"2":{"loc":{"start":{"line":7,"column":6},"end":{"line":10,"column":31}},"type":"binary-expr","locations":[{"start":{"line":7,"column":6},"end":{"line":7,"column":33}},{"start":{"line":8,"column":6},"end":{"line":8,"column":34}},{"start":{"line":9,"column":6},"end":{"line":9,"column":32}},{"start":{"line":10,"column":6},"end":{"line":10,"column":31}}],"line":7},"3":{"loc":{"start":{"line":13,"column":4},"end":{"line":13,"column":50}},"type":"if","locations":[{"start":{"line":13,"column":4},"end":{"line":13,"column":50}},{"start":{},"end":{}}],"line":13},"4":{"loc":{"start":{"line":15,"column":6},"end":{"line":17,"column":15}},"type":"cond-expr","locations":[{"start":{"line":16,"column":10},"end":{"line":16,"column":14}},{"start":{"line":17,"column":10},"end":{"line":17,"column":15}}],"line":15},"5":{"loc":{"start":{"line":15,"column":6},"end":{"line":15,"column":91}},"type":"binary-expr","locations":[{"start":{"line":15,"column":6},"end":{"line":15,"column":34}},{"start":{"line":15,"column":38},"end":{"line":15,"column":63}},{"start":{"line":15,"column":67},"end":{"line":15,"column":91}}],"line":15},"6":{"loc":{"start":{"line":18,"column":4},"end":{"line":18,"column":48}},"type":"if","locations":[{"start":{"line":18,"column":4},"end":{"line":18,"column":48}},{"start":{},"end":{}}],"line":18},"7":{"loc":{"start":{"line":20,"column":4},"end":{"line":20,"column":41}},"type":"if","locations":[{"start":{"line":20,"column":4},"end":{"line":20,"column":41}},{"start":{},"end":{}}],"line":20}},"s":{"0":6,"1":1,"2":5,"3":44,"4":5,"5":5,"6":5,"7":5,"8":5,"9":1,"10":4,"11":4,"12":1,"13":3,"14":3,"15":1,"16":5},"f":{"0":6,"1":44},"b":{"0":[1,5],"1":[4,1],"2":[5,3,3,2],"3":[1,4],"4":[3,1],"5":[4,3,1],"6":[1,3],"7":[1,2]},"_coverageSchema":"1a1c01bbd47fc00a2c39e90264f33305004495a9","hash":"efd97c6314ff48f590cb085eeea7db8647773767"}
,"C:\\Users\\Admin\\Desktop\\OneDrive\\CodeItems\\2_FullStack\\3_JavaScript\\javascript-course-pdfs\\11_Pratice\\Practice_Solution\\2_STRING\\STRING-06.js": {"path":"C:\\Users\\Admin\\Desktop\\OneDrive\\CodeItems\\2_FullStack\\3_JavaScript\\javascript-course-pdfs\\11_Pratice\\Practice_Solution\\2_STRING\\STRING-06.js","statementMap":{"0":{"start":{"line":2,"column":2},"end":{"line":2,"column":44}},"1":{"start":{"line":2,"column":34},"end":{"line":2,"column":44}},"2":{"start":{"line":3,"column":2},"end":{"line":3,"column":49}},"3":{"start":{"line":3,"column":26},"end":{"line":3,"column":49}},"4":{"start":{"line":4,"column":2},"end":{"line":4,"column":84}},"5":{"start":{"line":5,"column":2},"end":{"line":5,"column":79}},"6":{"start":{"line":6,"column":2},"end":{"line":6,"column":89}},"7":{"start":{"line":7,"column":2},"end":{"line":7,"column":81}},"8":{"start":{"line":9,"column":21},"end":{"line":9,"column":23}},"9":{"start":{"line":10,"column":2},"end":{"line":12,"column":87}},"10":{"start":{"line":11,"column":4},"end":{"line":12,"column":87}},"11":{"start":{"line":13,"column":2},"end":{"line":13,"column":22}},"12":{"start":{"line":16,"column":0},"end":{"line":21,"column":2}}},"fnMap":{"0":{"name":"getDisplayedAddress","decl":{"start":{"line":1,"column":16},"end":{"line":1,"column":35}},"loc":{"start":{"line":1,"column":44},"end":{"line":14,"column":1}},"line":1}},"branchMap":{"0":{"loc":{"start":{"line":2,"column":2},"end":{"line":2,"column":44}},"type":"if","locations":[{"start":{"line":2,"column":2},"end":{"line":2,"column":44}},{"start":{},"end":{}}],"line":2},"1":{"loc":{"start":{"line":4,"column":18},"end":{"line":4,"column":83}},"type":"cond-expr","locations":[{"start":{"line":4,"column":48},"end":{"line":4,"column":67}},{"start":{"line":4,"column":70},"end":{"line":4,"column":83}}],"line":4},"2":{"loc":{"start":{"line":5,"column":16},"end":{"line":5,"column":78}},"type":"cond-expr","locations":[{"start":{"line":5,"column":46},"end":{"line":5,"column":64}},{"start":{"line":5,"column":67},"end":{"line":5,"column":78}}],"line":5},"3":{"loc":{"start":{"line":6,"column":20},"end":{"line":6,"column":88}},"type":"cond-expr","locations":[{"start":{"line":6,"column":48},"end":{"line":6,"column":70}},{"start":{"line":6,"column":73},"end":{"line":6,"column":88}}],"line":6},"4":{"loc":{"start":{"line":7,"column":16},"end":{"line":7,"column":80}},"type":"cond-expr","locations":[{"start":{"line":7,"column":48},"end":{"line":7,"column":66}},{"start":{"line":7,"column":69},"end":{"line":7,"column":80}}],"line":7},"5":{"loc":{"start":{"line":12,"column":6},"end":{"line":12,"column":86}},"type":"cond-expr","locations":[{"start":{"line":12,"column":70},"end":{"line":12,"column":81}},{"start":{"line":12,"column":84},"end":{"line":12,"column":86}}],"line":12},"6":{"loc":{"start":{"line":12,"column":6},"end":{"line":12,"column":67}},"type":"binary-expr","locations":[{"start":{"line":12,"column":6},"end":{"line":12,"column":35}},{"start":{"line":12,"column":39},"end":{"line":12,"column":67}}],"line":12}},"s":{"0":5,"1":1,"2":4,"3":11,"4":4,"5":4,"6":4,"7":4,"8":4,"9":4,"10":19,"11":4,"12":1},"f":{"0":5},"b":{"0":[1,4],"1":[3,1],"2":[4,0],"3":[4,0],"4":[4,0],"5":[11,8],"6":[19,13]},"_coverageSchema":"1a1c01bbd47fc00a2c39e90264f33305004495a9","hash":"11a65b41ce997c614b0a3d13c2669962c425f14e"}
,"C:\\Users\\Admin\\Desktop\\OneDrive\\CodeItems\\2_FullStack\\3_JavaScript\\javascript-course-pdfs\\11_Pratice\\Practice_Solution\\2_STRING\\STRING-07.js": {"path":"C:\\Users\\Admin\\Desktop\\OneDrive\\CodeItems\\2_FullStack\\3_JavaScript\\javascript-course-pdfs\\11_Pratice\\Practice_Solution\\2_STRING\\STRING-07.js","statementMap":{"0":{"start":{"line":2,"column":2},"end":{"line":7,"column":3}},"1":{"start":{"line":3,"column":21},"end":{"line":3,"column":30}},"2":{"start":{"line":4,"column":4},"end":{"line":6,"column":5}},"3":{"start":{"line":5,"column":6},"end":{"line":5,"column":64}},"4":{"start":{"line":8,"column":2},"end":{"line":8,"column":20}},"5":{"start":{"line":10,"column":0},"end":{"line":10,"column":14}}},"fnMap":{"0":{"name":"fillPath","decl":{"start":{"line":1,"column":16},"end":{"line":1,"column":24}},"loc":{"start":{"line":1,"column":48},"end":{"line":9,"column":1}},"line":1}},"branchMap":{"0":{"loc":{"start":{"line":4,"column":4},"end":{"line":6,"column":5}},"type":"if","locations":[{"start":{"line":4,"column":4},"end":{"line":6,"column":5}},{"start":{},"end":{}}],"line":4}},"s":{"0":3,"1":4,"2":4,"3":4,"4":3,"5":1},"f":{"0":3},"b":{"0":[4,0]},"_coverageSchema":"1a1c01bbd47fc00a2c39e90264f33305004495a9","hash":"fb70a020a3e4f022781b9b2684a6b8d9fa041962"}
,"C:\\Users\\Admin\\Desktop\\OneDrive\\CodeItems\\2_FullStack\\3_JavaScript\\javascript-course-pdfs\\11_Pratice\\Practice_Solution\\3_ARRAY\\ARRAY-01-CD.js": {"path":"C:\\Users\\Admin\\Desktop\\OneDrive\\CodeItems\\2_FullStack\\3_JavaScript\\javascript-course-pdfs\\11_Pratice\\Practice_Solution\\3_ARRAY\\ARRAY-01-CD.js","statementMap":{"0":{"start":{"line":2,"column":2},"end":{"line":3,"column":24}},"1":{"start":{"line":3,"column":4},"end":{"line":3,"column":24}},"2":{"start":{"line":4,"column":2},"end":{"line":6,"column":33}},"3":{"start":{"line":4,"column":14},"end":{"line":4,"column":35}},"4":{"start":{"line":5,"column":7},"end":{"line":6,"column":33}},"5":{"start":{"line":5,"column":27},"end":{"line":5,"column":45}},"6":{"start":{"line":6,"column":7},"end":{"line":6,"column":33}},"7":{"start":{"line":7,"column":2},"end":{"line":7,"column":13}}},"fnMap":{"0":{"name":"insert","decl":{"start":{"line":1,"column":16},"end":{"line":1,"column":22}},"loc":{"start":{"line":1,"column":40},"end":{"line":8,"column":1}},"line":1}},"branchMap":{"0":{"loc":{"start":{"line":2,"column":2},"end":{"line":3,"column":24}},"type":"if","locations":[{"start":{"line":2,"column":2},"end":{"line":3,"column":24}},{"start":{},"end":{}}],"line":2},"1":{"loc":{"start":{"line":2,"column":6},"end":{"line":2,"column":81}},"type":"binary-expr","locations":[{"start":{"line":2,"column":6},"end":{"line":2,"column":25}},{"start":{"line":2,"column":29},"end":{"line":2,"column":56}},{"start":{"line":2,"column":60},"end":{"line":2,"column":81}}],"line":2},"2":{"loc":{"start":{"line":4,"column":2},"end":{"line":6,"column":33}},"type":"if","locations":[{"start":{"line":4,"column":2},"end":{"line":6,"column":33}},{"start":{"line":5,"column":7},"end":{"line":6,"column":33}}],"line":4},"3":{"loc":{"start":{"line":5,"column":7},"end":{"line":6,"column":33}},"type":"if","locations":[{"start":{"line":5,"column":7},"end":{"line":6,"column":33}},{"start":{"line":6,"column":7},"end":{"line":6,"column":33}}],"line":5}},"s":{"0":4,"1":1,"2":3,"3":1,"4":2,"5":1,"6":1,"7":3},"f":{"0":4},"b":{"0":[1,3],"1":[4,3,3],"2":[1,2],"3":[1,1]},"_coverageSchema":"1a1c01bbd47fc00a2c39e90264f33305004495a9","hash":"6278526089c82c6c203771095f3bf01c86a1bf65"}
,"C:\\Users\\Admin\\Desktop\\OneDrive\\CodeItems\\2_FullStack\\3_JavaScript\\javascript-course-pdfs\\11_Pratice\\Practice_Solution\\3_ARRAY\\ARRAY-01-CHECK.js": {"path":"C:\\Users\\Admin\\Desktop\\OneDrive\\CodeItems\\2_FullStack\\3_JavaScript\\javascript-course-pdfs\\11_Pratice\\Practice_Solution\\3_ARRAY\\ARRAY-01-CHECK.js","statementMap":{"0":{"start":{"line":2,"column":2},"end":{"line":2,"column":83}},"1":{"start":{"line":2,"column":63},"end":{"line":2,"column":83}},"2":{"start":{"line":3,"column":2},"end":{"line":3,"column":49}},"3":{"start":{"line":3,"column":27},"end":{"line":3,"column":47}}},"fnMap":{"0":{"name":"hasEvenNumberGreaterThanN","decl":{"start":{"line":1,"column":16},"end":{"line":1,"column":41}},"loc":{"start":{"line":1,"column":52},"end":{"line":4,"column":1}},"line":1},"1":{"name":"(anonymous_1)","decl":{"start":{"line":3,"column":20},"end":{"line":3,"column":21}},"loc":{"start":{"line":3,"column":27},"end":{"line":3,"column":47}},"line":3}},"branchMap":{"0":{"loc":{"start":{"line":2,"column":2},"end":{"line":2,"column":83}},"type":"if","locations":[{"start":{"line":2,"column":2},"end":{"line":2,"column":83}},{"start":{},"end":{}}],"line":2},"1":{"loc":{"start":{"line":2,"column":6},"end":{"line":2,"column":61}},"type":"binary-expr","locations":[{"start":{"line":2,"column":6},"end":{"line":2,"column":36}},{"start":{"line":2,"column":40},"end":{"line":2,"column":61}}],"line":2},"2":{"loc":{"start":{"line":3,"column":27},"end":{"line":3,"column":47}},"type":"binary-expr","locations":[{"start":{"line":3,"column":27},"end":{"line":3,"column":32}},{"start":{"line":3,"column":36},"end":{"line":3,"column":47}}],"line":3}},"s":{"0":5,"1":2,"2":3,"3":7},"f":{"0":5,"1":7},"b":{"0":[2,3],"1":[5,4],"2":[7,3]},"_coverageSchema":"1a1c01bbd47fc00a2c39e90264f33305004495a9","hash":"fa837351ddedc4a40f4b747fafaf2783d4c93e68"}
,"C:\\Users\\Admin\\Desktop\\OneDrive\\CodeItems\\2_FullStack\\3_JavaScript\\javascript-course-pdfs\\11_Pratice\\Practice_Solution\\3_ARRAY\\ARRAY-01-COUNT.js": {"path":"C:\\Users\\Admin\\Desktop\\OneDrive\\CodeItems\\2_FullStack\\3_JavaScript\\javascript-course-pdfs\\11_Pratice\\Practice_Solution\\3_ARRAY\\ARRAY-01-COUNT.js","statementMap":{"0":{"start":{"line":2,"column":2},"end":{"line":2,"column":54}},"1":{"start":{"line":2,"column":34},"end":{"line":2,"column":54}},"2":{"start":{"line":3,"column":2},"end":{"line":6,"column":8}},"3":{"start":{"line":4,"column":4},"end":{"line":4,"column":65}},"4":{"start":{"line":4,"column":40},"end":{"line":4,"column":65}},"5":{"start":{"line":5,"column":4},"end":{"line":5,"column":36}}},"fnMap":{"0":{"name":"countPositiveEvenNumbers","decl":{"start":{"line":1,"column":16},"end":{"line":1,"column":40}},"loc":{"start":{"line":1,"column":53},"end":{"line":7,"column":1}},"line":1},"1":{"name":"(anonymous_1)","decl":{"start":{"line":3,"column":27},"end":{"line":3,"column":28}},"loc":{"start":{"line":3,"column":63},"end":{"line":6,"column":3}},"line":3}},"branchMap":{"0":{"loc":{"start":{"line":2,"column":2},"end":{"line":2,"column":54}},"type":"if","locations":[{"start":{"line":2,"column":2},"end":{"line":2,"column":54}},{"start":{},"end":{}}],"line":2},"1":{"loc":{"start":{"line":4,"column":4},"end":{"line":4,"column":65}},"type":"if","locations":[{"start":{"line":4,"column":4},"end":{"line":4,"column":65}},{"start":{},"end":{}}],"line":4},"2":{"loc":{"start":{"line":4,"column":8},"end":{"line":4,"column":38}},"type":"binary-expr","locations":[{"start":{"line":4,"column":8},"end":{"line":4,"column":18}},{"start":{"line":4,"column":22},"end":{"line":4,"column":38}}],"line":4}},"s":{"0":4,"1":1,"2":3,"3":15,"4":4,"5":15},"f":{"0":4,"1":15},"b":{"0":[1,3],"1":[4,11],"2":[15,12]},"_coverageSchema":"1a1c01bbd47fc00a2c39e90264f33305004495a9","hash":"0262b3928dc5095493e9feae564dee5afb458a16"}
,"C:\\Users\\Admin\\Desktop\\OneDrive\\CodeItems\\2_FullStack\\3_JavaScript\\javascript-course-pdfs\\11_Pratice\\Practice_Solution\\3_ARRAY\\ARRAY-01-FILTER.js": {"path":"C:\\Users\\Admin\\Desktop\\OneDrive\\CodeItems\\2_FullStack\\3_JavaScript\\javascript-course-pdfs\\11_Pratice\\Practice_Solution\\3_ARRAY\\ARRAY-01-FILTER.js","statementMap":{"0":{"start":{"line":2,"column":2},"end":{"line":2,"column":74}},"1":{"start":{"line":2,"column":54},"end":{"line":2,"column":74}},"2":{"start":{"line":3,"column":20},"end":{"line":3,"column":22}},"3":{"start":{"line":4,"column":2},"end":{"line":4,"column":23}},"4":{"start":{"line":4,"column":13},"end":{"line":4,"column":23}},"5":{"start":{"line":5,"column":2},"end":{"line":7,"column":3}},"6":{"start":{"line":5,"column":15},"end":{"line":5,"column":16}},"7":{"start":{"line":6,"column":4},"end":{"line":6,"column":24}},"8":{"start":{"line":8,"column":2},"end":{"line":8,"column":21}}},"fnMap":{"0":{"name":"generateNumberInRange","decl":{"start":{"line":1,"column":16},"end":{"line":1,"column":37}},"loc":{"start":{"line":1,"column":44},"end":{"line":9,"column":1}},"line":1}},"branchMap":{"0":{"loc":{"start":{"line":2,"column":2},"end":{"line":2,"column":74}},"type":"if","locations":[{"start":{"line":2,"column":2},"end":{"line":2,"column":74}},{"start":{},"end":{}}],"line":2},"1":{"loc":{"start":{"line":2,"column":6},"end":{"line":2,"column":52}},"type":"binary-expr","locations":[{"start":{"line":2,"column":6},"end":{"line":2,"column":27}},{"start":{"line":2,"column":31},"end":{"line":2,"column":52}}],"line":2},"2":{"loc":{"start":{"line":4,"column":2},"end":{"line":4,"column":23}},"type":"if","locations":[{"start":{"line":4,"column":2},"end":{"line":4,"column":23}},{"start":{},"end":{}}],"line":4}},"s":{"0":4,"1":1,"2":3,"3":3,"4":1,"5":2,"6":2,"7":12,"8":2},"f":{"0":4},"b":{"0":[1,3],"1":[4,3],"2":[1,2]},"_coverageSchema":"1a1c01bbd47fc00a2c39e90264f33305004495a9","hash":"ef033363033525710d7044f40dd2c6963a8e9d97"}
,"C:\\Users\\Admin\\Desktop\\OneDrive\\CodeItems\\2_FullStack\\3_JavaScript\\javascript-course-pdfs\\11_Pratice\\Practice_Solution\\3_ARRAY\\ARRAY-01-FIND.js": {"path":"C:\\Users\\Admin\\Desktop\\OneDrive\\CodeItems\\2_FullStack\\3_JavaScript\\javascript-course-pdfs\\11_Pratice\\Practice_Solution\\3_ARRAY\\ARRAY-01-FIND.js","statementMap":{"0":{"start":{"line":2,"column":2},"end":{"line":2,"column":49}},"1":{"start":{"line":2,"column":29},"end":{"line":2,"column":49}},"2":{"start":{"line":3,"column":23},"end":{"line":3,"column":31}},"3":{"start":{"line":4,"column":2},"end":{"line":6,"column":3}},"4":{"start":{"line":5,"column":4},"end":{"line":5,"column":77}},"5":{"start":{"line":5,"column":51},"end":{"line":5,"column":77}},"6":{"start":{"line":7,"column":2},"end":{"line":7,"column":44}},"7":{"start":{"line":7,"column":27},"end":{"line":7,"column":44}},"8":{"start":{"line":8,"column":2},"end":{"line":8,"column":24}}},"fnMap":{"0":{"name":"findMinPositive","decl":{"start":{"line":1,"column":16},"end":{"line":1,"column":31}},"loc":{"start":{"line":1,"column":39},"end":{"line":9,"column":1}},"line":1}},"branchMap":{"0":{"loc":{"start":{"line":2,"column":2},"end":{"line":2,"column":49}},"type":"if","locations":[{"start":{"line":2,"column":2},"end":{"line":2,"column":49}},{"start":{},"end":{}}],"line":2},"1":{"loc":{"start":{"line":5,"column":4},"end":{"line":5,"column":77}},"type":"if","locations":[{"start":{"line":5,"column":4},"end":{"line":5,"column":77}},{"start":{},"end":{}}],"line":5},"2":{"loc":{"start":{"line":5,"column":8},"end":{"line":5,"column":49}},"type":"binary-expr","locations":[{"start":{"line":5,"column":8},"end":{"line":5,"column":33}},{"start":{"line":5,"column":37},"end":{"line":5,"column":49}}],"line":5},"3":{"loc":{"start":{"line":7,"column":2},"end":{"line":7,"column":44}},"type":"if","locations":[{"start":{"line":7,"column":2},"end":{"line":7,"column":44}},{"start":{},"end":{}}],"line":7}},"s":{"0":5,"1":1,"2":4,"3":4,"4":13,"5":2,"6":4,"7":1,"8":3},"f":{"0":5},"b":{"0":[1,4],"1":[2,11],"2":[13,7],"3":[1,3]},"_coverageSchema":"1a1c01bbd47fc00a2c39e90264f33305004495a9","hash":"84897fb299ea20cdab644bc2c838582202fcb432"}
,"C:\\Users\\Admin\\Desktop\\OneDrive\\CodeItems\\2_FullStack\\3_JavaScript\\javascript-course-pdfs\\11_Pratice\\Practice_Solution\\3_ARRAY\\ARRAY-01-SUM.js": {"path":"C:\\Users\\Admin\\Desktop\\OneDrive\\CodeItems\\2_FullStack\\3_JavaScript\\javascript-course-pdfs\\11_Pratice\\Practice_Solution\\3_ARRAY\\ARRAY-01-SUM.js","statementMap":{"0":{"start":{"line":2,"column":2},"end":{"line":2,"column":54}},"1":{"start":{"line":2,"column":34},"end":{"line":2,"column":54}},"2":{"start":{"line":3,"column":12},"end":{"line":3,"column":13}},"3":{"start":{"line":4,"column":2},"end":{"line":6,"column":3}},"4":{"start":{"line":4,"column":15},"end":{"line":4,"column":16}},"5":{"start":{"line":5,"column":4},"end":{"line":5,"column":91}},"6":{"start":{"line":5,"column":70},"end":{"line":5,"column":91}},"7":{"start":{"line":7,"column":2},"end":{"line":7,"column":13}}},"fnMap":{"0":{"name":"sumEvenNumbers","decl":{"start":{"line":1,"column":16},"end":{"line":1,"column":30}},"loc":{"start":{"line":1,"column":43},"end":{"line":8,"column":1}},"line":1}},"branchMap":{"0":{"loc":{"start":{"line":2,"column":2},"end":{"line":2,"column":54}},"type":"if","locations":[{"start":{"line":2,"column":2},"end":{"line":2,"column":54}},{"start":{},"end":{}}],"line":2},"1":{"loc":{"start":{"line":5,"column":4},"end":{"line":5,"column":91}},"type":"if","locations":[{"start":{"line":5,"column":4},"end":{"line":5,"column":91}},{"start":{},"end":{}}],"line":5},"2":{"loc":{"start":{"line":5,"column":8},"end":{"line":5,"column":68}},"type":"binary-expr","locations":[{"start":{"line":5,"column":8},"end":{"line":5,"column":41}},{"start":{"line":5,"column":45},"end":{"line":5,"column":68}}],"line":5}},"s":{"0":3,"1":1,"2":2,"3":2,"4":2,"5":7,"6":4,"7":2},"f":{"0":3},"b":{"0":[1,2],"1":[4,3],"2":[7,4]},"_coverageSchema":"1a1c01bbd47fc00a2c39e90264f33305004495a9","hash":"29d42292932edb58a32e18f23961fd06ba5e023f"}
,"C:\\Users\\Admin\\Desktop\\OneDrive\\CodeItems\\2_FullStack\\3_JavaScript\\javascript-course-pdfs\\11_Pratice\\Practice_Solution\\3_ARRAY\\ARRAY-02-CD.js": {"path":"C:\\Users\\Admin\\Desktop\\OneDrive\\CodeItems\\2_FullStack\\3_JavaScript\\javascript-course-pdfs\\11_Pratice\\Practice_Solution\\3_ARRAY\\ARRAY-02-CD.js","statementMap":{"0":{"start":{"line":2,"column":2},"end":{"line":2,"column":97}},"1":{"start":{"line":2,"column":77},"end":{"line":2,"column":97}},"2":{"start":{"line":3,"column":2},"end":{"line":5,"column":55}},"3":{"start":{"line":3,"column":32},"end":{"line":3,"column":43}},"4":{"start":{"line":4,"column":7},"end":{"line":5,"column":55}},"5":{"start":{"line":4,"column":28},"end":{"line":4,"column":51}},"6":{"start":{"line":5,"column":7},"end":{"line":5,"column":55}}},"fnMap":{"0":{"name":"remove","decl":{"start":{"line":1,"column":16},"end":{"line":1,"column":22}},"loc":{"start":{"line":1,"column":34},"end":{"line":6,"column":1}},"line":1}},"branchMap":{"0":{"loc":{"start":{"line":2,"column":2},"end":{"line":2,"column":97}},"type":"if","locations":[{"start":{"line":2,"column":2},"end":{"line":2,"column":97}},{"start":{},"end":{}}],"line":2},"1":{"loc":{"start":{"line":2,"column":6},"end":{"line":2,"column":75}},"type":"binary-expr","locations":[{"start":{"line":2,"column":6},"end":{"line":2,"column":25}},{"start":{"line":2,"column":29},"end":{"line":2,"column":50}},{"start":{"line":2,"column":54},"end":{"line":2,"column":75}}],"line":2},"2":{"loc":{"start":{"line":3,"column":2},"end":{"line":5,"column":55}},"type":"if","locations":[{"start":{"line":3,"column":2},"end":{"line":5,"column":55}},{"start":{"line":4,"column":7},"end":{"line":5,"column":55}}],"line":3},"3":{"loc":{"start":{"line":3,"column":6},"end":{"line":3,"column":30}},"type":"binary-expr","locations":[{"start":{"line":3,"column":6},"end":{"line":3,"column":11}},{"start":{"line":3,"column":15},"end":{"line":3,"column":30}}],"line":3},"4":{"loc":{"start":{"line":4,"column":7},"end":{"line":5,"column":55}},"type":"if","locations":[{"start":{"line":4,"column":7},"end":{"line":5,"column":55}},{"start":{"line":5,"column":7},"end":{"line":5,"column":55}}],"line":4}},"s":{"0":5,"1":1,"2":4,"3":2,"4":2,"5":1,"6":1},"f":{"0":5},"b":{"0":[1,4],"1":[5,4,4],"2":[2,2],"3":[4,3],"4":[1,1]},"_coverageSchema":"1a1c01bbd47fc00a2c39e90264f33305004495a9","hash":"861e00707ae6e629e459034463747c7634bc8b6d"}
,"C:\\Users\\Admin\\Desktop\\OneDrive\\CodeItems\\2_FullStack\\3_JavaScript\\javascript-course-pdfs\\11_Pratice\\Practice_Solution\\3_ARRAY\\ARRAY-02-CHECK.js": {"path":"C:\\Users\\Admin\\Desktop\\OneDrive\\CodeItems\\2_FullStack\\3_JavaScript\\javascript-course-pdfs\\11_Pratice\\Practice_Solution\\3_ARRAY\\ARRAY-02-CHECK.js","statementMap":{"0":{"start":{"line":2,"column":2},"end":{"line":2,"column":58}},"1":{"start":{"line":2,"column":38},"end":{"line":2,"column":58}},"2":{"start":{"line":3,"column":2},"end":{"line":3,"column":55}},"3":{"start":{"line":3,"column":27},"end":{"line":3,"column":53}}},"fnMap":{"0":{"name":"hasOddNumberDivisibleBy3","decl":{"start":{"line":1,"column":16},"end":{"line":1,"column":40}},"loc":{"start":{"line":1,"column":48},"end":{"line":4,"column":1}},"line":1},"1":{"name":"(anonymous_1)","decl":{"start":{"line":3,"column":20},"end":{"line":3,"column":21}},"loc":{"start":{"line":3,"column":27},"end":{"line":3,"column":53}},"line":3}},"branchMap":{"0":{"loc":{"start":{"line":2,"column":2},"end":{"line":2,"column":58}},"type":"if","locations":[{"start":{"line":2,"column":2},"end":{"line":2,"column":58}},{"start":{},"end":{}}],"line":2},"1":{"loc":{"start":{"line":3,"column":27},"end":{"line":3,"column":53}},"type":"binary-expr","locations":[{"start":{"line":3,"column":27},"end":{"line":3,"column":38}},{"start":{"line":3,"column":42},"end":{"line":3,"column":53}}],"line":3}},"s":{"0":4,"1":1,"2":3,"3":13},"f":{"0":4,"1":13},"b":{"0":[1,3],"1":[13,6]},"_coverageSchema":"1a1c01bbd47fc00a2c39e90264f33305004495a9","hash":"9e076283338a01ef55541ddcf8871d48f2e9f197"}
,"C:\\Users\\Admin\\Desktop\\OneDrive\\CodeItems\\2_FullStack\\3_JavaScript\\javascript-course-pdfs\\11_Pratice\\Practice_Solution\\3_ARRAY\\ARRAY-02-COUNT.js": {"path":"C:\\Users\\Admin\\Desktop\\OneDrive\\CodeItems\\2_FullStack\\3_JavaScript\\javascript-course-pdfs\\11_Pratice\\Practice_Solution\\3_ARRAY\\ARRAY-02-COUNT.js","statementMap":{"0":{"start":{"line":2,"column":2},"end":{"line":2,"column":54}},"1":{"start":{"line":2,"column":34},"end":{"line":2,"column":54}},"2":{"start":{"line":3,"column":14},"end":{"line":3,"column":15}},"3":{"start":{"line":4,"column":2},"end":{"line":6,"column":3}},"4":{"start":{"line":4,"column":15},"end":{"line":4,"column":16}},"5":{"start":{"line":5,"column":4},"end":{"line":5,"column":51}},"6":{"start":{"line":5,"column":43},"end":{"line":5,"column":51}},"7":{"start":{"line":7,"column":2},"end":{"line":7,"column":15}}},"fnMap":{"0":{"name":"countNumbers","decl":{"start":{"line":1,"column":16},"end":{"line":1,"column":28}},"loc":{"start":{"line":1,"column":41},"end":{"line":8,"column":1}},"line":1}},"branchMap":{"0":{"loc":{"start":{"line":2,"column":2},"end":{"line":2,"column":54}},"type":"if","locations":[{"start":{"line":2,"column":2},"end":{"line":2,"column":54}},{"start":{},"end":{}}],"line":2},"1":{"loc":{"start":{"line":5,"column":4},"end":{"line":5,"column":51}},"type":"if","locations":[{"start":{"line":5,"column":4},"end":{"line":5,"column":51}},{"start":{},"end":{}}],"line":5}},"s":{"0":4,"1":1,"2":3,"3":3,"4":3,"5":12,"6":6,"7":3},"f":{"0":4},"b":{"0":[1,3],"1":[6,6]},"_coverageSchema":"1a1c01bbd47fc00a2c39e90264f33305004495a9","hash":"704437b4fc630b7856729ad96cb6579ed286ed6c"}
,"C:\\Users\\Admin\\Desktop\\OneDrive\\CodeItems\\2_FullStack\\3_JavaScript\\javascript-course-pdfs\\11_Pratice\\Practice_Solution\\3_ARRAY\\ARRAY-02-FILTER.js": {"path":"C:\\Users\\Admin\\Desktop\\OneDrive\\CodeItems\\2_FullStack\\3_JavaScript\\javascript-course-pdfs\\11_Pratice\\Practice_Solution\\3_ARRAY\\ARRAY-02-FILTER.js","statementMap":{"0":{"start":{"line":2,"column":2},"end":{"line":2,"column":54}},"1":{"start":{"line":2,"column":34},"end":{"line":2,"column":54}},"2":{"start":{"line":3,"column":20},"end":{"line":3,"column":22}},"3":{"start":{"line":4,"column":2},"end":{"line":4,"column":40}},"4":{"start":{"line":4,"column":30},"end":{"line":4,"column":40}},"5":{"start":{"line":5,"column":2},"end":{"line":7,"column":3}},"6":{"start":{"line":5,"column":15},"end":{"line":5,"column":16}},"7":{"start":{"line":6,"column":4},"end":{"line":6,"column":75}},"8":{"start":{"line":6,"column":43},"end":{"line":6,"column":75}},"9":{"start":{"line":8,"column":2},"end":{"line":8,"column":21}}},"fnMap":{"0":{"name":"findNumbers","decl":{"start":{"line":1,"column":16},"end":{"line":1,"column":27}},"loc":{"start":{"line":1,"column":40},"end":{"line":9,"column":1}},"line":1}},"branchMap":{"0":{"loc":{"start":{"line":2,"column":2},"end":{"line":2,"column":54}},"type":"if","locations":[{"start":{"line":2,"column":2},"end":{"line":2,"column":54}},{"start":{},"end":{}}],"line":2},"1":{"loc":{"start":{"line":4,"column":2},"end":{"line":4,"column":40}},"type":"if","locations":[{"start":{"line":4,"column":2},"end":{"line":4,"column":40}},{"start":{},"end":{}}],"line":4},"2":{"loc":{"start":{"line":6,"column":4},"end":{"line":6,"column":75}},"type":"if","locations":[{"start":{"line":6,"column":4},"end":{"line":6,"column":75}},{"start":{},"end":{}}],"line":6}},"s":{"0":4,"1":1,"2":3,"3":3,"4":1,"5":2,"6":2,"7":7,"8":3,"9":2},"f":{"0":4},"b":{"0":[1,3],"1":[1,2],"2":[3,4]},"_coverageSchema":"1a1c01bbd47fc00a2c39e90264f33305004495a9","hash":"1a7d39deb6054b730d17b9a38c79c18689737759"}
,"C:\\Users\\Admin\\Desktop\\OneDrive\\CodeItems\\2_FullStack\\3_JavaScript\\javascript-course-pdfs\\11_Pratice\\Practice_Solution\\3_ARRAY\\ARRAY-02-FIND.js": {"path":"C:\\Users\\Admin\\Desktop\\OneDrive\\CodeItems\\2_FullStack\\3_JavaScript\\javascript-course-pdfs\\11_Pratice\\Practice_Solution\\3_ARRAY\\ARRAY-02-FIND.js","statementMap":{"0":{"start":{"line":2,"column":2},"end":{"line":2,"column":49}},"1":{"start":{"line":2,"column":29},"end":{"line":2,"column":49}},"2":{"start":{"line":3,"column":2},"end":{"line":3,"column":74}},"3":{"start":{"line":3,"column":33},"end":{"line":3,"column":72}},"4":{"start":{"line":4,"column":2},"end":{"line":4,"column":36}},"5":{"start":{"line":4,"column":26},"end":{"line":4,"column":36}},"6":{"start":{"line":5,"column":18},"end":{"line":5,"column":33}},"7":{"start":{"line":6,"column":2},"end":{"line":10,"column":3}},"8":{"start":{"line":6,"column":15},"end":{"line":6,"column":16}},"9":{"start":{"line":7,"column":4},"end":{"line":9,"column":5}},"10":{"start":{"line":8,"column":6},"end":{"line":8,"column":34}},"11":{"start":{"line":11,"column":2},"end":{"line":11,"column":57}},"12":{"start":{"line":11,"column":30},"end":{"line":11,"column":55}}},"fnMap":{"0":{"name":"findLongestWord","decl":{"start":{"line":1,"column":16},"end":{"line":1,"column":31}},"loc":{"start":{"line":1,"column":39},"end":{"line":12,"column":1}},"line":1},"1":{"name":"(anonymous_1)","decl":{"start":{"line":3,"column":23},"end":{"line":3,"column":24}},"loc":{"start":{"line":3,"column":33},"end":{"line":3,"column":72}},"line":3},"2":{"name":"(anonymous_2)","decl":{"start":{"line":11,"column":20},"end":{"line":11,"column":21}},"loc":{"start":{"line":11,"column":30},"end":{"line":11,"column":55}},"line":11}},"branchMap":{"0":{"loc":{"start":{"line":2,"column":2},"end":{"line":2,"column":49}},"type":"if","locations":[{"start":{"line":2,"column":2},"end":{"line":2,"column":49}},{"start":{},"end":{}}],"line":2},"1":{"loc":{"start":{"line":3,"column":33},"end":{"line":3,"column":72}},"type":"binary-expr","locations":[{"start":{"line":3,"column":33},"end":{"line":3,"column":49}},{"start":{"line":3,"column":53},"end":{"line":3,"column":72}}],"line":3},"2":{"loc":{"start":{"line":4,"column":2},"end":{"line":4,"column":36}},"type":"if","locations":[{"start":{"line":4,"column":2},"end":{"line":4,"column":36}},{"start":{},"end":{}}],"line":4},"3":{"loc":{"start":{"line":7,"column":4},"end":{"line":9,"column":5}},"type":"if","locations":[{"start":{"line":7,"column":4},"end":{"line":9,"column":5}},{"start":{},"end":{}}],"line":7}},"s":{"0":5,"1":1,"2":4,"3":6,"4":4,"5":2,"6":2,"7":2,"8":2,"9":4,"10":1,"11":2,"12":3},"f":{"0":5,"1":6,"2":3},"b":{"0":[1,4],"1":[6,4],"2":[2,2],"3":[1,3]},"_coverageSchema":"1a1c01bbd47fc00a2c39e90264f33305004495a9","hash":"fbfe4549f5c2450793b0297e1f78e24b6d1400a6"}
,"C:\\Users\\Admin\\Desktop\\OneDrive\\CodeItems\\2_FullStack\\3_JavaScript\\javascript-course-pdfs\\11_Pratice\\Practice_Solution\\3_ARRAY\\ARRAY-02-SUM.js": {"path":"C:\\Users\\Admin\\Desktop\\OneDrive\\CodeItems\\2_FullStack\\3_JavaScript\\javascript-course-pdfs\\11_Pratice\\Practice_Solution\\3_ARRAY\\ARRAY-02-SUM.js","statementMap":{"0":{"start":{"line":2,"column":2},"end":{"line":8,"column":10}},"1":{"start":{"line":6,"column":6},"end":{"line":6,"column":29}},"2":{"start":{"line":7,"column":6},"end":{"line":7,"column":17}},"3":{"start":{"line":12,"column":2},"end":{"line":12,"column":54}},"4":{"start":{"line":12,"column":34},"end":{"line":12,"column":54}},"5":{"start":{"line":13,"column":2},"end":{"line":16,"column":8}},"6":{"start":{"line":14,"column":4},"end":{"line":14,"column":31}},"7":{"start":{"line":15,"column":4},"end":{"line":15,"column":15}}},"fnMap":{"0":{"name":"sumOfDigits","decl":{"start":{"line":1,"column":9},"end":{"line":1,"column":20}},"loc":{"start":{"line":1,"column":24},"end":{"line":9,"column":1}},"line":1},"1":{"name":"(anonymous_1)","decl":{"start":{"line":5,"column":12},"end":{"line":5,"column":13}},"loc":{"start":{"line":5,"column":28},"end":{"line":8,"column":5}},"line":5},"2":{"name":"sumAllDigits","decl":{"start":{"line":11,"column":16},"end":{"line":11,"column":28}},"loc":{"start":{"line":11,"column":41},"end":{"line":17,"column":1}},"line":11},"3":{"name":"(anonymous_3)","decl":{"start":{"line":13,"column":27},"end":{"line":13,"column":28}},"loc":{"start":{"line":13,"column":44},"end":{"line":16,"column":3}},"line":13}},"branchMap":{"0":{"loc":{"start":{"line":12,"column":2},"end":{"line":12,"column":54}},"type":"if","locations":[{"start":{"line":12,"column":2},"end":{"line":12,"column":54}},{"start":{},"end":{}}],"line":12}},"s":{"0":5,"1":11,"2":11,"3":5,"4":1,"5":4,"6":5,"7":5},"f":{"0":5,"1":11,"2":5,"3":5},"b":{"0":[1,4]},"_coverageSchema":"1a1c01bbd47fc00a2c39e90264f33305004495a9","hash":"3ebebb30d20ba4d7f0359445ba40b8ac4cd39307"}
,"C:\\Users\\Admin\\Desktop\\OneDrive\\CodeItems\\2_FullStack\\3_JavaScript\\javascript-course-pdfs\\11_Pratice\\Practice_Solution\\3_ARRAY\\ARRAY-03-CD.js": {"path":"C:\\Users\\Admin\\Desktop\\OneDrive\\CodeItems\\2_FullStack\\3_JavaScript\\javascript-course-pdfs\\11_Pratice\\Practice_Solution\\3_ARRAY\\ARRAY-03-CD.js","statementMap":{"0":{"start":{"line":2,"column":2},"end":{"line":2,"column":88}},"1":{"start":{"line":2,"column":68},"end":{"line":2,"column":88}},"2":{"start":{"line":3,"column":2},"end":{"line":3,"column":67}},"3":{"start":{"line":3,"column":41},"end":{"line":3,"column":65}}},"fnMap":{"0":{"name":"removeStudentById","decl":{"start":{"line":1,"column":16},"end":{"line":1,"column":33}},"loc":{"start":{"line":1,"column":58},"end":{"line":4,"column":1}},"line":1},"1":{"name":"(anonymous_1)","decl":{"start":{"line":3,"column":28},"end":{"line":3,"column":29}},"loc":{"start":{"line":3,"column":41},"end":{"line":3,"column":65}},"line":3}},"branchMap":{"0":{"loc":{"start":{"line":2,"column":2},"end":{"line":2,"column":88}},"type":"if","locations":[{"start":{"line":2,"column":2},"end":{"line":2,"column":88}},{"start":{},"end":{}}],"line":2},"1":{"loc":{"start":{"line":2,"column":6},"end":{"line":2,"column":66}},"type":"binary-expr","locations":[{"start":{"line":2,"column":6},"end":{"line":2,"column":33}},{"start":{"line":2,"column":37},"end":{"line":2,"column":66}}],"line":2}},"s":{"0":4,"1":1,"2":3,"3":6},"f":{"0":4,"1":6},"b":{"0":[1,3],"1":[4,3]},"_coverageSchema":"1a1c01bbd47fc00a2c39e90264f33305004495a9","hash":"db3380ce32dda08186b2a89694afb2b52c7fdf1e"}
,"C:\\Users\\Admin\\Desktop\\OneDrive\\CodeItems\\2_FullStack\\3_JavaScript\\javascript-course-pdfs\\11_Pratice\\Practice_Solution\\3_ARRAY\\ARRAY-03-CHECK.js": {"path":"C:\\Users\\Admin\\Desktop\\OneDrive\\CodeItems\\2_FullStack\\3_JavaScript\\javascript-course-pdfs\\11_Pratice\\Practice_Solution\\3_ARRAY\\ARRAY-03-CHECK.js","statementMap":{"0":{"start":{"line":2,"column":2},"end":{"line":2,"column":58}},"1":{"start":{"line":2,"column":38},"end":{"line":2,"column":58}},"2":{"start":{"line":3,"column":2},"end":{"line":5,"column":3}},"3":{"start":{"line":3,"column":15},"end":{"line":3,"column":16}},"4":{"start":{"line":4,"column":4},"end":{"line":4,"column":35}},"5":{"start":{"line":6,"column":16},"end":{"line":6,"column":21}},"6":{"start":{"line":7,"column":20},"end":{"line":7,"column":25}},"7":{"start":{"line":8,"column":2},"end":{"line":13,"column":3}},"8":{"start":{"line":9,"column":4},"end":{"line":12,"column":5}},"9":{"start":{"line":10,"column":6},"end":{"line":10,"column":49}},"10":{"start":{"line":10,"column":34},"end":{"line":10,"column":49}},"11":{"start":{"line":11,"column":6},"end":{"line":11,"column":57}},"12":{"start":{"line":11,"column":38},"end":{"line":11,"column":57}},"13":{"start":{"line":14,"column":2},"end":{"line":14,"column":32}}},"fnMap":{"0":{"name":"hasEasyFrontend","decl":{"start":{"line":1,"column":16},"end":{"line":1,"column":31}},"loc":{"start":{"line":1,"column":39},"end":{"line":15,"column":1}},"line":1}},"branchMap":{"0":{"loc":{"start":{"line":2,"column":2},"end":{"line":2,"column":58}},"type":"if","locations":[{"start":{"line":2,"column":2},"end":{"line":2,"column":58}},{"start":{},"end":{}}],"line":2},"1":{"loc":{"start":{"line":10,"column":6},"end":{"line":10,"column":49}},"type":"if","locations":[{"start":{"line":10,"column":6},"end":{"line":10,"column":49}},{"start":{},"end":{}}],"line":10},"2":{"loc":{"start":{"line":11,"column":6},"end":{"line":11,"column":57}},"type":"if","locations":[{"start":{"line":11,"column":6},"end":{"line":11,"column":57}},{"start":{},"end":{}}],"line":11},"3":{"loc":{"start":{"line":14,"column":9},"end":{"line":14,"column":31}},"type":"binary-expr","locations":[{"start":{"line":14,"column":9},"end":{"line":14,"column":16}},{"start":{"line":14,"column":20},"end":{"line":14,"column":31}}],"line":14}},"s":{"0":6,"1":1,"2":5,"3":5,"4":11,"5":5,"6":5,"7":5,"8":11,"9":13,"10":3,"11":13,"12":2,"13":5},"f":{"0":6},"b":{"0":[1,5],"1":[3,10],"2":[2,11],"3":[5,3]},"_coverageSchema":"1a1c01bbd47fc00a2c39e90264f33305004495a9","hash":"c5c92f3a895cc7d63638b83c63556c0f3e7817d7"}
,"C:\\Users\\Admin\\Desktop\\OneDrive\\CodeItems\\2_FullStack\\3_JavaScript\\javascript-course-pdfs\\11_Pratice\\Practice_Solution\\3_ARRAY\\ARRAY-03-COUNT.js": {"path":"C:\\Users\\Admin\\Desktop\\OneDrive\\CodeItems\\2_FullStack\\3_JavaScript\\javascript-course-pdfs\\11_Pratice\\Practice_Solution\\3_ARRAY\\ARRAY-03-COUNT.js","statementMap":{"0":{"start":{"line":2,"column":2},"end":{"line":2,"column":77}},"1":{"start":{"line":2,"column":57},"end":{"line":2,"column":77}},"2":{"start":{"line":3,"column":2},"end":{"line":6,"column":8}},"3":{"start":{"line":4,"column":4},"end":{"line":4,"column":34}},"4":{"start":{"line":4,"column":26},"end":{"line":4,"column":34}},"5":{"start":{"line":5,"column":4},"end":{"line":5,"column":17}}},"fnMap":{"0":{"name":"countWords","decl":{"start":{"line":1,"column":16},"end":{"line":1,"column":26}},"loc":{"start":{"line":1,"column":40},"end":{"line":7,"column":1}},"line":1},"1":{"name":"(anonymous_1)","decl":{"start":{"line":3,"column":25},"end":{"line":3,"column":26}},"loc":{"start":{"line":3,"column":42},"end":{"line":6,"column":3}},"line":3}},"branchMap":{"0":{"loc":{"start":{"line":2,"column":2},"end":{"line":2,"column":77}},"type":"if","locations":[{"start":{"line":2,"column":2},"end":{"line":2,"column":77}},{"start":{},"end":{}}],"line":2},"1":{"loc":{"start":{"line":2,"column":6},"end":{"line":2,"column":55}},"type":"binary-expr","locations":[{"start":{"line":2,"column":6},"end":{"line":2,"column":30}},{"start":{"line":2,"column":34},"end":{"line":2,"column":55}}],"line":2},"2":{"loc":{"start":{"line":4,"column":4},"end":{"line":4,"column":34}},"type":"if","locations":[{"start":{"line":4,"column":4},"end":{"line":4,"column":34}},{"start":{},"end":{}}],"line":4}},"s":{"0":4,"1":1,"2":3,"3":6,"4":3,"5":6},"f":{"0":4,"1":6},"b":{"0":[1,3],"1":[4,3],"2":[3,3]},"_coverageSchema":"1a1c01bbd47fc00a2c39e90264f33305004495a9","hash":"6b26e217f5f3a0fee56e3cef3fe87499072766a6"}
,"C:\\Users\\Admin\\Desktop\\OneDrive\\CodeItems\\2_FullStack\\3_JavaScript\\javascript-course-pdfs\\11_Pratice\\Practice_Solution\\3_ARRAY\\ARRAY-03-FILTER.js": {"path":"C:\\Users\\Admin\\Desktop\\OneDrive\\CodeItems\\2_FullStack\\3_JavaScript\\javascript-course-pdfs\\11_Pratice\\Practice_Solution\\3_ARRAY\\ARRAY-03-FILTER.js","statementMap":{"0":{"start":{"line":2,"column":2},"end":{"line":2,"column":49}},"1":{"start":{"line":2,"column":29},"end":{"line":2,"column":49}},"2":{"start":{"line":3,"column":2},"end":{"line":3,"column":24}},"3":{"start":{"line":3,"column":14},"end":{"line":3,"column":24}},"4":{"start":{"line":4,"column":20},"end":{"line":4,"column":22}},"5":{"start":{"line":5,"column":2},"end":{"line":5,"column":22}},"6":{"start":{"line":6,"column":2},"end":{"line":6,"column":22}},"7":{"start":{"line":7,"column":10},"end":{"line":7,"column":11}},"8":{"start":{"line":8,"column":2},"end":{"line":13,"column":3}},"9":{"start":{"line":9,"column":4},"end":{"line":11,"column":17}},"10":{"start":{"line":10,"column":6},"end":{"line":10,"column":64}},"11":{"start":{"line":11,"column":11},"end":{"line":11,"column":17}},"12":{"start":{"line":12,"column":4},"end":{"line":12,"column":8}},"13":{"start":{"line":14,"column":2},"end":{"line":14,"column":21}}},"fnMap":{"0":{"name":"generateFibonacci","decl":{"start":{"line":1,"column":16},"end":{"line":1,"column":33}},"loc":{"start":{"line":1,"column":37},"end":{"line":15,"column":1}},"line":1}},"branchMap":{"0":{"loc":{"start":{"line":2,"column":2},"end":{"line":2,"column":49}},"type":"if","locations":[{"start":{"line":2,"column":2},"end":{"line":2,"column":49}},{"start":{},"end":{}}],"line":2},"1":{"loc":{"start":{"line":3,"column":2},"end":{"line":3,"column":24}},"type":"if","locations":[{"start":{"line":3,"column":2},"end":{"line":3,"column":24}},{"start":{},"end":{}}],"line":3},"2":{"loc":{"start":{"line":9,"column":4},"end":{"line":11,"column":17}},"type":"if","locations":[{"start":{"line":9,"column":4},"end":{"line":11,"column":17}},{"start":{"line":11,"column":11},"end":{"line":11,"column":17}}],"line":9}},"s":{"0":4,"1":1,"2":3,"3":1,"4":2,"5":2,"6":2,"7":2,"8":2,"9":10,"10":8,"11":2,"12":8,"13":2},"f":{"0":4},"b":{"0":[1,3],"1":[1,2],"2":[8,2]},"_coverag
[...]
,"C:\\Users\\Admin\\Desktop\\OneDrive\\CodeItems\\2_FullStack\\3_JavaScript\\javascript-course-pdfs\\11_Pratice\\Practice_Solution\\3_ARRAY\\ARRAY-10-CHECK.js": {"path":"C:\\Users\\Admin\\Desktop\\OneDrive\\CodeItems\\2_FullStack\\3_JavaScript\\javascript-course-pdfs\\11_Pratice\\Practice_Solution\\3_ARRAY\\ARRAY-10-CHECK.js","statementMap":{"0":{"start":{"line":2,"column":2},"end":{"line":2,"column":15}},"1":{"start":{"line":6,"column":2},"end":{"line":6,"column":54}},"2":{"start":{"line":6,"column":34},"end":{"line":6,"column":54}},"3":{"start":{"line":7,"column":2},"end":{"line":9,"column":3}},"4":{"start":{"line":7,"column":15},"end":{"line":7,"column":16}},"5":{"start":{"line":8,"column":4},"end":{"line":8,"column":69}},"6":{"start":{"line":8,"column":56},"end":{"line":8,"column":69}},"7":{"start":{"line":10,"column":2},"end":{"line":10,"column":14}}},"fnMap":{"0":{"name":"compare","decl":{"start":{"line":1,"column":9},"end":{"line":1,"column":16}},"loc":{"start":{"line":1,"column":23},"end":{"line":3,"column":1}},"line":1},"1":{"name":"isDecreasingNumberList","decl":{"start":{"line":5,"column":16},"end":{"line":5,"column":38}},"loc":{"start":{"line":5,"column":51},"end":{"line":11,"column":1}},"line":5}},"branchMap":{"0":{"loc":{"start":{"line":6,"column":2},"end":{"line":6,"column":54}},"type":"if","locations":[{"start":{"line":6,"column":2},"end":{"line":6,"column":54}},{"start":{},"end":{}}],"line":6},"1":{"loc":{"start":{"line":8,"column":4},"end":{"line":8,"column":69}},"type":"if","locations":[{"start":{"line":8,"column":4},"end":{"line":8,"column":69}},{"start":{},"end":{}}],"line":8}},"s":{"0":17,"1":5,"2":1,"3":4,"4":4,"5":17,"6":2,"7":2},"f":{"0":17,"1":5},"b":{"0":[1,4],"1":[2,15]},"_coverageSchema":"1a1c01bbd47fc00a2c39e90264f33305004495a9","hash":"efd3eb5451c93cac8595156697ffdbbdeb53400c"}
,"C:\\Users\\Admin\\Desktop\\OneDrive\\CodeItems\\2_FullStack\\3_JavaScript\\javascript-course-pdfs\\11_Pratice\\Practice_Solution\\3_ARRAY\\ARRAY-10-FIND.js": {"path":"C:\\Users\\Admin\\Desktop\\OneDrive\\CodeItems\\2_FullStack\\3_JavaScript\\javascript-course-pdfs\\11_Pratice\\Practice_Solution\\3_ARRAY\\ARRAY-10-FIND.js","statementMap":{"0":{"start":{"line":2,"column":2},"end":{"line":2,"column":55}},"1":{"start":{"line":2,"column":35},"end":{"line":2,"column":55}},"2":{"start":{"line":3,"column":2},"end":{"line":3,"column":49}},"3":{"start":{"line":3,"column":32},"end":{"line":3,"column":49}},"4":{"start":{"line":4,"column":2},"end":{"line":6,"column":3}},"5":{"start":{"line":5,"column":4},"end":{"line":5,"column":57}},"6":{"start":{"line":5,"column":38},"end":{"line":5,"column":57}},"7":{"start":{"line":7,"column":2},"end":{"line":7,"column":19}}},"fnMap":{"0":{"name":"findProductByCode","decl":{"start":{"line":1,"column":16},"end":{"line":1,"column":33}},"loc":{"start":{"line":1,"column":53},"end":{"line":8,"column":1}},"line":1}},"branchMap":{"0":{"loc":{"start":{"line":2,"column":2},"end":{"line":2,"column":55}},"type":"if","locations":[{"start":{"line":2,"column":2},"end":{"line":2,"column":55}},{"start":{},"end":{}}],"line":2},"1":{"loc":{"start":{"line":3,"column":2},"end":{"line":3,"column":49}},"type":"if","locations":[{"start":{"line":3,"column":2},"end":{"line":3,"column":49}},{"start":{},"end":{}}],"line":3},"2":{"loc":{"start":{"line":5,"column":4},"end":{"line":5,"column":57}},"type":"if","locations":[{"start":{"line":5,"column":4},"end":{"line":5,"column":57}},{"start":{},"end":{}}],"line":5}},"s":{"0":4,"1":1,"2":3,"3":1,"4":2,"5":4,"6":1,"7":1},"f":{"0":4},"b":{"0":[1,3],"1":[1,2],"2":[1,3]},"_coverageSchema":"1a1c01bbd47fc00a2c39e90264f33305004495a9","hash":"8b5e4c90b372778d27c5f18ae7233ced7854ac93"}
,"C:\\Users\\Admin\\Desktop\\OneDrive\\CodeItems\\2_FullStack\\3_JavaScript\\javascript-course-pdfs\\11_Pratice\\Practice_Solution\\3_ARRAY\\ARRAY-11-CHECK.js": {"path":"C:\\Users\\Admin\\Desktop\\OneDrive\\CodeItems\\2_FullStack\\3_JavaScript\\javascript-course-pdfs\\11_Pratice\\Practice_Solution\\3_ARRAY\\ARRAY-11-CHECK.js","statementMap":{"0":{"start":{"line":2,"column":2},"end":{"line":2,"column":54}},"1":{"start":{"line":2,"column":34},"end":{"line":2,"column":54}},"2":{"start":{"line":3,"column":2},"end":{"line":5,"column":3}},"3":{"start":{"line":4,"column":4},"end":{"line":4,"column":78}},"4":{"start":{"line":4,"column":65},"end":{"line":4,"column":78}},"5":{"start":{"line":6,"column":2},"end":{"line":6,"column":14}}},"fnMap":{"0":{"name":"isSymmetricList","decl":{"start":{"line":1,"column":16},"end":{"line":1,"column":31}},"loc":{"start":{"line":1,"column":44},"end":{"line":7,"column":1}},"line":1}},"branchMap":{"0":{"loc":{"start":{"line":2,"column":2},"end":{"line":2,"column":54}},"type":"if","locations":[{"start":{"line":2,"column":2},"end":{"line":2,"column":54}},{"start":{},"end":{}}],"line":2},"1":{"loc":{"start":{"line":4,"column":4},"end":{"line":4,"column":78}},"type":"if","locations":[{"start":{"line":4,"column":4},"end":{"line":4,"column":78}},{"start":{},"end":{}}],"line":4}},"s":{"0":7,"1":1,"2":6,"3":22,"4":2,"5":4},"f":{"0":7},"b":{"0":[1,6],"1":[2,20]},"_coverageSchema":"1a1c01bbd47fc00a2c39e90264f33305004495a9","hash":"44aebb615f0ddbcfe7bada339d06c2ad87986eb6"}
,"C:\\Users\\Admin\\Desktop\\OneDrive\\CodeItems\\2_FullStack\\3_JavaScript\\javascript-course-pdfs\\11_Pratice\\Practice_Solution\\3_ARRAY\\ARRAY-11-FIND.js": {"path":"C:\\Users\\Admin\\Desktop\\OneDrive\\CodeItems\\2_FullStack\\3_JavaScript\\javascript-course-pdfs\\11_Pratice\\Practice_Solution\\3_ARRAY\\ARRAY-11-FIND.js","statementMap":{"0":{"start":{"line":2,"column":2},"end":{"line":2,"column":55}},"1":{"start":{"line":2,"column":35},"end":{"line":2,"column":55}},"2":{"start":{"line":3,"column":2},"end":{"line":3,"column":49}},"3":{"start":{"line":3,"column":32},"end":{"line":3,"column":49}},"4":{"start":{"line":4,"column":2},"end":{"line":6,"column":5}},"5":{"start":{"line":5,"column":4},"end":{"line":5,"column":42}},"6":{"start":{"line":7,"column":2},"end":{"line":7,"column":24}}},"fnMap":{"0":{"name":"findStudentHavingHighestMark","decl":{"start":{"line":1,"column":16},"end":{"line":1,"column":44}},"loc":{"start":{"line":1,"column":58},"end":{"line":8,"column":1}},"line":1},"1":{"name":"(anonymous_1)","decl":{"start":{"line":4,"column":19},"end":{"line":4,"column":20}},"loc":{"start":{"line":4,"column":29},"end":{"line":6,"column":3}},"line":4}},"branchMap":{"0":{"loc":{"start":{"line":2,"column":2},"end":{"line":2,"column":55}},"type":"if","locations":[{"start":{"line":2,"column":2},"end":{"line":2,"column":55}},{"start":{},"end":{}}],"line":2},"1":{"loc":{"start":{"line":3,"column":2},"end":{"line":3,"column":49}},"type":"if","locations":[{"start":{"line":3,"column":2},"end":{"line":3,"column":49}},{"start":{},"end":{}}],"line":3},"2":{"loc":{"start":{"line":5,"column":11},"end":{"line":5,"column":41}},"type":"binary-expr","locations":[{"start":{"line":5,"column":11},"end":{"line":5,"column":26}},{"start":{"line":5,"column":30},"end":{"line":5,"column":41}}],"line":5}},"s":{"0":3,"1":1,"2":2,"3":1,"4":1,"5":4,"6":1},"f":{"0":3,"1":4},"b":{"0":[1,2],"1":[1,1],"2":[4,2]},"_coverageSchema":"1a1c01bbd47fc00a2c39e90264f33305004495a9","hash":"cc278abffe02da8eb61dc3661f85b36553e8cce9"}
,"C:\\Users\\Admin\\Desktop\\OneDrive\\CodeItems\\2_FullStack\\3_JavaScript\\javascript-course-pdfs\\11_Pratice\\Practice_Solution\\3_ARRAY\\ARRAY-12-CHECK.js": {"path":"C:\\Users\\Admin\\Desktop\\OneDrive\\CodeItems\\2_FullStack\\3_JavaScript\\javascript-course-pdfs\\11_Pratice\\Practice_Solution\\3_ARRAY\\ARRAY-12-CHECK.js","statementMap":{"0":{"start":{"line":2,"column":22},"end":{"line":2,"column":24}},"1":{"start":{"line":3,"column":2},"end":{"line":3,"column":24}},"2":{"start":{"line":4,"column":2},"end":{"line":4,"column":24}},"3":{"start":{"line":5,"column":10},"end":{"line":5,"column":11}},"4":{"start":{"line":6,"column":2},"end":{"line":10,"column":3}},"5":{"start":{"line":7,"column":27},"end":{"line":7,"column":66}},"6":{"start":{"line":8,"column":4},"end":{"line":8,"column":41}},"7":{"start":{"line":9,"column":4},"end":{"line":9,"column":8}},"8":{"start":{"line":11,"column":2},"end":{"line":11,"column":23}},"9":{"start":{"line":15,"column":2},"end":{"line":15,"column":49}},"10":{"start":{"line":15,"column":29},"end":{"line":15,"column":49}},"11":{"start":{"line":16,"column":22},"end":{"line":16,"column":50}},"12":{"start":{"line":17,"column":2},"end":{"line":19,"column":3}},"13":{"start":{"line":17,"column":15},"end":{"line":17,"column":16}},"14":{"start":{"line":18,"column":4},"end":{"line":18,"column":54}},"15":{"start":{"line":18,"column":42},"end":{"line":18,"column":54}},"16":{"start":{"line":20,"column":2},"end":{"line":20,"column":15}}},"fnMap":{"0":{"name":"fibonacciListLowerThanN","decl":{"start":{"line":1,"column":9},"end":{"line":1,"column":32}},"loc":{"start":{"line":1,"column":36},"end":{"line":12,"column":1}},"line":1},"1":{"name":"hasFibonacciNumber","decl":{"start":{"line":14,"column":16},"end":{"line":14,"column":34}},"loc":{"start":{"line":14,"column":42},"end":{"line":21,"column":1}},"line":14}},"branchMap":{"0":{"loc":{"start":{"line":15,"column":2},"end":{"line":15,"column":49}},"type":"if","locations":[{"start":{"line":15,"column":2},"end":{"line":15,"column":49}},{"start":{},"end":{}}],"line":15},"1":{"loc":{"start":{"line":18,"column":4},"end":{"line":18,"column":54}},"type":"if","locations":[{"start":{"line":18,"column":4},"end":{"line":18,"column":54}},{"start":{},"end":{}}],"line":18}},"s":{"0":3,"1":3,"2":3,"3":3,"4":3,"5":30,"6":30,"7":30,"8":3,"9":4,"10":1,"11":3,"12":3,"13":3,"14":5,"15":2,"16":1},"f":{"0":3,"1":4},"b":{"0":[1,3],"1":[2,3]},"_coverageSchema":"1a1c01bbd47fc00a2c39e90264f33305004495a9","hash":"c42b2f7c28b799822d2e552221109cf3dbb6f5f1"}
,"C:\\Users\\Admin\\Desktop\\OneDrive\\CodeItems\\2_FullStack\\3_JavaScript\\javascript-course-pdfs\\11_Pratice\\Practice_Solution\\3_ARRAY\\ARRAY-12-FIND.js": {"path":"C:\\Users\\Admin\\Desktop\\OneDrive\\CodeItems\\2_FullStack\\3_JavaScript\\javascript-course-pdfs\\11_Pratice\\Practice_Solution\\3_ARRAY\\ARRAY-12-FIND.js","statementMap":{"0":{"start":{"line":2,"column":2},"end":{"line":2,"column":55}},"1":{"start":{"line":2,"column":35},"end":{"line":2,"column":55}},"2":{"start":{"line":3,"column":2},"end":{"line":3,"column":49}},"3":{"start":{"line":3,"column":32},"end":{"line":3,"column":49}},"4":{"start":{"line":4,"column":2},"end":{"line":6,"column":5}},"5":{"start":{"line":5,"column":4},"end":{"line":5,"column":63}},"6":{"start":{"line":7,"column":15},"end":{"line":7,"column":65}},"7":{"start":{"line":8,"column":2},"end":{"line":10,"column":3}},"8":{"start":{"line":8,"column":15},"end":{"line":8,"column":37}},"9":{"start":{"line":9,"column":4},"end":{"line":9,"column":93}},"10":{"start":{"line":9,"column":71},"end":{"line":9,"column":93}}},"fnMap":{"0":{"name":"findLastStudentHavingMinAvg","decl":{"start":{"line":1,"column":16},"end":{"line":1,"column":43}},"loc":{"start":{"line":1,"column":57},"end":{"line":11,"column":1}},"line":1},"1":{"name":"(anonymous_1)","decl":{"start":{"line":4,"column":19},"end":{"line":4,"column":20}},"loc":{"start":{"line":4,"column":29},"end":{"line":6,"column":3}},"line":4}},"branchMap":{"0":{"loc":{"start":{"line":2,"column":2},"end":{"line":2,"column":55}},"type":"if","locations":[{"start":{"line":2,"column":2},"end":{"line":2,"column":55}},{"start":{},"end":{}}],"line":2},"1":{"loc":{"start":{"line":3,"column":2},"end":{"line":3,"column":49}},"type":"if","locations":[{"start":{"line":3,"column":2},"end":{"line":3,"column":49}},{"start":{},"end":{}}],"line":3},"2":{"loc":{"start":{"line":9,"column":4},"end":{"line":9,"column":93}},"type":"if","locations":[{"start":{"line":9,"column":4},"end":{"line":9,"column":93}},{"start":{},"end":{}}],"line":9}},"s":{"0":3,"1":1,"2":2,"3":1,"4":1,"5":14,"6":1,"7":1,"8":1,"9":7,"10":1},"f":{"0":3,"1":14},"b":{"0":[1,2],"1":[1,1],"2":[1,6]},"_coverageSchema":"1a1c01bbd47fc00a2c39e90264f33305004495a9","hash":"5e04e672484b206e9f50e40af248dea63bd711d7"}
,"C:\\Users\\Admin\\Desktop\\OneDrive\\CodeItems\\2_FullStack\\3_JavaScript\\javascript-course-pdfs\\11_Pratice\\Practice_Solution\\3_ARRAY\\ARRAY-13-FIND.js": {"path":"C:\\Users\\Admin\\Desktop\\OneDrive\\CodeItems\\2_FullStack\\3_JavaScript\\javascript-course-pdfs\\11_Pratice\\Practice_Solution\\3_ARRAY\\ARRAY-13-FIND.js","statementMap":{"0":{"start":{"line":1,"column":21},"end":{"line":6,"column":1}},"1":{"start":{"line":9,"column":2},"end":{"line":9,"column":55}},"2":{"start":{"line":9,"column":35},"end":{"line":9,"column":55}},"3":{"start":{"line":10,"column":2},"end":{"line":10,"column":49}},"4":{"start":{"line":10,"column":32},"end":{"line":10,"column":49}},"5":{"start":{"line":11,"column":2},"end":{"line":27,"column":3}},"6":{"start":{"line":13,"column":6},"end":{"line":19,"column":15}},"7":{"start":{"line":21,"column":6},"end":{"line":25,"column":15}},"8":{"start":{"line":26,"column":4},"end":{"line":26,"column":80}},"9":{"start":{"line":26,"column":58},"end":{"line":26,"column":80}},"10":{"start":{"line":30,"column":0},"end":{"line":30,"column":39}}},"fnMap":{"0":{"name":"findStudent","decl":{"start":{"line":8,"column":16},"end":{"line":8,"column":27}},"loc":{"start":{"line":8,"column":41},"end":{"line":28,"column":1}},"line":8}},"branchMap":{"0":{"loc":{"start":{"line":9,"column":2},"end":{"line":9,"column":55}},"type":"if","locations":[{"start":{"line":9,"column":2},"end":{"line":9,"column":55}},{"start":{},"end":{}}],"line":9},"1":{"loc":{"start":{"line":10,"column":2},"end":{"line":10,"column":49}},"type":"if","locations":[{"start":{"line":10,"column":2},"end":{"line":10,"column":49}},{"start":{},"end":{}}],"line":10},"2":{"loc":{"start":{"line":13,"column":6},"end":{"line":19,"column":15}},"type":"cond-expr","locations":[{"start":{"line":18,"column":10},"end":{"line":18,"column":14}},{"start":{"line":19,"column":10},"end":{"line":19,"column":15}}],"line":13},"3":{"loc":{"start":{"line":21,"column":6},"end":{"line":25,"column":15}},"type":"cond-expr","locations":[{"start":{"line":24,"column":10},"end":{"line":24,"column":14}},{"start":{"line":25,"column":10},"end":{"line":25,"column":15}}],"line":21},"4":{"loc":{"start":{"line":21,"column":6},"end":{"line":23,"column":42}},"type":"binary-expr","locations":[{"start":{"line":21,"column":6},"end":{"line":21,"column":35}},{"start":{"line":22,"column":6},"end":{"line":22,"column":38}},{"start":{"line":23,"column":6},"end":{"line":23,"column":42}}],"line":21},"5":{"loc":{"start":{"line":26,"column":4},"end":{"line":26,"column":80}},"type":"if","locations":[{"start":{"line":26,"column":4},"end":{"line":26,"column":80}},{"start":{},"end":{}}],"line":26},"6":{"loc":{"start":{"line":26,"column":8},"end":{"line":26,"column":56}},"type":"binary-expr","locations":[{"start":{"line":26,"column":8},"end":{"line":26,"column":31}},{"start":{"line":26,"column":35},"end":{"line":26,"column":56}}],"line":26}},"s":{"0":1,"1":4,"2":1,"3":3,"4":1,"5":2,"6":6,"7":6,"8":6,"9":2,"10":1},"f":{"0":4},"b":{"0":[1,3],"1":[1,2],"2":[4,2],"3":[4,2],"4":[6,2,2],"5":[2,4],"6":[6,4]},"_coverageSchema":"1a1c01bbd47fc00a2c39e90264f33305004495a9","hash":"b3d1118179dbb580eecd062f9080e96961f305e1"}
,"C:\\Users\\Admin\\Desktop\\OneDrive\\CodeItems\\2_FullStack\\3_JavaScript\\javascript-course-pdfs\\11_Pratice\\Practice_Solution\\3_ARRAY\\ARRAY-14-FIND.js": {"path":"C:\\Users\\Admin\\Desktop\\OneDrive\\CodeItems\\2_FullStack\\3_JavaScript\\javascript-course-pdfs\\11_Pratice\\Practice_Solution\\3_ARRAY\\ARRAY-14-FIND.js","statementMap":{"0":{"start":{"line":2,"column":2},"end":{"line":2,"column":55}},"1":{"start":{"line":2,"column":35},"end":{"line":2,"column":55}},"2":{"start":{"line":3,"column":2},"end":{"line":3,"column":49}},"3":{"start":{"line":3,"column":32},"end":{"line":3,"column":49}},"4":{"start":{"line":4,"column":2},"end":{"line":6,"column":3}},"5":{"start":{"line":5,"column":4},"end":{"line":5,"column":57}},"6":{"start":{"line":5,"column":35},"end":{"line":5,"column":57}}},"fnMap":{"0":{"name":"findProductHavingFreeShip","decl":{"start":{"line":1,"column":16},"end":{"line":1,"column":41}},"loc":{"start":{"line":1,"column":55},"end":{"line":7,"column":1}},"line":1}},"branchMap":{"0":{"loc":{"start":{"line":2,"column":2},"end":{"line":2,"column":55}},"type":"if","locations":[{"start":{"line":2,"column":2},"end":{"line":2,"column":55}},{"start":{},"end":{}}],"line":2},"1":{"loc":{"start":{"line":3,"column":2},"end":{"line":3,"column":49}},"type":"if","locations":[{"start":{"line":3,"column":2},"end":{"line":3,"column":49}},{"start":{},"end":{}}],"line":3},"2":{"loc":{"start":{"line":5,"column":4},"end":{"line":5,"column":57}},"type":"if","locations":[{"start":{"line":5,"column":4},"end":{"line":5,"column":57}},{"start":{},"end":{}}],"line":5}},"s":{"0":3,"1":1,"2":2,"3":1,"4":1,"5":2,"6":1},"f":{"0":3},"b":{"0":[1,2],"1":[1,1],"2":[1,1]},"_coverageSchema":"1a1c01bbd47fc00a2c39e90264f33305004495a9","hash":"767669da6e6aae8c45610d91c80403288420abbd"}
,"C:\\Users\\Admin\\Desktop\\OneDrive\\CodeItems\\2_FullStack\\3_JavaScript\\javascript-course-pdfs\\11_Pratice\\Practice_Solution\\3_ARRAY\\ARRAY-15-FIND.js": {"path":"C:\\Users\\Admin\\Desktop\\OneDrive\\CodeItems\\2_FullStack\\3_JavaScript\\javascript-course-pdfs\\11_Pratice\\Practice_Solution\\3_ARRAY\\ARRAY-15-FIND.js","statementMap":{"0":{"start":{"line":2,"column":2},"end":{"line":2,"column":55}},"1":{"start":{"line":2,"column":35},"end":{"line":2,"column":55}},"2":{"start":{"line":3,"column":2},"end":{"line":3,"column":49}},"3":{"start":{"line":3,"column":32},"end":{"line":3,"column":49}},"4":{"start":{"line":4,"column":2},"end":{"line":6,"column":3}},"5":{"start":{"line":5,"column":4},"end":{"line":5,"column":86}},"6":{"start":{"line":5,"column":64},"end":{"line":5,"column":86}}},"fnMap":{"0":{"name":"findFirstIPhone","decl":{"start":{"line":1,"column":16},"end":{"line":1,"column":31}},"loc":{"start":{"line":1,"column":45},"end":{"line":7,"column":1}},"line":1}},"branchMap":{"0":{"loc":{"start":{"line":2,"column":2},"end":{"line":2,"column":55}},"type":"if","locations":[{"start":{"line":2,"column":2},"end":{"line":2,"column":55}},{"start":{},"end":{}}],"line":2},"1":{"loc":{"start":{"line":3,"column":2},"end":{"line":3,"column":49}},"type":"if","locations":[{"start":{"line":3,"column":2},"end":{"line":3,"column":49}},{"start":{},"end":{}}],"line":3},"2":{"loc":{"start":{"line":5,"column":4},"end":{"line":5,"column":86}},"type":"if","locations":[{"start":{"line":5,"column":4},"end":{"line":5,"column":86}},{"start":{},"end":{}}],"line":5}},"s":{"0":3,"1":1,"2":2,"3":1,"4":1,"5":2,"6":1},"f":{"0":3},"b":{"0":[1,2],"1":[1,1],"2":[1,1]},"_coverageSchema":"1a1c01bbd47fc00a2c39e90264f33305004495a9","hash":"9e4e49cade23756ef34f85ffa9467ebaee80fa24"}
}
