TN:
SF:javascript-course-pdfs\11_Pratice\Practice_Solution\1_NUMBER\NUMBER-01.js
FN:1,isIncreasingNumberV1
FN:10,isIncreasingNumberV2
FNF:2
FNH:2
FNDA:15,isIncreasingNumberV1
FNDA:15,isIncreasingNumberV2
DA:2,15
DA:3,4
DA:4,4
DA:5,7
DA:7,1
DA:11,15
DA:12,4
DA:13,8
DA:14,8
DA:15,8
DA:17,1
LF:11
LH:11
BRDA:2,0,0,11
BRDA:2,0,1,4
BRDA:2,1,0,15
BRDA:2,1,1,5
BRDA:5,2,0,3
BRDA:5,2,1,4
BRDA:11,3,0,11
BRDA:11,3,1,4
BRDA:11,4,0,15
BRDA:11,4,1,5
BRDA:15,5,0,3
BRDA:15,5,1,5
BRF:12
BRH:12
end_of_record
TN:
SF:javascript-course-pdfs\11_Pratice\Practice_Solution\1_NUMBER\NUMBER-02.js
FN:1,isDecreasingNumberV1
FN:10,isDecreasingNumberV2
FNF:2
FNH:2
FNDA:15,isDecreasingNumberV1
FNDA:16,isDecreasingNumberV2
DA:2,15
DA:3,4
DA:4,4
DA:5,10
DA:7,1
DA:11,16
DA:12,5
DA:13,13
DA:14,13
DA:15,13
DA:17,2
LF:11
LH:11
BRDA:2,0,0,11
BRDA:2,0,1,4
BRDA:2,1,0,15
BRDA:2,1,1,5
BRDA:5,2,0,3
BRDA:5,2,1,7
BRDA:11,3,0,11
BRDA:11,3,1,5
BRDA:11,4,0,16
BRDA:11,4,1,6
BRDA:15,5,0,3
BRDA:15,5,1,10
BRF:12
BRH:12
end_of_record
TN:
SF:javascript-course-pdfs\11_Pratice\Practice_Solution\1_NUMBER\NUMBER-03.js
FN:1,isIncreasingNumberByDistanceV1
FN:10,isIncreasingNumberByDistanceV2
FNF:2
FNH:2
FNDA:17,isIncreasingNumberByDistanceV1
FNDA:17,isIncreasingNumberByDistanceV2
DA:2,17
DA:3,4
DA:4,4
DA:5,9
DA:7,1
DA:11,17
DA:12,4
DA:13,7
DA:14,7
DA:15,7
DA:17,1
LF:11
LH:11
BRDA:2,0,0,13
BRDA:2,0,1,4
BRDA:2,1,0,17
BRDA:2,1,1,7
BRDA:2,1,2,6
BRDA:2,1,3,5
BRDA:5,2,0,3
BRDA:5,2,1,6
BRDA:11,3,0,13
BRDA:11,3,1,4
BRDA:11,4,0,17
BRDA:11,4,1,7
BRDA:11,4,2,6
BRDA:11,4,3,5
BRDA:15,5,0,3
BRDA:15,5,1,4
BRF:16
BRH:16
end_of_record
TN:
SF:javascript-course-pdfs\11_Pratice\Practice_Solution\1_NUMBER\NUMBER-04.js
FN:1,isPrimeV1
FNF:1
FNH:1
FNDA:7,isPrimeV1
DA:2,7
DA:3,5
DA:4,4
DA:5,8
DA:7,2
LF:5
LH:5
BRDA:2,0,0,2
BRDA:2,0,1,5
BRDA:2,1,0,7
BRDA:2,1,1,6
BRDA:3,2,0,1
BRDA:3,2,1,4
BRDA:5,3,0,2
BRDA:5,3,1,6
BRF:8
BRH:8
end_of_record
TN:
SF:javascript-course-pdfs\11_Pratice\Practice_Solution\1_NUMBER\NUMBER-05.js
FN:1,isPerfectSquareV1
FNF:1
FNH:1
FNDA:12,isPerfectSquareV1
DA:2,12
DA:3,9
LF:2
LH:2
BRDA:2,0,0,3
BRDA:2,0,1,9
BRDA:2,1,0,12
BRDA:2,1,1,10
BRF:4
BRH:4
end_of_record
TN:
SF:javascript-course-pdfs\11_Pratice\Practice_Solution\1_NUMBER\NUMBER-06.js
FN:1,isPerfectNumberV1
FNF:1
FNH:1
FNDA:11,isPerfectNumberV1
DA:2,11
DA:3,9
DA:4,9
DA:5,59
DA:6,25
DA:7,25
DA:8,14
DA:12,9
LF:8
LH:8
BRDA:2,0,0,2
BRDA:2,0,1,9
BRDA:2,1,0,11
BRDA:2,1,1,10
BRDA:5,2,0,25
BRDA:5,2,1,34
BRDA:7,3,0,14
BRDA:7,3,1,11
BRDA:7,4,0,25
BRDA:7,4,1,23
BRF:10
BRH:10
end_of_record
TN:
SF:javascript-course-pdfs\11_Pratice\Practice_Solution\1_NUMBER\NUMBER-07.js
FN:1,isSymmetricNumberV1
FN:10,isSymmetricNumberV2
FNF:2
FNH:2
FNDA:19,isSymmetricNumberV1
FNDA:19,isSymmetricNumberV2
DA:2,19
DA:3,17
DA:4,9
DA:5,9
DA:6,9
DA:7,9
DA:11,19
DA:12,17
DA:13,9
DA:14,9
DA:15,9
DA:16,30
DA:17,30
DA:19,9
LF:14
LH:14
BRDA:2,0,0,2
BRDA:2,0,1,17
BRDA:2,1,0,19
BRDA:2,1,1,18
BRDA:3,2,0,8
BRDA:3,2,1,9
BRDA:11,3,0,2
BRDA:11,3,1,17
BRDA:11,4,0,19
BRDA:11,4,1,18
BRDA:12,5,0,8
BRDA:12,5,1,9
BRF:12
BRH:12
end_of_record
TN:
SF:javascript-course-pdfs\11_Pratice\Practice_Solution\1_NUMBER\NUMBER-08.js
FN:1,isDivisibleBy10V1
FN:12,isDivisibleBy10V2
FNF:2
FNH:2
FNDA:7,isDivisibleBy10V1
FNDA:7,isDivisibleBy10V2
DA:2,7
DA:3,5
DA:4,5
DA:5,17
DA:6,17
DA:8,5
DA:9,5
DA:13,7
DA:14,5
DA:15,5
DA:16,5
DA:17,17
DA:19,5
LF:13
LH:13
BRDA:2,0,0,2
BRDA:2,0,1,5
BRDA:2,1,0,7
BRDA:2,1,1,6
BRDA:13,2,0,2
BRDA:13,2,1,5
BRDA:13,3,0,7
BRDA:13,3,1,6
BRF:8
BRH:8
end_of_record
TN:
SF:javascript-course-pdfs\11_Pratice\Practice_Solution\1_NUMBER\NUMBER-09.js
FN:1,hasTwoDigitsWithSumV1
FNF:1
FNH:1
FNDA:9,hasTwoDigitsWithSumV1
DA:2,9
DA:3,5
DA:4,5
DA:5,5
DA:6,9
DA:7,9
DA:8,5
DA:9,5
DA:11,1
LF:9
LH:9
BRDA:2,0,0,4
BRDA:2,0,1,5
BRDA:2,1,0,9
BRDA:2,1,1,8
BRDA:2,1,2,7
BRDA:2,1,3,6
BRDA:7,2,0,4
BRDA:7,2,1,5
BRF:8
BRH:8
end_of_record
TN:
SF:javascript-course-pdfs\11_Pratice\Practice_Solution\2_STRING\STRING-01.js
FN:1,countWordsV1
FN:11,countWordsV2
FNF:2
FNH:2
FNDA:6,countWordsV1
FNDA:6,countWordsV2
DA:2,6
DA:3,5
DA:4,5
DA:5,5
DA:6,56
DA:8,5
DA:12,6
DA:13,5
LF:8
LH:8
BRDA:2,0,0,1
BRDA:2,0,1,5
BRDA:6,1,0,9
BRDA:6,1,1,47
BRDA:12,2,0,1
BRDA:12,2,1,5
BRF:6
BRH:6
end_of_record
TN:
SF:javascript-course-pdfs\11_Pratice\Practice_Solution\2_STRING\STRING-02.js
FN:1,statisticsWordsV1
FN:7,(anonymous_1)
FN:8,(anonymous_2)
FN:14,statisticsWordsV2
FN:18,(anonymous_4)
FN:19,(anonymous_5)
FNF:6
FNH:6
FNDA:6,statisticsWordsV1
FNDA:44,(anonymous_1)
FNDA:21,(anonymous_2)
FNDA:6,statisticsWordsV2
FNDA:52,(anonymous_4)
FNDA:21,(anonymous_5)
DA:2,6
DA:3,5
DA:4,4
DA:5,4
DA:7,44
DA:9,21
DA:11,4
DA:15,6
DA:16,5
DA:17,4
DA:18,52
DA:20,21
DA:21,21
LF:13
LH:13
BRDA:2,0,0,1
BRDA:2,0,1,5
BRDA:3,1,0,1
BRDA:3,1,1,4
BRDA:9,2,0,5
BRDA:9,2,1,16
BRDA:15,3,0,1
BRDA:15,3,1,5
BRDA:16,4,0,1
BRDA:16,4,1,4
BRDA:20,5,0,5
BRDA:20,5,1,16
BRF:12
BRH:12
end_of_record
TN:
SF:javascript-course-pdfs\11_Pratice\Practice_Solution\2_STRING\STRING-03.js
FN:1,statisticsCharactersV1
FN:4,(anonymous_1)
FN:5,(anonymous_2)
FN:13,statisticsCharactersV2
FN:17,(anonymous_4)
FN:18,(anonymous_5)
FNF:6
FNH:6
FNDA:4,statisticsCharactersV1
FNDA:38,(anonymous_1)
FNDA:38,(anonymous_2)
FNDA:4,statisticsCharactersV2
FNDA:38,(anonymous_4)
FNDA:38,(anonymous_5)
DA:2,4
DA:3,3
DA:4,38
DA:6,38
DA:7,38
DA:9,38
DA:14,4
DA:15,3
DA:16,3
DA:17,38
DA:19,38
DA:20,38
DA:23,3
LF:13
LH:13
BRDA:2,0,0,1
BRDA:2,0,1,3
BRDA:6,1,0,14
BRDA:6,1,1,24
BRDA:8,2,0,24
BRDA:8,2,1,14
BRDA:14,3,0,1
BRDA:14,3,1,3
BRDA:19,4,0,14
BRDA:19,4,1,24
BRDA:21,5,0,24
BRDA:21,5,1,14
BRF:12
BRH:12
end_of_record
TN:
SF:javascript-course-pdfs\11_Pratice\Practice_Solution\2_STRING\STRING-04.js
FN:1,countEmailsV1
FN:3,(anonymous_1)
FNF:2
FNH:2
FNDA:6,countEmailsV1
FNDA:30,(anonymous_1)
DA:2,6
DA:3,30
DA:4,5
DA:5,5
DA:6,7
DA:7,7
DA:13,5
DA:15,5
LF:8
LH:8
BRDA:2,0,0,1
BRDA:2,0,1,5
BRDA:7,1,0,5
BRDA:7,1,1,2
BRDA:8,2,0,7
BRDA:8,2,1,5
BRDA:8,2,2,3
BRDA:8,2,3,1
BRF:8
BRH:8
end_of_record
TN:
SF:javascript-course-pdfs\11_Pratice\Practice_Solution\2_STRING\STRING-05.js
FN:1,countURLs
FN:3,(anonymous_1)
FNF:2
FNH:2
FNDA:6,countURLs
FNDA:44,(anonymous_1)
DA:2,6
DA:3,44
DA:4,5
DA:5,5
DA:7,5
DA:13,5
DA:15,4
DA:18,4
DA:19,3
DA:20,3
DA:22,5
LF:11
LH:11
BRDA:2,0,0,1
BRDA:2,0,1,5
BRDA:7,1,0,4
BRDA:7,1,1,1
BRDA:7,2,0,5
BRDA:7,2,1,3
BRDA:7,2,2,3
BRDA:7,2,3,2
BRDA:13,3,0,1
BRDA:13,3,1,4
BRDA:15,4,0,3
BRDA:15,4,1,1
BRDA:15,5,0,4
BRDA:15,5,1,3
BRDA:15,5,2,1
BRDA:18,6,0,1
BRDA:18,6,1,3
BRDA:20,7,0,1
BRDA:20,7,1,2
BRF:19
BRH:19
end_of_record
TN:
SF:javascript-course-pdfs\11_Pratice\Practice_Solution\2_STRING\STRING-06.js
FN:1,getDisplayedAddress
FNF:1
FNH:1
FNDA:5,getDisplayedAddress
DA:2,5
DA:3,11
DA:4,4
DA:5,4
DA:6,4
DA:7,4
DA:9,4
DA:10,4
DA:11,19
DA:13,4
DA:16,1
LF:11
LH:11
BRDA:2,0,0,1
BRDA:2,0,1,4
BRDA:4,1,0,3
BRDA:4,1,1,1
BRDA:5,2,0,4
BRDA:5,2,1,0
BRDA:6,3,0,4
BRDA:6,3,1,0
BRDA:7,4,0,4
BRDA:7,4,1,0
BRDA:12,5,0,11
BRDA:12,5,1,8
BRDA:12,6,0,19
BRDA:12,6,1,13
BRF:14
BRH:11
end_of_record
TN:
SF:javascript-course-pdfs\11_Pratice\Practice_Solution\2_STRING\STRING-07.js
FN:1,fillPath
FNF:1
FNH:1
FNDA:3,fillPath
DA:2,3
DA:3,4
DA:4,4
DA:5,4
DA:8,3
DA:10,1
LF:6
LH:6
BRDA:4,0,0,4
BRDA:4,0,1,0
BRF:2
BRH:1
end_of_record
TN:
SF:javascript-course-pdfs\11_Pratice\Practice_Solution\3_ARRAY\ARRAY-01-CD.js
FN:1,insert
FNF:1
FNH:1
FNDA:4,insert
DA:2,4
DA:3,1
DA:4,3
DA:5,2
DA:6,1
DA:7,3
LF:6
LH:6
BRDA:2,0,0,1
BRDA:2,0,1,3
BRDA:2,1,0,4
BRDA:2,1,1,3
BRDA:2,1,2,3
BRDA:4,2,0,1
BRDA:4,2,1,2
BRDA:5,3,0,1
BRDA:5,3,1,1
BRF:9
BRH:9
end_of_record
TN:
SF:javascript-course-pdfs\11_Pratice\Practice_Solution\3_ARRAY\ARRAY-01-CHECK.js
FN:1,hasEvenNumberGreaterThanN
FN:3,(anonymous_1)
FNF:2
FNH:2
FNDA:5,hasEvenNumberGreaterThanN
FNDA:7,(anonymous_1)
DA:2,5
DA:3,7
LF:2
LH:2
BRDA:2,0,0,2
BRDA:2,0,1,3
BRDA:2,1,0,5
BRDA:2,1,1,4
BRDA:3,2,0,7
BRDA:3,2,1,3
BRF:6
BRH:6
end_of_record
TN:
SF:javascript-course-pdfs\11_Pratice\Practice_Solution\3_ARRAY\ARRAY-01-COUNT.js
FN:1,countPositiveEvenNumbers
FN:3,(anonymous_1)
FNF:2
FNH:2
FNDA:4,countPositiveEvenNumbers
FNDA:15,(anonymous_1)
DA:2,4
DA:3,3
DA:4,15
DA:5,15
LF:4
LH:4
BRDA:2,0,0,1
BRDA:2,0,1,3
BRDA:4,1,0,4
BRDA:4,1,1,11
BRDA:4,2,0,15
BRDA:4,2,1,12
BRF:6
BRH:6
end_of_record
TN:
SF:javascript-course-pdfs\11_Pratice\Practice_Solution\3_ARRAY\ARRAY-01-FILTER.js
FN:1,generateNumberInRange
FNF:1
FNH:1
FNDA:4,generateNumberInRange
DA:2,4
DA:3,3
DA:4,3
DA:5,2
DA:6,12
DA:8,2
LF:6
LH:6
BRDA:2,0,0,1
BRDA:2,0,1,3
BRDA:2,1,0,4
BRDA:2,1,1,3
BRDA:4,2,0,1
BRDA:4,2,1,2
BRF:6
BRH:6
end_of_record
TN:
SF:javascript-course-pdfs\11_Pratice\Practice_Solution\3_ARRAY\ARRAY-01-FIND.js
FN:1,findMinPositive
FNF:1
FNH:1
FNDA:5,findMinPositive
DA:2,5
DA:3,4
DA:4,4
DA:5,13
DA:7,4
DA:8,3
LF:6
LH:6
BRDA:2,0,0,1
BRDA:2,0,1,4
BRDA:5,1,0,2
BRDA:5,1,1,11
BRDA:5,2,0,13
BRDA:5,2,1,7
BRDA:7,3,0,1
BRDA:7,3,1,3
BRF:8
BRH:8
end_of_record
TN:
SF:javascript-course-pdfs\11_Pratice\Practice_Solution\3_ARRAY\ARRAY-01-SUM.js
FN:1,sumEvenNumbers
FNF:1
FNH:1
FNDA:3,sumEvenNumbers
DA:2,3
DA:3,2
DA:4,2
DA:5,7
DA:7,2
LF:5
LH:5
BRDA:2,0,0,1
BRDA:2,0,1,2
BRDA:5,1,0,4
BRDA:5,1,1,3
BRDA:5,2,0,7
BRDA:5,2,1,4
BRF:6
BRH:6
end_of_record
TN:
SF:javascript-course-pdfs\11_Pratice\Practice_Solution\3_ARRAY\ARRAY-02-CD.js
FN:1,remove
FNF:1
FNH:1
FNDA:5,remove
DA:2,5
DA:3,4
DA:4,2
DA:5,1
LF:4
LH:4
BRDA:2,0,0,1
BRDA:2,0,1,4
BRDA:2,1,0,5
BRDA:2,1,1,4
BRDA:2,1,2,4
BRDA:3,2,0,2
BRDA:3,2,1,2
BRDA:3,3,0,4
BRDA:3,3,1,3
BRDA:4,4,0,1
BRDA:4,4,1,1
BRF:11
BRH:11
end_of_record
TN:
SF:javascript-course-pdfs\11_Pratice\Practice_Solution\3_ARRAY\ARRAY-02-CHECK.js
FN:1,hasOddNumberDivisibleBy3
FN:3,(anonymous_1)
FNF:2
FNH:2
FNDA:4,hasOddNumberDivisibleBy3
FNDA:13,(anonymous_1)
DA:2,4
DA:3,13
LF:2
LH:2
BRDA:2,0,0,1
BRDA:2,0,1,3
BRDA:3,1,0,13
BRDA:3,1,1,6
BRF:4
BRH:4
end_of_record
TN:
SF:javascript-course-pdfs\11_Pratice\Practice_Solution\3_ARRAY\ARRAY-02-COUNT.js
FN:1,countNumbers
FNF:1
FNH:1
FNDA:4,countNumbers
DA:2,4
DA:3,3
DA:4,3
DA:5,12
DA:7,3
LF:5
LH:5
BRDA:2,0,0,1
BRDA:2,0,1,3
BRDA:5,1,0,6
BRDA:5,1,1,6
BRF:4
BRH:4
end_of_record
TN:
SF:javascript-course-pdfs\11_Pratice\Practice_Solution\3_ARRAY\ARRAY-02-FILTER.js
FN:1,findNumbers
FNF:1
FNH:1
FNDA:4,findNumbers
DA:2,4
DA:3,3
DA:4,3
DA:5,2
DA:6,7
DA:8,2
LF:6
LH:6
BRDA:2,0,0,1
BRDA:2,0,1,3
BRDA:4,1,0,1
BRDA:4,1,1,2
BRDA:6,2,0,3
BRDA:6,2,1,4
BRF:6
BRH:6
end_of_record
TN:
SF:javascript-course-pdfs\11_Pratice\Practice_Solution\3_ARRAY\ARRAY-02-FIND.js
FN:1,findLongestWord
FN:3,(anonymous_1)
FN:11,(anonymous_2)
FNF:3
FNH:3
FNDA:5,findLongestWord
FNDA:6,(anonymous_1)
FNDA:3,(anonymous_2)
DA:2,5
DA:3,6
DA:4,4
DA:5,2
DA:6,2
DA:7,4
DA:8,1
DA:11,3
LF:8
LH:8
BRDA:2,0,0,1
BRDA:2,0,1,4
BRDA:3,1,0,6
BRDA:3,1,1,4
BRDA:4,2,0,2
BRDA:4,2,1,2
BRDA:7,3,0,1
BRDA:7,3,1,3
BRF:8
BRH:8
end_of_record
TN:
SF:javascript-course-pdfs\11_Pratice\Practice_Solution\3_ARRAY\ARRAY-02-SUM.js
FN:1,sumOfDigits
FN:5,(anonymous_1)
FN:11,sumAllDigits
FN:13,(anonymous_3)
FNF:4
FNH:4
FNDA:5,sumOfDigits
FNDA:11,(anonymous_1)
FNDA:5,sumAllDigits
FNDA:5,(anonymous_3)
DA:2,5
DA:6,11
DA:7,11
DA:12,5
DA:13,4
DA:14,5
DA:15,5
LF:7
LH:7
BRDA:12,0,0,1
BRDA:12,0,1,4
BRF:2
BRH:2
end_of_record
TN:
SF:javascript-course-pdfs\11_Pratice\Practice_Solution\3_ARRAY\ARRAY-03-CD.js
FN:1,removeStudentById
FN:3,(anonymous_1)
FNF:2
FNH:2
FNDA:4,removeStudentById
FNDA:6,(anonymous_1)
DA:2,4
DA:3,6
LF:2
LH:2
BRDA:2,0,0,1
BRDA:2,0,1,3
BRDA:2,1,0,4
BRDA:2,1,1,3
BRF:4
BRH:4
end_of_record
TN:
SF:javascript-course-pdfs\11_Pratice\Practice_Solution\3_ARRAY\ARRAY-03-CHECK.js
FN:1,hasEasyFrontend
FNF:1
FNH:1
FNDA:6,hasEasyFrontend
DA:2,6
DA:3,5
DA:4,11
DA:6,5
DA:7,5
DA:8,5
DA:9,11
DA:10,13
DA:11,13
DA:14,5
LF:10
LH:10
BRDA:2,0,0,1
BRDA:2,0,1,5
BRDA:10,1,0,3
BRDA:10,1,1,10
BRDA:11,2,0,2
BRDA:11,2,1,11
BRDA:14,3,0,5
BRDA:14,3,1,3
BRF:8
BRH:8
end_of_record
TN:
SF:javascript-course-pdfs\11_Pratice\Practice_Solution\3_ARRAY\ARRAY-03-COUNT.js
FN:1,countWords
FN:3,(anonymous_1)
FNF:2
FNH:2
FNDA:4,countWords
FNDA:6,(anonymous_1)
DA:2,4
DA:3,3
DA:4,6
DA:5,6
LF:4
LH:4
BRDA:2,0,0,1
BRDA:2,0,1,3
BRDA:2,1,0,4
BRDA:2,1,1,3
BRDA:4,2,0,3
BRDA:4,2,1,3
BRF:6
BRH:6
end_of_record
TN:
SF:javascript-course-pdfs\11_Pratice\Practice_Solution\3_ARRAY\ARRAY-03-FILTER.js
FN:1,generateFibonacci
FNF:1
FNH:1
FNDA:4,generateFibonacci
DA:2,4
DA:3,3
DA:4,2
DA:5,2
DA:6,2
DA:7,2
DA:8,2
DA:9,10
DA:10,8
DA:11,2
DA:12,8
DA:14,2
LF:12
LH:12
BRDA:2,0,0,1
BRDA:2,0,1,3
BRDA:3,1,0,1
BRDA:3,1,1,2
BRDA:9,2,0,8
BRDA:9,2,1,2
BRF:6
BRH:6
end_of_record
TN:
SF:javascript-course-pdfs\11_Pratice\Practice_Solution\3_ARRAY\ARRAY-03-FIND.js
FN:1,findFirstPositiveEven
FN:3,(anonymous_1)
FNF:2
FNH:2
FNDA:4,findFirstPositiveEven
FNDA:5,(anonymous_1)
DA:2,4
DA:3,5
LF:2
LH:2
BRDA:2,0,0,1
BRDA:2,0,1,3
BRDA:3,1,0,5
BRDA:3,1,1,5
BRF:4
BRH:4
end_of_record
TN:
SF:javascript-course-pdfs\11_Pratice\Practice_Solution\3_ARRAY\ARRAY-03-SUM.js
FN:1,getMinDigit
FN:5,sumAllMinDigits
FN:7,(anonymous_2)
FNF:3
FNH:3
FNDA:5,getMinDigit
FNDA:5,sumAllMinDigits
FNDA:5,(anonymous_2)
DA:2,5
DA:6,5
DA:7,4
DA:8,5
DA:9,5
LF:5
LH:5
BRDA:6,0,0,1
BRDA:6,0,1,4
BRF:2
BRH:2
end_of_record
TN:
SF:javascript-course-pdfs\11_Pratice\Practice_Solution\3_ARRAY\ARRAY-04-CD.js
FN:1,insert
FNF:1
FNH:1
FNDA:4,insert
DA:2,4
DA:3,3
LF:2
LH:2
BRDA:2,0,0,1
BRDA:2,0,1,3
BRDA:2,1,0,4
BRDA:2,1,1,3
BRF:4
BRH:4
end_of_record
TN:
SF:javascript-course-pdfs\11_Pratice\Practice_Solution\3_ARRAY\ARRAY-04-CHECK.js
FN:1,hasTruthy
FNF:1
FNH:1
FNDA:12,hasTruthy
DA:2,12
DA:3,11
DA:4,13
DA:6,9
LF:4
LH:4
BRDA:2,0,0,1
BRDA:2,0,1,11
BRDA:4,1,0,2
BRDA:4,1,1,11
BRF:4
BRH:4
end_of_record
TN:
SF:javascript-course-pdfs\11_Pratice\Practice_Solution\3_ARRAY\ARRAY-04-COUNT.js
FN:1,countUniqueNumbers
FN:8,(anonymous_1)
FNF:2
FNH:2
FNDA:4,countUniqueNumbers
FNDA:8,(anonymous_1)
DA:2,4
DA:3,3
DA:4,8
DA:5,13
DA:8,8
LF:5
LH:5
BRDA:2,0,0,1
BRDA:2,0,1,3
BRDA:5,1,0,6
BRDA:5,1,1,7
BRF:4
BRH:4
end_of_record
TN:
SF:javascript-course-pdfs\11_Pratice\Practice_Solution\3_ARRAY\ARRAY-04-FILTER.js
FN:1,isPrime
FN:10,generatePrimeNumbers
FNF:2
FNH:2
FNDA:37,isPrime
FNDA:6,generatePrimeNumbers
DA:2,37
DA:3,29
DA:4,26
DA:5,32
DA:7,11
DA:11,6
DA:12,5
DA:13,4
DA:14,4
DA:15,37
DA:17,4
LF:11
LH:11
BRDA:2,0,0,8
BRDA:2,0,1,29
BRDA:3,1,0,3
BRDA:3,1,1,26
BRDA:5,2,0,15
BRDA:5,2,1,17
BRDA:11,3,0,1
BRDA:11,3,1,5
BRDA:11,4,0,6
BRDA:11,4,1,5
BRDA:11,4,2,5
BRDA:12,5,0,1
BRDA:12,5,1,4
BRDA:15,6,0,14
BRDA:15,6,1,23
BRF:15
BRH:15
end_of_record
TN:
SF:javascript-course-pdfs\11_Pratice\Practice_Solution\3_ARRAY\ARRAY-04-FIND.js
FN:1,findLastNegativeOdd
FNF:1
FNH:1
FNDA:4,findLastNegativeOdd
DA:2,4
DA:3,3
DA:4,5
DA:6,2
LF:4
LH:4
BRDA:2,0,0,1
BRDA:2,0,1,3
BRDA:4,1,0,1
BRDA:4,1,1,4
BRDA:4,2,0,5
BRDA:4,2,1,1
BRF:6
BRH:6
end_of_record
TN:
SF:javascript-course-pdfs\11_Pratice\Practice_Solution\3_ARRAY\ARRAY-04-SUM.js
FN:9,calcCartTotal
FNF:1
FNH:1
FNDA:4,calcCartTotal
DA:1,1
DA:8,1
DA:10,4
DA:11,3
DA:12,3
DA:13,12
DA:15,3
DA:18,1
LF:8
LH:8
BRDA:10,0,0,1
BRDA:10,0,1,3
BRF:2
BRH:2
end_of_record
TN:
SF:javascript-course-pdfs\11_Pratice\Practice_Solution\3_ARRAY\ARRAY-05-CD.js
FN:1,removeDuplicatedNumbers
FN:13,(anonymous_1)
FNF:2
FNH:2
FNDA:4,removeDuplicatedNumbers
FNDA:8,(anonymous_1)
DA:2,4
DA:3,3
DA:4,8
DA:5,8
DA:6,13
DA:7,2
DA:8,2
DA:11,8
DA:13,8
LF:9
LH:9
BRDA:2,0,0,1
BRDA:2,0,1,3
BRDA:6,1,0,2
BRDA:6,1,1,11
BRDA:11,2,0,2
BRDA:11,2,1,6
BRF:6
BRH:6
end_of_record
TN:
SF:javascript-course-pdfs\11_Pratice\Practice_Solution\3_ARRAY\ARRAY-05-CHECK.js
FN:1,hasFalsy
FNF:1
FNH:1
FNDA:13,hasFalsy
DA:2,13
DA:3,12
DA:4,13
DA:6,1
LF:4
LH:4
BRDA:2,0,0,1
BRDA:2,0,1,12
BRDA:4,1,0,11
BRDA:4,1,1,2
BRF:4
BRH:4
end_of_record
TN:
SF:javascript-course-pdfs\11_Pratice\Practice_Solution\3_ARRAY\ARRAY-05-COUNT.js
FN:1,countNumbersNotInB
FN:4,(anonymous_1)
FNF:2
FNH:2
FNDA:4,countNumbersNotInB
FNDA:9,(anonymous_1)
DA:2,4
DA:4,3
DA:5,9
DA:6,9
LF:4
LH:4
BRDA:2,0,0,1
BRDA:2,0,1,3
BRDA:2,1,0,4
BRDA:2,1,1,3
BRDA:5,2,0,5
BRDA:5,2,1,4
BRF:6
BRH:6
end_of_record
TN:
SF:javascript-course-pdfs\11_Pratice\Practice_Solution\3_ARRAY\ARRAY-05-FILTER.js
FN:1,findAllNumbers
FN:4,(anonymous_1)
FNF:2
FNH:2
FNDA:4,findAllNumbers
FNDA:7,(anonymous_1)
DA:2,4
DA:3,3
DA:4,7
DA:5,3
DA:6,3
DA:7,9
DA:9,3
LF:7
LH:7
BRDA:2,0,0,1
BRDA:2,0,1,3
BRDA:7,1,0,2
BRDA:7,1,1,7
BRF:4
BRH:4
end_of_record
TN:
SF:javascript-course-pdfs\11_Pratice\Practice_Solution\3_ARRAY\ARRAY-05-FIND.js
FN:1,findSecondLargestNumber
FN:3,(anonymous_1)
FNF:2
FNH:2
FNDA:6,findSecondLargestNumber
FNDA:9,(anonymous_1)
DA:2,6
DA:3,5
DA:4,9
DA:6,5
DA:7,7
DA:10,3
LF:6
LH:6
BRDA:2,0,0,1
BRDA:2,0,1,5
BRDA:7,1,0,2
BRDA:7,1,1,5
BRF:4
BRH:4
end_of_record
TN:
SF:javascript-course-pdfs\11_Pratice\Practice_Solution\3_ARRAY\ARRAY-06-CD.js
FN:1,uniqueArray
FN:10,(anonymous_1)
FNF:2
FNH:2
FNDA:4,uniqueArray
FNDA:30,(anonymous_1)
DA:2,4
DA:3,3
DA:4,30
DA:5,244
DA:6,233
DA:10,30
LF:6
LH:6
BRDA:2,0,0,1
BRDA:2,0,1,3
BRDA:5,1,0,233
BRDA:5,1,1,11
BRF:4
BRH:4
end_of_record
TN:
SF:javascript-course-pdfs\11_Pratice\Practice_Solution\3_ARRAY\ARRAY-06-CHECK.js
FN:1,hasStudent
FNF:1
FNH:1
FNDA:4,hasStudent
DA:2,4
DA:3,3
DA:4,5
DA:6,1
LF:4
LH:4
BRDA:2,0,0,1
BRDA:2,0,1,3
BRDA:2,1,0,4
BRDA:2,1,1,4
BRDA:4,2,0,2
BRDA:4,2,1,3
BRF:6
BRH:6
end_of_record
TN:
SF:javascript-course-pdfs\11_Pratice\Practice_Solution\3_ARRAY\ARRAY-06-COUNT.js
FN:1,countStudents
FNF:1
FNH:1
FNDA:4,countStudents
DA:2,4
DA:3,3
DA:4,3
DA:5,3
DA:6,9
DA:7,9
DA:8,16
DA:10,9
DA:12,3
LF:9
LH:9
BRDA:2,0,0,1
BRDA:2,0,1,3
BRDA:2,1,0,4
BRDA:2,1,1,3
BRDA:10,2,0,3
BRDA:10,2,1,6
BRF:6
BRH:6
end_of_record
TN:
SF:javascript-course-pdfs\11_Pratice\Practice_Solution\3_ARRAY\ARRAY-06-FILTER.js
FN:1,checkNumberStartByOdd
FN:9,findAllNumbers
FNF:2
FNH:2
FNDA:9,checkNumberStartByOdd
FNDA:4,findAllNumbers
DA:2,9
DA:6,4
DA:7,5
DA:10,4
DA:11,3
DA:12,3
DA:13,9
DA:15,3
LF:8
LH:8
BRDA:2,0,0,4
BRDA:2,0,1,5
BRDA:3,1,0,9
BRDA:3,1,1,6
BRDA:3,1,2,6
BRDA:3,1,3,2
BRDA:10,2,0,1
BRDA:10,2,1,3
BRDA:13,3,0,4
BRDA:13,3,1,5
BRF:10
BRH:10
end_of_record
TN:
SF:javascript-course-pdfs\11_Pratice\Practice_Solution\3_ARRAY\ARRAY-06-FIND.js
FN:1,perfectSquare
FN:5,findLastPerfectSquare
FNF:2
FNH:2
FNDA:6,perfectSquare
FNDA:6,findLastPerfectSquare
DA:2,6
DA:6,6
DA:7,5
DA:8,6
DA:10,1
LF:5
LH:5
BRDA:2,0,0,6
BRDA:2,0,1,5
BRDA:6,1,0,1
BRDA:6,1,1,5
BRDA:8,2,0,4
BRDA:8,2,1,2
BRF:6
BRH:6
end_of_record
TN:
SF:javascript-course-pdfs\11_Pratice\Practice_Solution\3_ARRAY\ARRAY-07-CHECK.js
FN:1,hasAlice
FNF:1
FNH:1
FNDA:4,hasAlice
DA:2,4
DA:3,3
DA:4,6
DA:5,2
DA:7,1
LF:5
LH:5
BRDA:2,0,0,1
BRDA:2,0,1,3
BRDA:4,1,0,2
BRDA:4,1,1,4
BRDA:4,2,0,6
BRDA:4,2,1,2
BRF:6
BRH:6
end_of_record
TN:
SF:javascript-course-pdfs\11_Pratice\Practice_Solution\3_ARRAY\ARRAY-07-FILTER.js
FN:1,findAllStudents
FN:3,(anonymous_1)
FNF:2
FNH:2
FNDA:4,findAllStudents
FNDA:6,(anonymous_1)
DA:2,4
DA:3,3
DA:4,6
LF:3
LH:3
BRDA:2,0,0,1
BRDA:2,0,1,3
BRF:2
BRH:2
end_of_record
TN:
SF:javascript-course-pdfs\11_Pratice\Practice_Solution\3_ARRAY\ARRAY-07-FIND.js
FN:1,findFirstEmail
FN:4,(anonymous_1)
FNF:2
FNH:2
FNDA:7,findFirstEmail
FNDA:15,(anonymous_1)
DA:2,7
DA:3,6
DA:5,15
DA:8,6
DA:9,5
DA:10,7
DA:11,7
DA:12,7
DA:13,1
DA:15,7
DA:16,6
DA:18,7
DA:19,1
DA:22,7
DA:24,1
LF:15
LH:15
BRDA:2,0,0,1
BRDA:2,0,1,6
BRDA:5,1,0,15
BRDA:5,1,1,14
BRDA:5,1,2,13
BRDA:5,1,3,6
BRDA:8,2,0,1
BRDA:8,2,1,5
BRDA:12,3,0,1
BRDA:12,3,1,6
BRDA:15,4,0,6
BRDA:15,4,1,1
BRDA:18,5,0,1
BRDA:18,5,1,6
BRDA:22,6,0,4
BRDA:22,6,1,3
BRDA:22,7,0,7
BRDA:22,7,1,5
BRF:18
BRH:18
end_of_record
TN:
SF:javascript-course-pdfs\11_Pratice\Practice_Solution\3_ARRAY\ARRAY-08-CHECK.js
FN:1,hasFreeShip
FNF:1
FNH:1
FNDA:3,hasFreeShip
DA:2,3
DA:3,2
DA:4,4
DA:6,1
LF:4
LH:4
BRDA:2,0,0,1
BRDA:2,0,1,2
BRDA:2,1,0,3
BRDA:2,1,1,3
BRDA:4,2,0,1
BRDA:4,2,1,3
BRDA:4,3,0,4
BRDA:4,3,1,2
BRF:8
BRH:8
end_of_record
TN:
SF:javascript-course-pdfs\11_Pratice\Practice_Solution\3_ARRAY\ARRAY-08-FILTER.js
FN:1,findAllProducts
FN:3,(anonymous_1)
FNF:2
FNH:2
FNDA:4,findAllProducts
FNDA:6,(anonymous_1)
DA:2,4
DA:3,3
DA:4,6
LF:3
LH:3
BRDA:2,0,0,1
BRDA:2,0,1,3
BRF:2
BRH:2
end_of_record
TN:
SF:javascript-course-pdfs\11_Pratice\Practice_Solution\3_ARRAY\ARRAY-08-FIND.js
FN:1,findLastUrl
FN:4,(anonymous_1)
FNF:2
FNH:2
FNDA:5,findLastUrl
FNDA:8,(anonymous_1)
DA:2,5
DA:3,4
DA:5,8
DA:11,4
DA:12,3
DA:13,4
DA:14,4
DA:15,4
DA:17,4
DA:18,1
DA:20,4
DA:22,1
LF:12
LH:12
BRDA:2,0,0,1
BRDA:2,0,1,4
BRDA:5,1,0,8
BRDA:5,1,1,5
BRDA:5,1,2,5
BRDA:5,1,3,2
BRDA:5,1,4,6
BRDA:5,1,5,5
BRDA:5,1,6,1
BRDA:11,2,0,1
BRDA:11,2,1,3
BRDA:14,3,0,4
BRDA:14,3,1,0
BRDA:14,4,0,4
BRDA:14,4,1,1
BRDA:17,5,0,1
BRDA:17,5,1,3
BRDA:20,6,0,2
BRDA:20,6,1,2
BRF:19
BRH:18
end_of_record
TN:
SF:javascript-course-pdfs\11_Pratice\Practice_Solution\3_ARRAY\ARRAY-09-CHECK.js
FN:1,compare
FN:5,isIncreasingNumberList
FNF:2
FNH:2
FNDA:12,compare
FNDA:5,isIncreasingNumberList
DA:2,12
DA:6,5
DA:7,4
DA:8,12
DA:10,2
LF:5
LH:5
BRDA:6,0,0,1
BRDA:6,0,1,4
BRDA:8,1,0,2
BRDA:8,1,1,10
BRF:4
BRH:4
end_of_record
TN:
SF:javascript-course-pdfs\11_Pratice\Practice_Solution\3_ARRAY\ARRAY-09-FILTER.js
FN:1,findAllIphone
FN:3,(anonymous_1)
FNF:2
FNH:2
FNDA:4,findAllIphone
FNDA:6,(anonymous_1)
DA:2,4
DA:3,3
DA:4,6
LF:3
LH:3
BRDA:2,0,0,1
BRDA:2,0,1,3
BRDA:4,1,0,6
BRDA:4,1,1,5
BRF:4
BRH:4
end_of_record
TN:
SF:javascript-course-pdfs\11_Pratice\Practice_Solution\3_ARRAY\ARRAY-09-FIND.js
FN:1,findStudentById
FNF:1
FNH:1
FNDA:4,findStudentById
DA:2,4
DA:3,3
DA:4,2
DA:5,6
DA:7,1
LF:5
LH:5
BRDA:2,0,0,1
BRDA:2,0,1,3
BRDA:3,1,0,1
BRDA:3,1,1,2
BRDA:5,2,0,1
BRDA:5,2,1,5
BRF:6
BRH:6
end_of_record
TN:
SF:javascript-course-pdfs\11_Pratice\Practice_Solution\3_ARRAY\ARRAY-10-CHECK.js
FN:1,compare
FN:5,isDecreasingNumberList
FNF:2
FNH:2
FNDA:17,compare
FNDA:5,isDecreasingNumberList
DA:2,17
DA:6,5
DA:7,4
DA:8,17
DA:10,2
LF:5
LH:5
BRDA:6,0,0,1
BRDA:6,0,1,4
BRDA:8,1,0,2
BRDA:8,1,1,15
BRF:4
BRH:4
end_of_record
TN:
SF:javascript-course-pdfs\11_Pratice\Practice_Solution\3_ARRAY\ARRAY-10-FIND.js
FN:1,findProductByCode
FNF:1
FNH:1
FNDA:4,findProductByCode
DA:2,4
DA:3,3
DA:4,2
DA:5,4
DA:7,1
LF:5
LH:5
BRDA:2,0,0,1
BRDA:2,0,1,3
BRDA:3,1,0,1
BRDA:3,1,1,2
BRDA:5,2,0,1
BRDA:5,2,1,3
BRF:6
BRH:6
end_of_record
TN:
SF:javascript-course-pdfs\11_Pratice\Practice_Solution\3_ARRAY\ARRAY-11-CHECK.js
FN:1,isSymmetricList
FNF:1
FNH:1
FNDA:7,isSymmetricList
DA:2,7
DA:3,6
DA:4,22
DA:6,4
LF:4
LH:4
BRDA:2,0,0,1
BRDA:2,0,1,6
BRDA:4,1,0,2
BRDA:4,1,1,20
BRF:4
BRH:4
end_of_record
TN:
SF:javascript-course-pdfs\11_Pratice\Practice_Solution\3_ARRAY\ARRAY-11-FIND.js
FN:1,findStudentHavingHighestMark
FN:4,(anonymous_1)
FNF:2
FNH:2
FNDA:3,findStudentHavingHighestMark
FNDA:4,(anonymous_1)
DA:2,3
DA:3,2
DA:4,1
DA:5,4
DA:7,1
LF:5
LH:5
BRDA:2,0,0,1
BRDA:2,0,1,2
BRDA:3,1,0,1
BRDA:3,1,1,1
BRDA:5,2,0,4
BRDA:5,2,1,2
BRF:6
BRH:6
end_of_record
TN:
SF:javascript-course-pdfs\11_Pratice\Practice_Solution\3_ARRAY\ARRAY-12-CHECK.js
FN:1,fibonacciListLowerThanN
FN:14,hasFibonacciNumber
FNF:2
FNH:2
FNDA:3,fibonacciListLowerThanN
FNDA:4,hasFibonacciNumber
DA:2,3
DA:3,3
DA:4,3
DA:5,3
DA:6,3
DA:7,30
DA:8,30
DA:9,30
DA:11,3
DA:15,4
DA:16,3
DA:17,3
DA:18,5
DA:20,1
LF:14
LH:14
BRDA:15,0,0,1
BRDA:15,0,1,3
BRDA:18,1,0,2
BRDA:18,1,1,3
BRF:4
BRH:4
end_of_record
TN:
SF:javascript-course-pdfs\11_Pratice\Practice_Solution\3_ARRAY\ARRAY-12-FIND.js
FN:1,findLastStudentHavingMinAvg
FN:4,(anonymous_1)
FNF:2
FNH:2
FNDA:3,findLastStudentHavingMinAvg
FNDA:14,(anonymous_1)
DA:2,3
DA:3,2
DA:4,1
DA:5,14
DA:7,1
DA:8,1
DA:9,7
LF:7
LH:7
BRDA:2,0,0,1
BRDA:2,0,1,2
BRDA:3,1,0,1
BRDA:3,1,1,1
BRDA:9,2,0,1
BRDA:9,2,1,6
BRF:6
BRH:6
end_of_record
TN:
SF:javascript-course-pdfs\11_Pratice\Practice_Solution\3_ARRAY\ARRAY-13-FIND.js
FN:8,findStudent
FNF:1
FNH:1
FNDA:4,findStudent
DA:1,1
DA:9,4
DA:10,3
DA:11,2
DA:13,6
DA:21,6
DA:26,6
DA:30,1
LF:8
LH:8
BRDA:9,0,0,1
BRDA:9,0,1,3
BRDA:10,1,0,1
BRDA:10,1,1,2
BRDA:13,2,0,4
BRDA:13,2,1,2
BRDA:21,3,0,4
BRDA:21,3,1,2
BRDA:21,4,0,6
BRDA:21,4,1,2
BRDA:21,4,2,2
BRDA:26,5,0,2
BRDA:26,5,1,4
BRDA:26,6,0,6
BRDA:26,6,1,4
BRF:15
BRH:15
end_of_record
TN:
SF:javascript-course-pdfs\11_Pratice\Practice_Solution\3_ARRAY\ARRAY-14-FIND.js
FN:1,findProductHavingFreeShip
FNF:1
FNH:1
FNDA:3,findProductHavingFreeShip
DA:2,3
DA:3,2
DA:4,1
DA:5,2
LF:4
LH:4
BRDA:2,0,0,1
BRDA:2,0,1,2
BRDA:3,1,0,1
BRDA:3,1,1,1
BRDA:5,2,0,1
BRDA:5,2,1,1
BRF:6
BRH:6
end_of_record
TN:
SF:javascript-course-pdfs\11_Pratice\Practice_Solution\3_ARRAY\ARRAY-15-FIND.js
FN:1,findFirstIPhone
FNF:1
FNH:1
FNDA:3,findFirstIPhone
DA:2,3
DA:3,2
DA:4,1
DA:5,2
LF:4
LH:4
BRDA:2,0,0,1
BRDA:2,0,1,2
BRDA:3,1,0,1
BRDA:3,1,1,1
BRDA:5,2,0,1
BRDA:5,2,1,1
BRF:6
BRH:6
end_of_record
